<?xml version="1.0" encoding="utf-8"?><testsuites name="pytest tests"><testsuite name="pytest" errors="0" failures="0" skipped="0" tests="30" time="8.917" timestamp="2026-06-12T10:25:07.064367+00:00" hostname="agent-env-cf63a5d2-f5af-4c12-9a56-f2ffdb7a24b1"><testcase classname="tests.test_branches_flow" name="test_branches_requires_auth" time="0.128" /><testcase classname="tests.test_branches_flow" name="test_auto_migration_creates_primary" time="0.433" /><testcase classname="tests.test_branches_flow" name="test_auto_migration_idempotent" time="0.236" /><testcase classname="tests.test_branches_flow" name="test_backfill_bookings_have_branch_id" time="0.194" /><testcase classname="tests.test_branches_flow" name="test_create_branch_ok" time="0.106" /><testcase classname="tests.test_branches_flow" name="test_create_branch_missing_required_returns_422" time="0.207" /><testcase classname="tests.test_branches_flow" name="test_create_branch_unauthenticated_returns_401_or_403" time="0.123" /><testcase classname="tests.test_branches_flow" name="test_create_branch_as_regular_user_blocked" time="0.413" /><testcase classname="tests.test_branches_flow" name="test_patch_branch_updates_fields" time="0.211" /><testcase classname="tests.test_branches_flow" name="test_patch_cross_business_not_found" time="0.104" /><testcase classname="tests.test_branches_flow" name="test_set_primary_demotes_old_and_only_one_primary" time="0.447" /><testcase classname="tests.test_branches_flow" name="test_set_primary_inactive_branch_blocked" time="0.310" /><testcase classname="tests.test_branches_flow" name="test_delete_primary_blocked" time="0.219" /><testcase classname="tests.test_branches_flow" name="test_delete_non_primary_soft_deletes" time="0.314" /><testcase classname="tests.test_branches_flow" name="test_public_branches_endpoint_no_auth" time="0.100" /><testcase classname="tests.test_branches_flow" name="test_public_branches_404_for_unknown_business" time="0.103" /><testcase classname="tests.test_branches_flow" name="test_dashboard_no_branch_returns_aggregate" time="0.100" /><testcase classname="tests.test_branches_flow" name="test_dashboard_with_branch_id_filters_stats" time="0.328" /><testcase classname="tests.test_branches_flow" name="test_dashboard_with_unknown_branch_zero_stats" time="0.104" /><testcase classname="tests.test_branches_flow" name="test_bookings_business_no_branch_returns_all" time="0.106" /><testcase classname="tests.test_branches_flow" name="test_bookings_business_with_branch_id_filters" time="0.327" /><testcase classname="tests.test_branches_flow" name="test_bookings_business_with_unknown_branch_returns_empty" time="0.098" /><testcase classname="tests.test_branches_flow" name="test_bookings_business_with_date_and_branch" time="0.214" /><testcase classname="tests.test_branches_flow" name="test_stats_detail_today_with_branch_filter" time="0.324" /><testcase classname="tests.test_branches_flow" name="test_stats_detail_unknown_branch_returns_empty" time="0.097" /><testcase classname="tests.test_branches_flow" name="test_search_expansion_business_with_multi_branches_returns_one_row_per_branch" time="0.218" /><testcase classname="tests.test_branches_flow" name="test_search_expansion_single_branch_business_is_not_expanded" time="0.100" /><testcase classname="tests.test_branches_flow" name="test_search_city_filter_applies_to_branches" time="0.331" /><testcase classname="tests.test_branches_flow" name="test_booking_post_with_branch_id_persists" time="1.541" /><testcase classname="tests.test_branches_flow" name="test_booking_post_without_branch_id_auto_assigns_primary" time="1.320" /></testsuite></testsuites>