<?xml version="1.0" encoding="utf-8"?><testsuites name="pytest tests"><testsuite name="pytest" errors="0" failures="0" skipped="0" tests="25" time="5.692" timestamp="2026-06-12T09:57:14.711438+00:00" hostname="agent-env-cf63a5d2-f5af-4c12-9a56-f2ffdb7a24b1"><testcase classname="tests.test_branches_flow" name="test_branches_requires_auth" time="0.252" /><testcase classname="tests.test_branches_flow" name="test_auto_migration_creates_primary" time="0.477" /><testcase classname="tests.test_branches_flow" name="test_auto_migration_idempotent" time="0.215" /><testcase classname="tests.test_branches_flow" name="test_backfill_bookings_have_branch_id" time="0.185" /><testcase classname="tests.test_branches_flow" name="test_create_branch_ok" time="0.107" /><testcase classname="tests.test_branches_flow" name="test_create_branch_missing_required_returns_422" time="0.240" /><testcase classname="tests.test_branches_flow" name="test_create_branch_unauthenticated_returns_401_or_403" time="0.097" /><testcase classname="tests.test_branches_flow" name="test_create_branch_as_regular_user_blocked" time="0.427" /><testcase classname="tests.test_branches_flow" name="test_patch_branch_updates_fields" time="0.209" /><testcase classname="tests.test_branches_flow" name="test_patch_cross_business_not_found" time="0.106" /><testcase classname="tests.test_branches_flow" name="test_set_primary_demotes_old_and_only_one_primary" time="0.443" /><testcase classname="tests.test_branches_flow" name="test_set_primary_inactive_branch_blocked" time="0.367" /><testcase classname="tests.test_branches_flow" name="test_delete_primary_blocked" time="0.206" /><testcase classname="tests.test_branches_flow" name="test_delete_non_primary_soft_deletes" time="0.322" /><testcase classname="tests.test_branches_flow" name="test_public_branches_endpoint_no_auth" time="0.101" /><testcase classname="tests.test_branches_flow" name="test_public_branches_404_for_unknown_business" time="0.099" /><testcase classname="tests.test_branches_flow" name="test_dashboard_no_branch_returns_aggregate" time="0.102" /><testcase classname="tests.test_branches_flow" name="test_dashboard_with_branch_id_filters_stats" time="0.325" /><testcase classname="tests.test_branches_flow" name="test_dashboard_with_unknown_branch_zero_stats" time="0.103" /><testcase classname="tests.test_branches_flow" name="test_bookings_business_no_branch_returns_all" time="0.102" /><testcase classname="tests.test_branches_flow" name="test_bookings_business_with_branch_id_filters" time="0.310" /><testcase classname="tests.test_branches_flow" name="test_bookings_business_with_unknown_branch_returns_empty" time="0.104" /><testcase classname="tests.test_branches_flow" name="test_bookings_business_with_date_and_branch" time="0.226" /><testcase classname="tests.test_branches_flow" name="test_stats_detail_today_with_branch_filter" time="0.301" /><testcase classname="tests.test_branches_flow" name="test_stats_detail_unknown_branch_returns_empty" time="0.103" /></testsuite></testsuites>