<?xml version="1.0" encoding="utf-8"?><testsuites name="pytest tests"><testsuite name="pytest" errors="0" failures="0" skipped="0" tests="10" time="1.756" timestamp="2026-06-25T05:08:22.979585+00:00" hostname="agent-env-cf63a5d2-f5af-4c12-9a56-f2ffdb7a24b1"><testcase classname="tests.test_business_photos_fix.TestBusinessDetailPhotos" name="test_detail_returns_photos_with_current_base_url_host" time="0.017" /><testcase classname="tests.test_business_photos_fix.TestBusinessDetailPhotos" name="test_detail_photos_only_reference_live_storage" time="0.010" /><testcase classname="tests.test_business_photos_fix.TestBusinessDetailPhotos" name="test_each_returned_photo_url_is_accessible" time="1.164" /><testcase classname="tests.test_business_photos_fix.TestServeFile" name="test_deleted_photo_returns_404" time="0.005" /><testcase classname="tests.test_business_photos_fix.TestServeFile" name="test_unknown_path_returns_404" time="0.004" /><testcase classname="tests.test_business_photos_fix.TestServeFile" name="test_storage_path_lookup_returns_200_for_live_photo" time="0.161" /><testcase classname="tests.test_business_photos_fix.TestListingPhotos" name="test_list_businesses_does_not_expose_stale_host" time="0.016" /><testcase classname="tests.test_business_photos_fix.TestListingPhotos" name="test_featured_mx_does_not_expose_stale_host" time="0.006" /><testcase classname="tests.test_business_photos_fix.TestListingPhotos" name="test_featured_mx_photo_urls_accessible" time="0.291" /><testcase classname="tests.test_business_photos_fix.TestCORSRegression" name="test_cors_https_localhost_origin_still_echoed" time="0.008" /></testsuite></testsuites>