<?xml version="1.0" encoding="utf-8"?><testsuites name="pytest tests"><testsuite name="pytest" errors="0" failures="0" skipped="0" tests="24" time="0.254" timestamp="2026-06-25T06:28:24.652890+00:00" hostname="agent-env-cf63a5d2-f5af-4c12-9a56-f2ffdb7a24b1"><testcase classname="tests.test_city_normalization.TestCityMatchKey" name="test_uppercase_collapses_to_lowercase" time="0.010" /><testcase classname="tests.test_city_normalization.TestCityMatchKey" name="test_mixed_case_collapses" time="0.000" /><testcase classname="tests.test_city_normalization.TestCityMatchKey" name="test_double_space_collapses" time="0.000" /><testcase classname="tests.test_city_normalization.TestCityMatchKey" name="test_diacritics_stripped" time="0.000" /><testcase classname="tests.test_city_normalization.TestCityMatchKey" name="test_empty_returns_empty" time="0.000" /><testcase classname="tests.test_city_normalization.TestCityMatchKey" name="test_all_three_variants_match" time="0.000" /><testcase classname="tests.test_city_normalization.TestNormalizeCityName" name="test_uppercase_normalized_to_catalog_spelling" time="0.107" /><testcase classname="tests.test_city_normalization.TestNormalizeCityName" name="test_double_space_collapsed" time="0.001" /><testcase classname="tests.test_city_normalization.TestNormalizeCityName" name="test_already_canonical_passes_through" time="0.001" /><testcase classname="tests.test_city_normalization.TestNormalizeCityName" name="test_unknown_city_titlecase_fallback" time="0.001" /><testcase classname="tests.test_city_normalization.TestNormalizeCityName" name="test_mexico_accent_handling" time="0.001" /><testcase classname="tests.test_city_normalization.TestNormalizeCityName" name="test_empty_input" time="0.000" /><testcase classname="tests.test_city_normalization.TestCitiesEndpointDedup" name="test_response_is_list" time="0.011" /><testcase classname="tests.test_city_normalization.TestCitiesEndpointDedup" name="test_no_duplicate_keys" time="0.000" /><testcase classname="tests.test_city_normalization.TestCitiesEndpointDedup" name="test_each_entry_has_business_count" time="0.000" /><testcase classname="tests.test_city_normalization.TestCitiesEndpointDedup" name="test_nuevo_laredo_dedup" time="0.000" /><testcase classname="tests.test_city_normalization.TestCitiesEndpointDedup" name="test_cdmx_accent_dedup" time="0.000" /><testcase classname="tests.test_city_normalization.TestCitiesEndpointDedup" name="test_aggregated_count_gt_one_somewhere" time="0.000" /><testcase classname="tests.test_city_normalization.TestCitiesEndpointFilter" name="test_q_filter_case_insensitive" time="0.004" /><testcase classname="tests.test_city_normalization.TestCitiesEndpointFilter" name="test_q_uppercase_query" time="0.004" /><testcase classname="tests.test_city_normalization.TestCitiesEndpointFilter" name="test_q_no_match_returns_empty" time="0.004" /><testcase classname="tests.test_city_normalization.TestBusinessesRegression" name="test_businesses_list_ok" time="0.018" /><testcase classname="tests.test_city_normalization.TestBusinessesRegression" name="test_featured_businesses_ok" time="0.005" /><testcase classname="tests.test_city_normalization.TestBusinessesRegression" name="test_cities_default_endpoint_ok" time="0.004" /></testsuite></testsuites>