<?xml version="1.0" encoding="utf-8"?><testsuites name="pytest tests"><testsuite name="pytest" errors="0" failures="1" skipped="0" tests="9" time="0.637" timestamp="2026-06-25T05:01:08.748963+00:00" hostname="agent-env-cf63a5d2-f5af-4c12-9a56-f2ffdb7a24b1"><testcase classname="tests.test_cors_and_businesses_fix.TestCORSCapacitor" name="test_get_businesses_with_capacitor_origin" time="0.016" /><testcase classname="tests.test_cors_and_businesses_fix.TestCORSCapacitor" name="test_preflight_options_capacitor_origin" time="0.002" /><testcase classname="tests.test_cors_and_businesses_fix.TestCORSCapacitor" name="test_preflight_options_capacitor_ios_origin" time="0.002" /><testcase classname="tests.test_cors_and_businesses_fix.TestBusinessesEndpoints" name="test_list_businesses_returns_array" time="0.007" /><testcase classname="tests.test_cors_and_businesses_fix.TestBusinessesEndpoints" name="test_list_businesses_limit_10_full_shape" time="0.006" /><testcase classname="tests.test_cors_and_businesses_fix.TestBusinessesEndpoints" name="test_featured_returns_at_least_one_for_mx" time="0.005" /><testcase classname="tests.test_cors_and_businesses_fix.TestBusinessesEndpoints" name="test_get_business_detail_has_photos_array" time="0.508"><failure message="AssertionError: Photo URL not accessible (404): https://reserve-stripe-test.preview.emergentagent.com/api/files/bookvia/businesses/fbb3d0e3-37f2-417b-8cfa-b7fbf24f1ee0/0854a886-e94d-4c93-aa3a-5918dbf0c27d.jfif&#10;assert 404 == 200&#10; +  where 404 = &lt;Response [404]&gt;.status_code">E   AssertionError: Photo URL not accessible (404): https://reserve-stripe-test.preview.emergentagent.com/api/files/bookvia/businesses/fbb3d0e3-37f2-417b-8cfa-b7fbf24f1ee0/0854a886-e94d-4c93-aa3a-5918dbf0c27d.jfif
    assert 404 == 200
     +  where 404 = &lt;Response [404]&gt;.status_code</failure></testcase><testcase classname="tests.test_cors_and_businesses_fix.TestBusinessesEndpoints" name="test_sort_nearest_orders_by_distance" time="0.014" /><testcase classname="tests.test_cors_and_businesses_fix.TestCategories" name="test_categories_returns_list" time="0.011" /></testsuite></testsuites>