<?xml version="1.0" encoding="utf-8"?><testsuites name="pytest tests"><testsuite name="pytest" errors="0" failures="0" skipped="0" tests="9" time="2.160" timestamp="2026-06-09T10:11:16.629642+00:00" hostname="agent-env-cf63a5d2-f5af-4c12-9a56-f2ffdb7a24b1"><testcase classname="tests.test_decommission_flow" name="test_status_endpoint_alive" time="0.580" /><testcase classname="tests.test_decommission_flow" name="test_non_admin_decommission_forbidden" time="0.519" /><testcase classname="tests.test_decommission_flow" name="test_non_admin_reactivate_forbidden" time="0.144" /><testcase classname="tests.test_decommission_flow" name="test_decommission_returns_csv_and_filename" time="0.133" /><testcase classname="tests.test_decommission_flow" name="test_business_now_decommissioned_in_db" time="0.001" /><testcase classname="tests.test_decommission_flow" name="test_double_decommission_rejected" time="0.112" /><testcase classname="tests.test_decommission_flow" name="test_reactivate_restores_approved" time="0.138" /><testcase classname="tests.test_decommission_flow" name="test_decommission_unknown_business_404" time="0.112" /><testcase classname="tests.test_decommission_flow" name="test_share_business_and_notification_regressions" time="0.218" /></testsuite></testsuites>