<?xml version="1.0" encoding="utf-8"?><testsuites name="pytest tests"><testsuite name="pytest" errors="0" failures="0" skipped="0" tests="12" time="7.934" timestamp="2026-05-03T04:09:50.488283+00:00" hostname="agent-env-cf63a5d2-f5af-4c12-9a56-f2ffdb7a24b1"><testcase classname="tests.test_fase10d_arco_rco" name="test_marketing_consent_requires_auth" time="0.271" /><testcase classname="tests.test_fase10d_arco_rco" name="test_marketing_consent_opt_out_true_persists" time="0.371" /><testcase classname="tests.test_fase10d_arco_rco" name="test_marketing_consent_opt_out_false_persists" time="0.566" /><testcase classname="tests.test_fase10d_arco_rco" name="test_delete_account_requires_auth" time="0.158" /><testcase classname="tests.test_fase10d_arco_rco" name="test_delete_wrong_confirmation_returns_400" time="0.336" /><testcase classname="tests.test_fase10d_arco_rco" name="test_delete_wrong_password_returns_401" time="0.550" /><testcase classname="tests.test_fase10d_arco_rco" name="test_delete_business_owner_blocked" time="0.562" /><testcase classname="tests.test_fase10d_arco_rco" name="test_delete_business_manager_allowed" time="0.986" /><testcase classname="tests.test_fase10d_arco_rco" name="test_delete_blocked_by_active_bookings" time="0.573" /><testcase classname="tests.test_fase10d_arco_rco" name="test_delete_blocked_by_wallet_balance" time="0.602" /><testcase classname="tests.test_fase10d_arco_rco" name="test_delete_success_full_redaction_and_side_effects" time="1.442" /><testcase classname="tests.test_fase10d_arco_rco" name="test_login_blocked_post_delete" time="1.373" /></testsuite></testsuites>