<?xml version="1.0" encoding="utf-8"?><testsuites name="pytest tests"><testsuite name="pytest" errors="0" failures="0" skipped="0" tests="31" time="2.687" timestamp="2026-05-02T02:26:16.772858+00:00" hostname="agent-env-cf63a5d2-f5af-4c12-9a56-f2ffdb7a24b1"><testcase classname="tests.test_fase5_strikes.TestDetermineSeverity" name="test_first_strike_regular_cancellation_warning" time="0.696" /><testcase classname="tests.test_fase5_strikes.TestDetermineSeverity" name="test_first_strike_late_cancellation_minor" time="0.000" /><testcase classname="tests.test_fase5_strikes.TestDetermineSeverity" name="test_first_strike_no_show_business_minor" time="0.000" /><testcase classname="tests.test_fase5_strikes.TestDetermineSeverity" name="test_first_strike_dispute_lost_minor" time="0.000" /><testcase classname="tests.test_fase5_strikes.TestDetermineSeverity" name="test_second_strike_minor_regardless_of_reason" time="0.000" /><testcase classname="tests.test_fase5_strikes.TestDetermineSeverity" name="test_third_strike_suspension_7d" time="0.000" /><testcase classname="tests.test_fase5_strikes.TestDetermineSeverity" name="test_fourth_strike_suspension_30d" time="0.000" /><testcase classname="tests.test_fase5_strikes.TestDetermineSeverity" name="test_fifth_strike_in_90d_permanent_ban" time="0.000" /><testcase classname="tests.test_fase5_strikes.TestIssueStrike" name="test_warning_first_strike_no_penalty" time="0.007" /><testcase classname="tests.test_fase5_strikes.TestIssueStrike" name="test_minor_first_with_severe_reason_adds_pending_penalty" time="0.003" /><testcase classname="tests.test_fase5_strikes.TestIssueStrike" name="test_progressive_escalation_to_suspension_7d" time="0.005" /><testcase classname="tests.test_fase5_strikes.TestIssueStrike" name="test_escalation_30d_then_permanent_ban" time="0.008" /><testcase classname="tests.test_fase5_strikes.TestIssueStrike" name="test_invalid_reason_raises" time="0.000" /><testcase classname="tests.test_fase5_strikes.TestIssueStrike" name="test_unknown_business_raises" time="0.001" /><testcase classname="tests.test_fase5_strikes.TestListAndOrdering" name="test_list_business_strikes_desc" time="0.036" /><testcase classname="tests.test_fase5_strikes.TestTrustScore" name="test_new_business_provisional_good" time="0.000" /><testcase classname="tests.test_fase5_strikes.TestTrustScore" name="test_excellent_high_rating_no_strikes" time="0.000" /><testcase classname="tests.test_fase5_strikes.TestTrustScore" name="test_strikes_drop_score" time="0.000" /><testcase classname="tests.test_fase5_strikes.TestLiftExpiredSuspensions" name="test_lifts_expired_but_not_permanent" time="0.002" /><testcase classname="tests.test_fase5_strikes.TestBusinessFinanceStrikesEndpoint" name="test_get_business_strikes" time="0.112" /><testcase classname="tests.test_fase5_strikes.TestAdminStrikesEndpoints" name="test_list_all_strikes" time="0.454" /><testcase classname="tests.test_fase5_strikes.TestAdminStrikesEndpoints" name="test_filter_by_business" time="0.105" /><testcase classname="tests.test_fase5_strikes.TestAdminStrikesEndpoints" name="test_admin_issue_strike_creates_audit_log" time="0.147" /><testcase classname="tests.test_fase5_strikes.TestAdminStrikesEndpoints" name="test_admin_issue_strike_missing_business_id_returns_400" time="0.137" /><testcase classname="tests.test_fase5_strikes.TestAdminStrikesEndpoints" name="test_admin_clear_strike_recomputes_and_lifts" time="0.219" /><testcase classname="tests.test_fase5_strikes.TestAdminStrikesEndpoints" name="test_admin_clear_minor_decrements_pending_penalty" time="0.116" /><testcase classname="tests.test_fase5_strikes.TestPublicTrustScoreEndpoint" name="test_public_trust_score" time="0.110" /><testcase classname="tests.test_fase5_strikes.TestPublicTrustScoreEndpoint" name="test_unknown_business_returns_404" time="0.117" /><testcase classname="tests.test_fase5_strikes.TestVisibilityFilter" name="test_featured_excludes_suspended_active" time="0.132" /><testcase classname="tests.test_fase5_strikes.TestVisibilityFilter" name="test_featured_excludes_banned" time="0.110" /><testcase classname="tests.test_fase5_strikes.TestVisibilityFilter" name="test_featured_includes_when_suspension_passed" time="0.004" /></testsuite></testsuites>