<?xml version="1.0" encoding="utf-8"?><testsuites name="pytest tests"><testsuite name="pytest" errors="0" failures="0" skipped="0" tests="7" time="1.303" timestamp="2026-05-03T03:48:53.392079+00:00" hostname="agent-env-cf63a5d2-f5af-4c12-9a56-f2ffdb7a24b1"><testcase classname="tests.test_fase10c_data_export" name="test_unauth_returns_401" time="0.361" /><testcase classname="tests.test_fase10c_data_export" name="test_headers_and_download_contract" time="0.129" /><testcase classname="tests.test_fase10c_data_export" name="test_client_payload_shape_and_sanitization" time="0.146" /><testcase classname="tests.test_fase10c_data_export" name="test_business_owner_has_business_extras" time="0.121" /><testcase classname="tests.test_fase10c_data_export" name="test_business_manager_behavior_follows_business_id" time="0.138" /><testcase classname="tests.test_fase10c_data_export" name="test_audit_log_inserted" time="0.127" /><testcase classname="tests.test_fase10c_data_export" name="test_export_only_own_data" time="0.113" /></testsuite></testsuites>