<?xml version="1.0" encoding="utf-8"?><testsuites name="pytest tests"><testsuite name="pytest" errors="0" failures="0" skipped="0" tests="24" time="3.522" timestamp="2026-05-03T04:34:07.416623+00:00" hostname="agent-env-cf63a5d2-f5af-4c12-9a56-f2ffdb7a24b1"><testcase classname="tests.test_fase11_payments_hardening.TestWebhookIdempotency" name="test_skipped_when_event_already_processed" time="0.160" /><testcase classname="tests.test_fase11_payments_hardening.TestWebhookIdempotency" name="test_first_time_then_duplicate" time="0.230" /><testcase classname="tests.test_fase11_payments_hardening.TestChargeRefunded" name="test_full_refund_updates_tx" time="0.118" /><testcase classname="tests.test_fase11_payments_hardening.TestChargeRefunded" name="test_partial_refund_updates_tx" time="0.108" /><testcase classname="tests.test_fase11_payments_hardening.TestDisputeCreated" name="test_dispute_created_flags_tx_and_freezes_payout" time="0.105" /><testcase classname="tests.test_fase11_payments_hardening.TestDisputeCreated" name="test_dispute_closed_lost_sets_refunded" time="0.111" /><testcase classname="tests.test_fase11_payments_hardening.TestDisputeCreated" name="test_dispute_closed_won_sets_available" time="0.107" /><testcase classname="tests.test_fase11_payments_hardening.TestPaymentFailed" name="test_payment_failed_marks_tx_and_notifies_user" time="0.119" /><testcase classname="tests.test_fase11_payments_hardening.TestCheckoutExpired" name="test_session_expired_transitions_tx_and_booking" time="0.112" /><testcase classname="tests.test_fase11_payments_hardening.TestCheckoutExpired" name="test_session_expired_reverts_wallet_when_applied" time="0.123" /><testcase classname="tests.test_fase11_payments_hardening.TestAdminManualRefund" name="test_missing_booking_returns_404" time="0.456" /><testcase classname="tests.test_fase11_payments_hardening.TestAdminManualRefund" name="test_invalid_amount_returns_400" time="0.112" /><testcase classname="tests.test_fase11_payments_hardening.TestAdminManualRefund" name="test_short_reason_returns_400" time="0.125" /><testcase classname="tests.test_fase11_payments_hardening.TestAdminManualRefund" name="test_invalid_destination_returns_400" time="0.112" /><testcase classname="tests.test_fase11_payments_hardening.TestAdminManualRefund" name="test_no_auth_returns_401_or_403" time="0.104" /><testcase classname="tests.test_fase11_payments_hardening.TestAdminManualRefund" name="test_wallet_destination_credits_wallet_and_updates_tx" time="0.124" /><testcase classname="tests.test_fase11_payments_hardening.TestAdminManualRefund" name="test_card_destination_invokes_stripe_and_may_502" time="0.401" /><testcase classname="tests.test_fase11_payments_hardening.TestAdminPayoutHold" name="test_set_hold_true" time="0.112" /><testcase classname="tests.test_fase11_payments_hardening.TestAdminPayoutHold" name="test_release_hold" time="0.130" /><testcase classname="tests.test_fase11_payments_hardening.TestAdminPayoutHold" name="test_business_not_found_returns_404" time="0.113" /><testcase classname="tests.test_fase11_payments_hardening.TestStripeRefundsService" name="test_record_stripe_event_idempotent" time="0.216" /><testcase classname="tests.test_fase11_payments_hardening.TestStripeRefundsService" name="test_issue_stripe_refund_idempotency_key" time="0.006" /><testcase classname="tests.test_fase11_payments_hardening.TestStripeRefundsService" name="test_issue_stripe_refund_respects_card_portion" time="0.001" /><testcase classname="tests.test_fase11_payments_hardening.TestExpireHoldsTask" name="test_expires_stale_hold_bookings" time="0.054" /></testsuite></testsuites>