<?xml version="1.0" encoding="utf-8"?><testsuites name="pytest tests"><testsuite name="pytest" errors="0" failures="0" skipped="0" tests="17" time="2.675" timestamp="2026-05-02T07:18:08.938096+00:00" hostname="agent-env-cf63a5d2-f5af-4c12-9a56-f2ffdb7a24b1"><testcase classname="tests.test_fase9_day20_settlements.TestGenerateDay20Direct" name="test_skipped_when_not_day20_and_no_force" time="0.286" /><testcase classname="tests.test_fase9_day20_settlements.TestGenerateDay20Direct" name="test_force_creates_settlements_and_stamps_txs" time="0.401" /><testcase classname="tests.test_fase9_day20_settlements.TestGenerateDay20Direct" name="test_idempotent_second_run" time="0.002" /><testcase classname="tests.test_fase9_day20_settlements.TestGenerateDay20Direct" name="test_email_logged_for_each_settled_biz" time="0.001" /><testcase classname="tests.test_fase9_day20_settlements.TestGenerateDay20Direct" name="test_push_notification_to_owner_not_manager" time="0.001" /><testcase classname="tests.test_fase9_day20_settlements.TestGenerateEndpointAuth" name="test_no_token_unauthorized" time="0.248" /><testcase classname="tests.test_fase9_day20_settlements.TestGenerateEndpointAuth" name="test_client_token_forbidden" time="0.101" /><testcase classname="tests.test_fase9_day20_settlements.TestGenerateEndpointAuth" name="test_business_token_forbidden" time="0.149" /><testcase classname="tests.test_fase9_day20_settlements.TestGenerateEndpointBehavior" name="test_without_force_skipped_when_not_day20" time="0.491" /><testcase classname="tests.test_fase9_day20_settlements.TestGenerateEndpointBehavior" name="test_with_force_runs" time="0.147" /><testcase classname="tests.test_fase9_day20_settlements.TestExportSpeiCsv" name="test_no_token_unauthorized" time="0.121" /><testcase classname="tests.test_fase9_day20_settlements.TestExportSpeiCsv" name="test_client_token_forbidden" time="0.116" /><testcase classname="tests.test_fase9_day20_settlements.TestExportSpeiCsv" name="test_csv_headers_and_content" time="0.114" /><testcase classname="tests.test_fase9_day20_settlements.TestExportSpeiCsv" name="test_csv_escapes_commas_and_quotes" time="0.108" /><testcase classname="tests.test_fase9_day20_settlements.TestExportSpeiCsv" name="test_status_filter_pending_default" time="0.213" /><testcase classname="tests.test_fase9_day20_settlements.TestScheduler" name="test_scheduler_logged_in_supervisor_logs" time="0.011" /><testcase classname="tests.test_fase9_day20_settlements.TestScheduler" name="test_scheduler_task_registered_in_startup" time="0.003" /></testsuite></testsuites>