<?xml version="1.0" encoding="utf-8"?><testsuites name="pytest tests"><testsuite name="pytest" errors="0" failures="0" skipped="0" tests="26" time="3.954" timestamp="2026-05-03T05:28:17.647049+00:00" hostname="agent-env-cf63a5d2-f5af-4c12-9a56-f2ffdb7a24b1"><testcase classname="tests.test_fase12_admin_panel.TestAuthGate" name="test_no_token_rejected[GET-/api/admin/platform/pnl]" time="0.195" /><testcase classname="tests.test_fase12_admin_panel.TestAuthGate" name="test_no_token_rejected[POST-/api/admin/platform/reconcile-stripe]" time="0.114" /><testcase classname="tests.test_fase12_admin_panel.TestAuthGate" name="test_no_token_rejected[GET-/api/admin/platform/reconciliation-issues]" time="0.105" /><testcase classname="tests.test_fase12_admin_panel.TestAuthGate" name="test_no_token_rejected[GET-/api/admin/security/locked-accounts]" time="0.108" /><testcase classname="tests.test_fase12_admin_panel.TestAuthGate" name="test_no_token_rejected[POST-/api/admin/security/unlock]" time="0.106" /><testcase classname="tests.test_fase12_admin_panel.TestAuthGate" name="test_no_token_rejected[GET-/api/admin/terms/stats]" time="0.119" /><testcase classname="tests.test_fase12_admin_panel.TestAuthGate" name="test_no_token_rejected[GET-/api/admin/terms/pending-users]" time="0.114" /><testcase classname="tests.test_fase12_admin_panel.TestAuthGate" name="test_no_token_rejected[GET-/api/admin/compliance/arco-events]" time="0.108" /><testcase classname="tests.test_fase12_admin_panel.TestAuthGate" name="test_no_token_rejected[GET-/api/admin/finance/refunds]" time="0.101" /><testcase classname="tests.test_fase12_admin_panel.TestAuthGate" name="test_no_token_rejected[GET-/api/admin/stripe/webhook-events]" time="0.100" /><testcase classname="tests.test_fase12_admin_panel.TestPlatformPnl" name="test_pnl_default" time="0.452" /><testcase classname="tests.test_fase12_admin_panel.TestPlatformPnl" name="test_pnl_days_param" time="0.117" /><testcase classname="tests.test_fase12_admin_panel.TestReconciliation" name="test_reconciliation_issues_shape" time="0.106" /><testcase classname="tests.test_fase12_admin_panel.TestReconciliation" name="test_reconcile_stripe_bad_date" time="0.112" /><testcase classname="tests.test_fase12_admin_panel.TestReconciliation" name="test_reconcile_stripe_ok_or_graceful_fail" time="0.425" /><testcase classname="tests.test_fase12_admin_panel.TestSecurityLockouts" name="test_locked_accounts_lists_seeded" time="0.114" /><testcase classname="tests.test_fase12_admin_panel.TestSecurityLockouts" name="test_unlock_404_for_unknown_key" time="0.112" /><testcase classname="tests.test_fase12_admin_panel.TestSecurityLockouts" name="test_unlock_removes_entry_and_audits" time="0.224" /><testcase classname="tests.test_fase12_admin_panel.TestTermsStats" name="test_terms_stats_shape" time="0.113" /><testcase classname="tests.test_fase12_admin_panel.TestTermsStats" name="test_pending_users_shape" time="0.127" /><testcase classname="tests.test_fase12_admin_panel.TestArcoEvents" name="test_arco_events_shape" time="0.105" /><testcase classname="tests.test_fase12_admin_panel.TestRefundsAudit" name="test_refunds_shape" time="0.113" /><testcase classname="tests.test_fase12_admin_panel.TestWebhookEventsLog" name="test_webhook_events_shape" time="0.110" /><testcase classname="tests.test_fase12_admin_panel.TestExistingAdminEndpointsRegression" name="test_admin_stats" time="0.101" /><testcase classname="tests.test_fase12_admin_panel.TestExistingAdminEndpointsRegression" name="test_admin_businesses_all" time="0.167" /><testcase classname="tests.test_fase12_admin_panel.TestExistingAdminEndpointsRegression" name="test_admin_settlements" time="0.128" /></testsuite></testsuites>