<?xml version="1.0" encoding="utf-8"?><testsuites name="pytest tests"><testsuite name="pytest" errors="0" failures="0" skipped="0" tests="13" time="2.360" timestamp="2026-05-03T01:42:40.026800+00:00" hostname="agent-env-cf63a5d2-f5af-4c12-9a56-f2ffdb7a24b1"><testcase classname="tests.test_fase9_bank_templates.TestAuth" name="test_no_token_unauthorized" time="0.216" /><testcase classname="tests.test_fase9_bank_templates.TestAuth" name="test_client_token_forbidden" time="0.149" /><testcase classname="tests.test_fase9_bank_templates.TestAuth" name="test_business_token_forbidden" time="0.156" /><testcase classname="tests.test_fase9_bank_templates.TestGenericBank" name="test_generic_explicit" time="0.494" /><testcase classname="tests.test_fase9_bank_templates.TestGenericBank" name="test_invalid_bank_falls_back_to_generic" time="0.121" /><testcase classname="tests.test_fase9_bank_templates.TestBBVA" name="test_bbva_layout_and_truncation" time="0.124" /><testcase classname="tests.test_fase9_bank_templates.TestBBVA" name="test_bbva_csv_escaping_for_comma_legal_name" time="0.208" /><testcase classname="tests.test_fase9_bank_templates.TestBanorte" name="test_banorte_layout_and_truncation" time="0.113" /><testcase classname="tests.test_fase9_bank_templates.TestBanorte" name="test_banorte_escaping" time="0.130" /><testcase classname="tests.test_fase9_bank_templates.TestSantander" name="test_santander_layout_and_truncation" time="0.137" /><testcase classname="tests.test_fase9_bank_templates.TestSantander" name="test_santander_escaping" time="0.115" /><testcase classname="tests.test_fase9_bank_templates.TestAuditLog" name="test_audit_log_records_bank" time="0.129" /><testcase classname="tests.test_fase9_bank_templates.TestAuditLog" name="test_audit_log_records_bank_bbva" time="0.111" /></testsuite></testsuites>