<?xml version="1.0" encoding="utf-8"?><testsuites name="pytest tests"><testsuite name="pytest" errors="0" failures="0" skipped="0" tests="19" time="3.063" timestamp="2026-05-02T06:47:02.180272+00:00" hostname="agent-env-cf63a5d2-f5af-4c12-9a56-f2ffdb7a24b1"><testcase classname="tests.test_fase8_docs_verification.TestAdminVerify" name="test_verify_missing_fields_400" time="0.464" /><testcase classname="tests.test_fase8_docs_verification.TestAdminVerify" name="test_verify_success" time="0.135" /><testcase classname="tests.test_fase8_docs_verification.TestAdminVerify" name="test_reject_short_reason_400" time="0.108" /><testcase classname="tests.test_fase8_docs_verification.TestAdminVerify" name="test_reject_success" time="0.110" /><testcase classname="tests.test_fase8_docs_verification.TestAdminVerify" name="test_pending_docs_lists_pending" time="0.108" /><testcase classname="tests.test_fase8_docs_verification.TestLegalDocsUpdate" name="test_manager_forbidden" time="0.114" /><testcase classname="tests.test_fase8_docs_verification.TestLegalDocsUpdate" name="test_sensitive_change_flips_verified_and_notifies_admins" time="0.108" /><testcase classname="tests.test_fase8_docs_verification.TestLegalDocsUpdate" name="test_no_sensitive_change_does_not_touch_verification" time="0.110" /><testcase classname="tests.test_fase8_docs_verification.TestBookingGate" name="test_booking_blocked_when_docs_not_verified" time="0.259" /><testcase classname="tests.test_fase8_docs_verification.TestBookingGate" name="test_booking_allowed_when_docs_verified" time="0.158" /><testcase classname="tests.test_fase8_docs_verification.TestVisibility" name="test_search_excludes_unverified" time="0.120" /><testcase classname="tests.test_fase8_docs_verification.TestVisibility" name="test_featured_excludes_unverified" time="0.111" /><testcase classname="tests.test_fase8_docs_verification.TestGrandfather" name="test_grandfather_applied_to_legacy_approved" time="0.002" /><testcase classname="tests.test_fase8_docs_verification.TestGrandfather" name="test_new_business_not_grandfathered" time="0.001" /><testcase classname="tests.test_fase8_docs_verification.TestPrivateInfo" name="test_private_info_returns_new_fields" time="0.108" /><testcase classname="tests.test_fase8_docs_verification.TestUploadPdf" name="test_upload_public_accepts_pdf" time="0.247" /><testcase classname="tests.test_fase8_docs_verification.TestUploadPdf" name="test_upload_public_rejects_txt" time="0.101" /><testcase classname="tests.test_fase8_docs_verification.TestGoogleCalendarInReminder" name="test_html_contains_google_calendar_url" time="0.018" /><testcase classname="tests.test_fase8_docs_verification.TestGoogleCalendarInReminder" name="test_scheduler_builds_gcal_url" time="0.528" /></testsuite></testsuites>