<?xml version="1.0" encoding="utf-8"?><testsuites name="pytest tests"><testsuite name="pytest" errors="0" failures="0" skipped="0" tests="12" time="3.180" timestamp="2026-05-02T01:14:16.455777+00:00" hostname="agent-env-cf63a5d2-f5af-4c12-9a56-f2ffdb7a24b1"><testcase classname="tests.test_fase1_cobranza.TestFeesBreakdown" name="test_breakdown_100" time="0.199" /><testcase classname="tests.test_fase1_cobranza.TestFeesBreakdown" name="test_breakdown_500" time="0.103" /><testcase classname="tests.test_fase1_cobranza.TestFeesBreakdown" name="test_breakdown_0" time="0.115" /><testcase classname="tests.test_fase1_cobranza.TestFeesBreakdown" name="test_calculate_fees_math[100-108.2-91.5-8.5]" time="0.113" /><testcase classname="tests.test_fase1_cobranza.TestFeesBreakdown" name="test_calculate_fees_math[200-208.2-183.0-17.0]" time="0.111" /><testcase classname="tests.test_fase1_cobranza.TestFeesBreakdown" name="test_calculate_fees_math[500-508.2-457.5-42.5]" time="0.115" /><testcase classname="tests.test_fase1_cobranza.TestFeesBreakdown" name="test_calculate_fees_math[1000-1008.2-915.0-85.0]" time="0.112" /><testcase classname="tests.test_fase1_cobranza.TestAdminConfig" name="test_min_deposit_100" time="0.112" /><testcase classname="tests.test_fase1_cobranza.TestDepositCheckout" name="test_booking_cheap_service_no_deposit" time="0.854" /><testcase classname="tests.test_fase1_cobranza.TestDepositCheckout" name="test_booking_expensive_service_applies_deposit" time="0.171" /><testcase classname="tests.test_fase1_cobranza.TestDepositCheckout" name="test_deposit_checkout_creates_session_with_2_line_items" time="0.775" /><testcase classname="tests.test_fase1_cobranza.TestBusinessDepositClamp" name="test_put_me_deposit_below_min_is_clamped" time="0.244" /></testsuite></testsuites>