<?xml version="1.0" encoding="utf-8"?><testsuites name="pytest tests"><testsuite name="pytest" errors="0" failures="0" skipped="0" tests="15" time="3.246" timestamp="2026-05-02T02:10:10.026539+00:00" hostname="agent-env-cf63a5d2-f5af-4c12-9a56-f2ffdb7a24b1"><testcase classname="tests.test_fase4_reschedule.TestPolicies" name="test_policies_public_no_auth" time="0.212" /><testcase classname="tests.test_fase4_reschedule.TestClientReschedule" name="test_first_reschedule_success" time="0.492" /><testcase classname="tests.test_fase4_reschedule.TestClientReschedule" name="test_second_reschedule_success_zero_remaining" time="0.146" /><testcase classname="tests.test_fase4_reschedule.TestClientReschedule" name="test_third_reschedule_limit_reached" time="0.103" /><testcase classname="tests.test_fase4_reschedule.TestClientReschedule" name="test_cutoff_less_than_2h" time="0.198" /><testcase classname="tests.test_fase4_reschedule.TestClientReschedule" name="test_new_date_in_past" time="0.152" /><testcase classname="tests.test_fase4_reschedule.TestClientReschedule" name="test_new_date_less_than_1h" time="0.106" /><testcase classname="tests.test_fase4_reschedule.TestClientReschedule" name="test_invalid_date_format" time="0.118" /><testcase classname="tests.test_fase4_reschedule.TestClientReschedule" name="test_other_user_booking_404" time="0.167" /><testcase classname="tests.test_fase4_reschedule.TestClientReschedule" name="test_cancelled_booking_400" time="0.121" /><testcase classname="tests.test_fase4_reschedule.TestClientReschedule" name="test_completed_booking_400" time="0.115" /><testcase classname="tests.test_fase4_reschedule.TestClientReschedule" name="test_notification_created_to_business" time="0.119" /><testcase classname="tests.test_fase4_reschedule.TestBusinessReschedule" name="test_business_reschedule_does_not_affect_client_count" time="0.458" /><testcase classname="tests.test_fase4_reschedule.TestBusinessReschedule" name="test_client_still_can_reschedule_after_business" time="0.351" /><testcase classname="tests.test_fase4_reschedule.TestConsecutiveReschedules" name="test_two_consecutive_user_reschedules" time="0.243" /></testsuite></testsuites>