<?xml version="1.0" encoding="utf-8"?><testsuites name="pytest tests"><testsuite name="pytest" errors="0" failures="0" skipped="0" tests="13" time="3.372" timestamp="2026-05-02T03:31:41.495502+00:00" hostname="agent-env-cf63a5d2-f5af-4c12-9a56-f2ffdb7a24b1"><testcase classname="tests.test_fase7_smart_reminder.TestCalendarIcs" name="test_calendar_ics_valid_token_returns_ics" time="0.192" /><testcase classname="tests.test_fase7_smart_reminder.TestCalendarIcs" name="test_calendar_ics_missing_token_403" time="0.159" /><testcase classname="tests.test_fase7_smart_reminder.TestCalendarIcs" name="test_calendar_ics_invalid_token_403" time="0.120" /><testcase classname="tests.test_fase7_smart_reminder.TestCalendarIcs" name="test_calendar_ics_unknown_booking_404" time="0.120" /><testcase classname="tests.test_fase7_smart_reminder.TestCalendarIcs" name="test_calendar_ics_cancelled_booking_410" time="0.113" /><testcase classname="tests.test_fase7_smart_reminder.TestCalendarIcs" name="test_calendar_ics_expired_booking_410" time="0.155" /><testcase classname="tests.test_fase7_smart_reminder.TestSmartReminder" name="test_reminder_processes_24h_booking" time="0.521" /><testcase classname="tests.test_fase7_smart_reminder.TestSmartReminder" name="test_reminder_with_max_reschedules_remaining_zero" time="0.006" /><testcase classname="tests.test_fase7_smart_reminder.TestSmartReminder" name="test_reminder_lt_2h_both_cutoffs_none" time="0.006" /><testcase classname="tests.test_fase7_smart_reminder.TestSmartReminder" name="test_email_html_contains_action_urls_and_texts" time="0.002" /><testcase classname="tests.test_fase7_smart_reminder.TestSmartReminder" name="test_email_html_action_urls_present_in_html_render" time="0.005" /><testcase classname="tests.test_fase7_smart_reminder.TestAdminTriggerEndpoint" name="test_send_reminders_admin_endpoint" time="1.712" /><testcase classname="tests.test_fase7_smart_reminder.TestAdminTriggerEndpoint" name="test_send_reminders_no_auth_blocked" time="0.120" /></testsuite></testsuites>