<?xml version="1.0" encoding="utf-8"?><testsuites name="pytest tests"><testsuite name="pytest" errors="0" failures="0" skipped="0" tests="22" time="49.492" timestamp="2026-05-03T05:01:03.645332+00:00" hostname="agent-env-cf63a5d2-f5af-4c12-9a56-f2ffdb7a24b1"><testcase classname="tests.test_fase12_security_pnl.TestSecurityHeaders" name="test_health_has_hsts" time="0.129" /><testcase classname="tests.test_fase12_security_pnl.TestSecurityHeaders" name="test_health_has_nosniff_and_frame_deny" time="0.098" /><testcase classname="tests.test_fase12_security_pnl.TestSecurityHeaders" name="test_health_has_referrer_policy" time="0.101" /><testcase classname="tests.test_fase12_security_pnl.TestSecurityHeaders" name="test_health_has_permissions_policy" time="0.105" /><testcase classname="tests.test_fase12_security_pnl.TestSecurityHeaders" name="test_headers_on_other_endpoint" time="0.106" /><testcase classname="tests.test_fase12_security_pnl.TestBruteForceLockout" name="test_client_login_lockout" time="1.197" /><testcase classname="tests.test_fase12_security_pnl.TestBruteForceLockout" name="test_business_login_lockout" time="1.170" /><testcase classname="tests.test_fase12_security_pnl.TestBruteForceLockout" name="test_admin_login_lockout" time="1.194" /><testcase classname="tests.test_fase12_security_pnl.TestBruteForceLockout" name="test_success_resets_counter" time="1.550" /><testcase classname="tests.test_fase12_security_pnl.TestBruteForceDBState" name="test_record_and_lockout_via_service" time="0.193" /><testcase classname="tests.test_fase12_security_pnl.TestPlatformPnL" name="test_pnl_without_token_is_401" time="0.102" /><testcase classname="tests.test_fase12_security_pnl.TestPlatformPnL" name="test_pnl_with_client_token_is_403" time="0.657" /><testcase classname="tests.test_fase12_security_pnl.TestPlatformPnL" name="test_pnl_default_shape" time="41.110" /><testcase classname="tests.test_fase12_security_pnl.TestPlatformPnL" name="test_pnl_clamp_days" time="0.259" /><testcase classname="tests.test_fase12_security_pnl.TestPlatformPnL" name="test_pnl_math_with_seeded_txs" time="0.114" /><testcase classname="tests.test_fase12_security_pnl.TestReconcileStripe" name="test_reconcile_no_token" time="0.114" /><testcase classname="tests.test_fase12_security_pnl.TestReconcileStripe" name="test_reconcile_bad_date_format" time="0.114" /><testcase classname="tests.test_fase12_security_pnl.TestReconcileStripe" name="test_reconcile_default_date" time="0.403" /><testcase classname="tests.test_fase12_security_pnl.TestReconcileStripe" name="test_reconcile_valid_date" time="0.296" /><testcase classname="tests.test_fase12_security_pnl.TestReconciliationIssues" name="test_issues_no_token" time="0.103" /><testcase classname="tests.test_fase12_security_pnl.TestReconciliationIssues" name="test_issues_shape_empty_ok" time="0.122" /><testcase classname="tests.test_fase12_security_pnl.TestReconciliationIssues" name="test_issues_show_inserted" time="0.113" /></testsuite></testsuites>