<?xml version="1.0" encoding="utf-8"?><testsuites name="pytest tests"><testsuite name="pytest" errors="0" failures="0" skipped="0" tests="16" time="2.959" timestamp="2026-05-02T01:56:49.095233+00:00" hostname="agent-env-cf63a5d2-f5af-4c12-9a56-f2ffdb7a24b1"><testcase classname="tests.test_fase3_ledger.TestTransitions" name="test_initialize_sets_pending_hold" time="0.005" /><testcase classname="tests.test_fase3_ledger.TestTransitions" name="test_pending_hold_to_available" time="0.002" /><testcase classname="tests.test_fase3_ledger.TestTransitions" name="test_available_to_cleared" time="0.001" /><testcase classname="tests.test_fase3_ledger.TestTransitions" name="test_available_to_disputed" time="0.002" /><testcase classname="tests.test_fase3_ledger.TestTransitions" name="test_disputed_to_cleared_and_refunded" time="0.003" /><testcase classname="tests.test_fase3_ledger.TestTransitions" name="test_cleared_to_paid_out" time="0.002" /><testcase classname="tests.test_fase3_ledger.TestTransitions" name="test_refunded_is_terminal" time="0.001" /><testcase classname="tests.test_fase3_ledger.TestTransitions" name="test_paid_out_is_terminal" time="0.001" /><testcase classname="tests.test_fase3_ledger.TestTransitions" name="test_invalid_transition_pending_to_cleared_raises" time="0.001" /><testcase classname="tests.test_fase3_ledger.TestTransitions" name="test_history_entry_appended" time="0.002" /><testcase classname="tests.test_fase3_ledger.TestCronAndSummary" name="test_auto_clear_after_grace" time="0.004" /><testcase classname="tests.test_fase3_ledger.TestCronAndSummary" name="test_auto_complete_appointments" time="0.003" /><testcase classname="tests.test_fase3_ledger.TestCronAndSummary" name="test_get_state_summary" time="0.002" /><testcase classname="tests.test_fase3_ledger.TestAPIEndpoints" name="test_finance_funds_state_endpoint" time="0.471" /><testcase classname="tests.test_fase3_ledger.TestAPIEndpoints" name="test_dispute_booking_flow" time="0.598" /><testcase classname="tests.test_fase3_ledger.TestAPIEndpoints" name="test_admin_disputes_and_resolve" time="1.540" /></testsuite></testsuites>