<?xml version="1.0" encoding="utf-8"?><testsuites name="pytest tests"><testsuite name="pytest" errors="0" failures="0" skipped="0" tests="17" time="3.167" timestamp="2026-05-03T03:40:23.973638+00:00" hostname="agent-env-cf63a5d2-f5af-4c12-9a56-f2ffdb7a24b1"><testcase classname="tests.test_fase10b_history_grace_gate" name="test_version_new_fields" time="0.275" /><testcase classname="tests.test_fase10b_history_grace_gate" name="test_me_has_grace_fields" time="0.120" /><testcase classname="tests.test_fase10b_history_grace_gate" name="test_accept_creates_history_with_ip_ua_source" time="0.466" /><testcase classname="tests.test_fase10b_history_grace_gate" name="test_owner_accept_pushes_history_on_business" time="0.138" /><testcase classname="tests.test_fase10b_history_grace_gate" name="test_manager_accept_does_not_touch_business" time="0.116" /><testcase classname="tests.test_fase10b_history_grace_gate" name="test_me_history_endpoint" time="0.109" /><testcase classname="tests.test_fase10b_history_grace_gate" name="test_me_history_legacy_user_returns_empty" time="0.106" /><testcase classname="tests.test_fase10b_history_grace_gate" name="test_register_stamps_history" time="0.581" /><testcase classname="tests.test_fase10b_history_grace_gate" name="test_business_register_stamps_history_on_both" time="0.561" /><testcase classname="tests.test_fase10b_history_grace_gate" name="test_require_terms_up_to_date_no_block_during_grace" time="0.033" /><testcase classname="tests.test_fase10b_history_grace_gate" name="test_require_terms_up_to_date_raises_409_when_hard_block" time="0.003" /><testcase classname="tests.test_fase10b_history_grace_gate" name="test_require_terms_up_to_date_passes_when_user_up_to_date" time="0.001" /><testcase classname="tests.test_fase10b_history_grace_gate" name="test_bookings_router_uses_require_terms_up_to_date" time="0.000" /><testcase classname="tests.test_fase10b_history_grace_gate" name="test_businesses_router_uses_gate_on_legal_docs" time="0.000" /><testcase classname="tests.test_fase10b_history_grace_gate" name="test_admin_history_unauthenticated_blocked" time="0.113" /><testcase classname="tests.test_fase10b_history_grace_gate" name="test_admin_history_404_for_unknown_user" time="0.119" /><testcase classname="tests.test_fase10b_history_grace_gate" name="test_admin_history_returns_user_record" time="0.114" /></testsuite></testsuites>