<?xml version="1.0" encoding="utf-8"?><testsuites name="pytest tests"><testsuite name="pytest" errors="0" failures="0" skipped="0" tests="10" time="3.045" timestamp="2026-05-03T03:24:17.285480+00:00" hostname="agent-env-cf63a5d2-f5af-4c12-9a56-f2ffdb7a24b1"><testcase classname="tests.test_fase10_terms_acceptance" name="test_version_endpoint_public_and_shape" time="0.334" /><testcase classname="tests.test_fase10_terms_acceptance" name="test_me_requires_auth" time="0.162" /><testcase classname="tests.test_fase10_terms_acceptance" name="test_accept_requires_auth" time="0.138" /><testcase classname="tests.test_fase10_terms_acceptance" name="test_me_before_accept_reports_not_up_to_date" time="0.164" /><testcase classname="tests.test_fase10_terms_acceptance" name="test_client_accept_empty_body_persists" time="0.302" /><testcase classname="tests.test_fase10_terms_acceptance" name="test_accept_wrong_version_409" time="0.141" /><testcase classname="tests.test_fase10_terms_acceptance" name="test_business_owner_accept_mirrors_on_business_doc" time="0.145" /><testcase classname="tests.test_fase10_terms_acceptance" name="test_business_manager_accept_only_updates_user" time="0.143" /><testcase classname="tests.test_fase10_terms_acceptance" name="test_register_user_stamps_terms_version" time="0.756" /><testcase classname="tests.test_fase10_terms_acceptance" name="test_register_business_stamps_terms_version_on_user_and_business" time="0.587" /></testsuite></testsuites>