<?xml version="1.0" encoding="utf-8"?><testsuites name="pytest tests"><testsuite name="pytest" errors="0" failures="0" skipped="0" tests="22" time="5.290" timestamp="2026-05-02T02:42:27.496617+00:00" hostname="agent-env-cf63a5d2-f5af-4c12-9a56-f2ffdb7a24b1"><testcase classname="tests.test_fase6_no_show_business.TestIssueStrikePendingReview" name="test_pending_review_no_side_effects" time="0.200" /><testcase classname="tests.test_fase6_no_show_business.TestResolvePendingStrike" name="test_upheld_applies_minor_penalty" time="0.005" /><testcase classname="tests.test_fase6_no_show_business.TestResolvePendingStrike" name="test_cleared_decrements_counters" time="0.005" /><testcase classname="tests.test_fase6_no_show_business.TestResolvePendingStrike" name="test_invalid_outcome_raises" time="0.002" /><testcase classname="tests.test_fase6_no_show_business.TestResolvePendingStrike" name="test_non_pending_strike_raises" time="0.003" /><testcase classname="tests.test_fase6_no_show_business.TestNoShowBusinessEndpoint" name="test_client_creates_report_ok" time="0.612" /><testcase classname="tests.test_fase6_no_show_business.TestNoShowBusinessEndpoint" name="test_window_too_early" time="0.179" /><testcase classname="tests.test_fase6_no_show_business.TestNoShowBusinessEndpoint" name="test_window_too_late" time="0.117" /><testcase classname="tests.test_fase6_no_show_business.TestNoShowBusinessEndpoint" name="test_30min_before_allowed" time="0.157" /><testcase classname="tests.test_fase6_no_show_business.TestNoShowBusinessEndpoint" name="test_duplicate_report" time="0.277" /><testcase classname="tests.test_fase6_no_show_business.TestNoShowBusinessEndpoint" name="test_without_payment" time="0.159" /><testcase classname="tests.test_fase6_no_show_business.TestNoShowBusinessEndpoint" name="test_booking_of_other_user_forbidden" time="0.129" /><testcase classname="tests.test_fase6_no_show_business.TestNoShowResponse" name="test_business_responds_ok" time="0.583" /><testcase classname="tests.test_fase6_no_show_business.TestNoShowResponse" name="test_response_too_short" time="0.222" /><testcase classname="tests.test_fase6_no_show_business.TestNoShowResponse" name="test_response_twice_rejected" time="0.403" /><testcase classname="tests.test_fase6_no_show_business.TestNoShowResponse" name="test_response_without_report" time="0.118" /><testcase classname="tests.test_fase6_no_show_business.TestAutoResolve" name="test_auto_resolve_refunds_and_upholds" time="0.248" /><testcase classname="tests.test_fase6_no_show_business.TestAutoResolve" name="test_skip_when_business_responded" time="0.241" /><testcase classname="tests.test_fase6_no_show_business.TestAdminNoShowReports" name="test_list_no_show_reports" time="0.568" /><testcase classname="tests.test_fase6_no_show_business.TestAdminNoShowReports" name="test_admin_resolve_favor_client" time="0.413" /><testcase classname="tests.test_fase6_no_show_business.TestAdminNoShowReports" name="test_admin_resolve_favor_business" time="0.258" /><testcase classname="tests.test_fase6_no_show_business.TestAdminNoShowReports" name="test_admin_resolve_invalid_outcome" time="0.223" /></testsuite></testsuites>