<?xml version="1.0" encoding="utf-8"?><testsuites name="pytest tests"><testsuite name="pytest" errors="0" failures="0" skipped="0" tests="11" time="2.619" timestamp="2026-06-12T07:58:05.009915+00:00" hostname="agent-env-cf63a5d2-f5af-4c12-9a56-f2ffdb7a24b1"><testcase classname="tests.test_payment_mode_flow.TestAuthGate" name="test_get_payment_mode_requires_auth" time="0.271" /><testcase classname="tests.test_payment_mode_flow.TestAuthGate" name="test_patch_payment_mode_requires_auth" time="0.098" /><testcase classname="tests.test_payment_mode_flow.TestGetPaymentMode" name="test_response_schema" time="0.441" /><testcase classname="tests.test_payment_mode_flow.TestSameValueNoOp" name="test_same_value_no_change" time="0.109" /><testcase classname="tests.test_payment_mode_flow.TestSwitchToNoDeposit" name="test_switch_to_no_deposit_preserves_stripe" time="0.393" /><testcase classname="tests.test_payment_mode_flow.TestCooldownEnforcement" name="test_immediate_flip_blocked_429" time="0.147" /><testcase classname="tests.test_payment_mode_flow.TestCooldownEnforcement" name="test_cooldown_expired_allows_flip" time="0.294" /><testcase classname="tests.test_payment_mode_flow.TestStripeConnectGate" name="test_activate_without_connect_412" time="0.103" /><testcase classname="tests.test_payment_mode_flow.TestVisibilityGate" name="test_no_deposit_business_visible_without_connect" time="0.108" /><testcase classname="tests.test_payment_mode_flow.TestVisibilityGate" name="test_deposit_business_without_connect_hidden" time="0.098" /><testcase classname="tests.test_payment_mode_flow.TestRegression" name="test_status_endpoint" time="0.489" /></testsuite></testsuites>