<?xml version="1.0" encoding="utf-8"?><testsuites name="pytest tests"><testsuite name="pytest" errors="0" failures="0" skipped="0" tests="12" time="3.119" timestamp="2026-05-23T07:48:31.256836+00:00" hostname="agent-env-cf63a5d2-f5af-4c12-9a56-f2ffdb7a24b1"><testcase classname="tests.test_phase_i_qr_codes.TestPublicQRPng" name="test_qr_png_returns_valid_png" time="0.360" /><testcase classname="tests.test_phase_i_qr_codes.TestPublicQRPng" name="test_qr_decodes_to_slug_with_ref_qr" time="0.291" /><testcase classname="tests.test_phase_i_qr_codes.TestPublicQRPng" name="test_qr_png_404_for_unknown" time="0.102" /><testcase classname="tests.test_phase_i_qr_codes.TestQRCard" name="test_qr_card_png_valid_with_attachment" time="0.349" /><testcase classname="tests.test_phase_i_qr_codes.TestQRCard" name="test_qr_card_404_for_unknown" time="0.103" /><testcase classname="tests.test_phase_i_qr_codes.TestQRScanTracking" name="test_three_scans_recorded_and_reflected_in_summary" time="1.169" /><testcase classname="tests.test_phase_i_qr_codes.TestAdminQREndpoints" name="test_scans_summary_requires_auth" time="0.101" /><testcase classname="tests.test_phase_i_qr_codes.TestAdminQREndpoints" name="test_scans_summary_with_token" time="0.118" /><testcase classname="tests.test_phase_i_qr_codes.TestAdminQREndpoints" name="test_qr_businesses_requires_auth" time="0.120" /><testcase classname="tests.test_phase_i_qr_codes.TestAdminQREndpoints" name="test_qr_businesses_returns_items" time="0.103" /><testcase classname="tests.test_phase_i_qr_codes.TestAdminQREndpoints" name="test_qr_businesses_q_filter" time="0.117" /><testcase classname="tests.test_phase_i_qr_codes.TestAdminQREndpoints" name="test_qr_businesses_days_param" time="0.110" /></testsuite></testsuites>