<?xml version="1.0" encoding="utf-8"?><testsuites name="pytest tests"><testsuite name="pytest" errors="0" failures="0" skipped="1" tests="7" time="1.532" timestamp="2026-06-12T08:35:48.669325+00:00" hostname="agent-env-cf63a5d2-f5af-4c12-9a56-f2ffdb7a24b1"><testcase classname="tests.test_public_ticket_flow.TestPublicTicket" name="test_create_public_ticket_no_auth" time="0.203" /><testcase classname="tests.test_public_ticket_flow.TestPublicTicket" name="test_public_ticket_invalid_email_returns_422" time="0.130" /><testcase classname="tests.test_public_ticket_flow.TestPublicTicket" name="test_public_ticket_missing_fields_returns_422" time="0.146" /><testcase classname="tests.test_public_ticket_flow.TestPublicTicket" name="test_public_ref_unique_on_consecutive_requests" time="0.489" /><testcase classname="tests.test_public_ticket_flow.TestAuthenticatedTicket" name="test_auth_ticket_still_works" time="0.429" /><testcase classname="tests.test_public_ticket_flow.TestAdminListing" name="test_admin_lists_both_sources_in_db" time="0.082" /><testcase classname="tests.test_public_ticket_flow.TestAdminListing" name="test_admin_endpoint_reachable" time="0.001"><skipped type="pytest.skip" message="Admin TOTP credentials not provided via env (TEST_ADMIN_EMAIL/PASS/TOTP)">/app/backend/tests/test_public_ticket_flow.py:150: Admin TOTP credentials not provided via env (TEST_ADMIN_EMAIL/PASS/TOTP)</skipped></testcase></testsuite></testsuites>