<?xml version="1.0" encoding="utf-8"?><testsuites name="pytest tests"><testsuite name="pytest" errors="0" failures="0" skipped="0" tests="14" time="1.598" timestamp="2026-04-13T02:17:22.902384+00:00" hostname="agent-env-cf63a5d2-f5af-4c12-9a56-f2ffdb7a24b1"><testcase classname="tests.test_admin_dashboard_v2.TestAdminBusinessDetail" name="test_get_business_detail_success" time="0.481" /><testcase classname="tests.test_admin_dashboard_v2.TestAdminBusinessDetail" name="test_get_business_detail_includes_legal_docs" time="0.053" /><testcase classname="tests.test_admin_dashboard_v2.TestAdminBusinessDetail" name="test_get_business_detail_not_found" time="0.052" /><testcase classname="tests.test_admin_dashboard_v2.TestAdminBusinessDetail" name="test_get_business_detail_unauthorized" time="0.120" /><testcase classname="tests.test_admin_dashboard_v2.TestAdminReviewsAll" name="test_get_all_reviews_success" time="0.058" /><testcase classname="tests.test_admin_dashboard_v2.TestAdminReviewsAll" name="test_get_all_reviews_with_search" time="0.050" /><testcase classname="tests.test_admin_dashboard_v2.TestAdminReviewsAll" name="test_get_all_reviews_pagination" time="0.061" /><testcase classname="tests.test_admin_dashboard_v2.TestAdminReviewsAll" name="test_get_all_reviews_unauthorized" time="0.112" /><testcase classname="tests.test_admin_dashboard_v2.TestAdminSubscriptions" name="test_get_subscriptions_success" time="0.046" /><testcase classname="tests.test_admin_dashboard_v2.TestAdminSubscriptions" name="test_get_subscriptions_unauthorized" time="0.104" /><testcase classname="tests.test_admin_dashboard_v2.TestAdminDeleteReview" name="test_delete_review_not_found" time="0.049" /><testcase classname="tests.test_admin_dashboard_v2.TestAdminDeleteReview" name="test_delete_review_unauthorized" time="0.116" /><testcase classname="tests.test_admin_dashboard_v2.TestAdminStats" name="test_get_stats_success" time="0.057" /><testcase classname="tests.test_admin_dashboard_v2.TestAdminBusinessesAll" name="test_get_all_businesses_success" time="0.101" /></testsuite></testsuites>