<?xml version="1.0" encoding="utf-8"?><testsuites name="pytest tests"><testsuite name="pytest" errors="0" failures="0" skipped="0" tests="12" time="3.085" timestamp="2026-05-03T23:32:14.025718+00:00" hostname="agent-env-cf63a5d2-f5af-4c12-9a56-f2ffdb7a24b1"><testcase classname="tests.test_phase15_crm_leaflet.TestMyClientsAuth" name="test_requires_auth" time="0.250" /><testcase classname="tests.test_phase15_crm_leaflet.TestMyClientsAuth" name="test_regular_user_forbidden" time="0.448" /><testcase classname="tests.test_phase15_crm_leaflet.TestMyClientsRead" name="test_list_shape" time="0.496" /><testcase classname="tests.test_phase15_crm_leaflet.TestMyClientsRead" name="test_filter_params_accepted" time="0.883" /><testcase classname="tests.test_phase15_crm_leaflet.TestMyClientsRead" name="test_pagination_bounds" time="0.131" /><testcase classname="tests.test_phase15_crm_leaflet.TestClientNote" name="test_upsert_and_read_back" time="0.117" /><testcase classname="tests.test_phase15_crm_leaflet.TestClientNote" name="test_note_truncates_at_500" time="0.105" /><testcase classname="tests.test_phase15_crm_leaflet.TestClientNote" name="test_note_auth" time="0.110" /><testcase classname="tests.test_phase15_crm_leaflet.TestClientExport" name="test_csv_download" time="0.113" /><testcase classname="tests.test_phase15_crm_leaflet.TestClientExport" name="test_csv_requires_auth" time="0.151" /><testcase classname="tests.test_phase15_crm_leaflet.TestBusinessesDistance" name="test_distance_km_returned" time="0.113" /><testcase classname="tests.test_phase15_crm_leaflet.TestBusinessesDistance" name="test_no_location_no_distance" time="0.103" /></testsuite></testsuites>