<?xml version="1.0" encoding="utf-8"?><testsuites name="pytest tests"><testsuite name="pytest" errors="0" failures="0" skipped="0" tests="9" time="2.998" timestamp="2026-04-08T02:31:29.599783+00:00" hostname="agent-env-cf63a5d2-f5af-4c12-9a56-f2ffdb7a24b1"><testcase classname="tests.test_favorites.TestFavoritesAPI" name="test_01_login_as_user" time="0.495" /><testcase classname="tests.test_favorites.TestFavoritesAPI" name="test_02_get_favorites_returns_list" time="0.560" /><testcase classname="tests.test_favorites.TestFavoritesAPI" name="test_03_favorites_have_required_fields" time="0.112" /><testcase classname="tests.test_favorites.TestFavoritesAPI" name="test_04_add_favorite" time="0.507" /><testcase classname="tests.test_favorites.TestFavoritesAPI" name="test_05_remove_favorite" time="0.402" /><testcase classname="tests.test_favorites.TestFavoritesAPI" name="test_06_add_favorite_invalid_business" time="0.111" /><testcase classname="tests.test_favorites.TestFavoritesAPI" name="test_07_favorites_without_auth_returns_401" time="0.133" /><testcase classname="tests.test_favorites.TestFavoritesDataIntegrity" name="test_is_open_now_is_boolean" time="0.477" /><testcase classname="tests.test_favorites.TestFavoritesDataIntegrity" name="test_next_available_text_format" time="0.126" /></testsuite></testsuites>