<?xml version="1.0" encoding="utf-8"?><testsuites name="pytest tests"><testsuite name="pytest" errors="0" failures="0" skipped="0" tests="10" time="3.493" timestamp="2026-04-06T02:40:39.625279+00:00" hostname="agent-env-cf63a5d2-f5af-4c12-9a56-f2ffdb7a24b1"><testcase classname="tests.test_password_reset.TestPasswordResetBackend" name="test_forgot_password_existing_email" time="0.371" /><testcase classname="tests.test_password_reset.TestPasswordResetBackend" name="test_forgot_password_nonexistent_email" time="0.128" /><testcase classname="tests.test_password_reset.TestPasswordResetBackend" name="test_forgot_password_empty_email" time="0.096" /><testcase classname="tests.test_password_reset.TestPasswordResetBackend" name="test_forgot_password_no_email" time="0.155" /><testcase classname="tests.test_password_reset.TestPasswordResetBackend" name="test_reset_password_invalid_token" time="0.106" /><testcase classname="tests.test_password_reset.TestPasswordResetBackend" name="test_reset_password_short_password" time="0.162" /><testcase classname="tests.test_password_reset.TestPasswordResetBackend" name="test_reset_password_missing_token" time="0.123" /><testcase classname="tests.test_password_reset.TestPasswordResetBackend" name="test_reset_password_missing_password" time="0.310" /><testcase classname="tests.test_password_reset.TestPasswordResetBackend" name="test_business_login_still_works" time="0.340" /><testcase classname="tests.test_password_reset.TestPasswordResetFullFlow" name="test_full_reset_flow_with_db_token" time="1.653" /></testsuite></testsuites>