<?xml version="1.0" encoding="utf-8"?><testsuites name="pytest tests"><testsuite name="pytest" errors="0" failures="0" skipped="0" tests="16" time="3.249" timestamp="2026-03-23T01:12:12.742868+00:00" hostname="agent-env-5ec87e0b-0390-43a9-9206-02dbfe1dbf02"><testcase classname="tests.test_payment_checkout_v2.TestHealthAndBasics" name="test_health_check" time="0.165" /><testcase classname="tests.test_payment_checkout_v2.TestHealthAndBasics" name="test_deposit_checkout_requires_auth" time="0.053" /><testcase classname="tests.test_payment_checkout_v2.TestHealthAndBasics" name="test_deposit_checkout_invalid_booking" time="0.346" /><testcase classname="tests.test_payment_checkout_v2.TestHealthAndBasics" name="test_deposit_checkout_requires_booking_id" time="0.067" /><testcase classname="tests.test_payment_checkout_v2.TestHealthAndBasics" name="test_checkout_status_invalid_session" time="0.390" /><testcase classname="tests.test_payment_checkout_v2.TestWebhookEndpoint" name="test_webhook_endpoint_exists" time="0.061" /><testcase classname="tests.test_payment_checkout_v2.TestWebhookEndpoint" name="test_webhook_handles_invalid_event" time="0.049" /><testcase classname="tests.test_payment_checkout_v2.TestBookingCreationFlow" name="test_create_booking_hold_status" time="0.543" /><testcase classname="tests.test_payment_checkout_v2.TestBookingCreationFlow" name="test_create_deposit_checkout" time="0.426" /><testcase classname="tests.test_payment_checkout_v2.TestBookingCreationFlow" name="test_checkout_status_endpoint_returns_data" time="0.225" /><testcase classname="tests.test_payment_checkout_v2.TestBookingCreationFlow" name="test_my_bookings_shows_hold_booking" time="0.056" /><testcase classname="tests.test_payment_checkout_v2.TestBookingCreationFlow" name="test_idempotent_checkout_creation" time="0.233" /><testcase classname="tests.test_payment_checkout_v2.TestBusinessSkipPayment" name="test_business_skip_payment_booking" time="0.108" /><testcase classname="tests.test_payment_checkout_v2.TestBusinessSkipPayment" name="test_business_dashboard_shows_stats" time="0.056" /><testcase classname="tests.test_payment_checkout_v2.TestExistingUserFlow" name="test_existing_user_can_view_bookings" time="0.336" /><testcase classname="tests.test_payment_checkout_v2.TestExistingUserFlow" name="test_existing_business_can_view_bookings" time="0.064" /></testsuite></testsuites>