<?xml version="1.0" encoding="utf-8"?><testsuites name="pytest tests"><testsuite name="pytest" errors="0" failures="0" skipped="0" tests="10" time="4.071" timestamp="2026-04-29T16:22:01.827466+00:00" hostname="agent-env-cf63a5d2-f5af-4c12-9a56-f2ffdb7a24b1"><testcase classname="tests.test_subscription_pricing.TestStripeConfig" name="test_subscription_price_mxn_in_db" time="0.005" /><testcase classname="tests.test_subscription_pricing.TestStripeConfig" name="test_subscription_price_usd_in_db" time="0.001" /><testcase classname="tests.test_subscription_pricing.TestEnumsConstants" name="test_constants" time="0.002" /><testcase classname="tests.test_subscription_pricing.TestSubscriptionStatus" name="test_status_returns_subscription_state" time="0.626" /><testcase classname="tests.test_subscription_pricing.TestSubscribeCheckout" name="test_subscribe_returns_checkout_url" time="1.581" /><testcase classname="tests.test_subscription_pricing.TestPlatformConfig" name="test_platform_config" time="1.162" /><testcase classname="tests.test_subscription_pricing.TestVisibleBusinessFilter" name="test_featured_excludes_canceled" time="0.135" /><testcase classname="tests.test_subscription_pricing.TestVisibleBusinessFilter" name="test_featured_excludes_none" time="0.138" /><testcase classname="tests.test_subscription_pricing.TestVisibleBusinessFilter" name="test_search_excludes_canceled" time="0.131" /><testcase classname="tests.test_subscription_pricing.TestVisibleBusinessFilter" name="test_search_excludes_none" time="0.158" /></testsuite></testsuites>