<?xml version="1.0" encoding="utf-8"?><testsuites name="pytest tests"><testsuite name="pytest" errors="0" failures="0" skipped="0" tests="17" time="2.720" timestamp="2026-02-23T05:45:57.150795+00:00" hostname="agent-env-bac82350-269f-42d7-88df-2c97b469df16"><testcase classname="backend.tests.test_p4_seo.TestSEOCountries" name="test_get_countries_returns_list" time="0.183" /><testcase classname="backend.tests.test_p4_seo.TestSEOCountries" name="test_countries_have_required_fields" time="0.103" /><testcase classname="backend.tests.test_p4_seo.TestSEOCities" name="test_get_cities_for_mexico" time="0.100" /><testcase classname="backend.tests.test_p4_seo.TestSEOCities" name="test_cities_have_required_fields" time="0.136" /><testcase classname="backend.tests.test_p4_seo.TestSEOCities" name="test_cities_lowercase_country_code" time="0.108" /><testcase classname="backend.tests.test_p4_seo.TestSEOCategories" name="test_get_categories" time="0.110" /><testcase classname="backend.tests.test_p4_seo.TestSEOCategories" name="test_categories_include_business_count" time="0.119" /><testcase classname="backend.tests.test_p4_seo.TestSEOMeta" name="test_get_city_meta" time="0.109" /><testcase classname="backend.tests.test_p4_seo.TestSEOMeta" name="test_get_country_meta" time="0.099" /><testcase classname="backend.tests.test_p4_seo.TestSEOMeta" name="test_get_category_meta" time="0.103" /><testcase classname="backend.tests.test_p4_seo.TestSEOBusinesses" name="test_get_businesses_by_location" time="0.138" /><testcase classname="backend.tests.test_p4_seo.TestSEOBusinesses" name="test_get_businesses_with_category_filter" time="0.130" /><testcase classname="backend.tests.test_p4_seo.TestSEOBusinesses" name="test_get_businesses_pagination" time="0.107" /><testcase classname="backend.tests.test_p4_seo.TestRateLimiting" name="test_rate_limit_headers_present" time="0.113" /><testcase classname="backend.tests.test_p4_seo.TestRateLimiting" name="test_rate_limit_on_multiple_endpoints" time="0.520" /><testcase classname="backend.tests.test_p4_seo.TestSitemapRobots" name="test_sitemap_via_api_note" time="0.320" /><testcase classname="backend.tests.test_p4_seo.TestSitemapRobots" name="test_sitemap_and_robots_note" time="0.101" /></testsuite></testsuites>