<?xml version="1.0" encoding="utf-8"?><testsuites name="pytest tests"><testsuite name="pytest" errors="0" failures="0" skipped="0" tests="14" time="4.026" timestamp="2026-05-04T00:09:51.553727+00:00" hostname="agent-env-cf63a5d2-f5af-4c12-9a56-f2ffdb7a24b1"><testcase classname="tests.test_phase16_waitlist.TestWaitlistPublic" name="test_health" time="1.242" /><testcase classname="tests.test_phase16_waitlist.TestWaitlistPublic" name="test_post_waitlist_creates" time="0.327" /><testcase classname="tests.test_phase16_waitlist.TestWaitlistPublic" name="test_post_waitlist_duplicate" time="0.127" /><testcase classname="tests.test_phase16_waitlist.TestWaitlistPublic" name="test_post_waitlist_invalid_email_422" time="0.118" /><testcase classname="tests.test_phase16_waitlist.TestWaitlistPublic" name="test_post_waitlist_missing_city_422" time="0.114" /><testcase classname="tests.test_phase16_waitlist.TestWaitlistPublic" name="test_post_waitlist_short_city_422" time="0.119" /><testcase classname="tests.test_phase16_waitlist.TestWaitlistPublic" name="test_get_stats_public" time="0.161" /><testcase classname="tests.test_phase16_waitlist.TestWaitlistAdmin" name="test_admin_list_requires_auth" time="0.145" /><testcase classname="tests.test_phase16_waitlist.TestWaitlistAdmin" name="test_admin_export_requires_auth" time="0.143" /><testcase classname="tests.test_phase16_waitlist.TestWaitlistAdmin" name="test_admin_list" time="0.222" /><testcase classname="tests.test_phase16_waitlist.TestWaitlistAdmin" name="test_admin_list_city_filter" time="0.102" /><testcase classname="tests.test_phase16_waitlist.TestWaitlistAdmin" name="test_admin_export_csv" time="0.103" /><testcase classname="tests.test_phase16_waitlist.TestWaitlistAdmin" name="test_admin_delete_creates_then_removes" time="0.614" /><testcase classname="tests.test_phase16_waitlist.TestWaitlistAdmin" name="test_admin_delete_nonexistent_404" time="0.422" /></testsuite></testsuites>