<?xml version="1.0" encoding="utf-8"?><testsuites name="pytest tests"><testsuite name="pytest" errors="0" failures="0" skipped="0" tests="18" time="11.684" timestamp="2026-04-05T03:11:22.126054+00:00" hostname="agent-env-cf63a5d2-f5af-4c12-9a56-f2ffdb7a24b1"><testcase classname="tests.test_manager_pin_system.TestManagerPinSystem" name="test_get_pin_status" time="0.589" /><testcase classname="tests.test_manager_pin_system.TestManagerPinSystem" name="test_set_owner_pin_valid" time="0.803" /><testcase classname="tests.test_manager_pin_system.TestManagerPinSystem" name="test_set_owner_pin_6_digits" time="0.760" /><testcase classname="tests.test_manager_pin_system.TestManagerPinSystem" name="test_set_owner_pin_invalid_too_short" time="0.486" /><testcase classname="tests.test_manager_pin_system.TestManagerPinSystem" name="test_set_owner_pin_invalid_too_long" time="0.470" /><testcase classname="tests.test_manager_pin_system.TestManagerPinSystem" name="test_set_owner_pin_invalid_non_numeric" time="0.510" /><testcase classname="tests.test_manager_pin_system.TestManagerPinSystem" name="test_verify_owner_pin_correct" time="1.043" /><testcase classname="tests.test_manager_pin_system.TestManagerPinSystem" name="test_verify_owner_pin_incorrect" time="0.969" /><testcase classname="tests.test_manager_pin_system.TestManagerPinSystem" name="test_designate_manager" time="0.514" /><testcase classname="tests.test_manager_pin_system.TestManagerPinSystem" name="test_designate_manager_default_permissions" time="0.500" /><testcase classname="tests.test_manager_pin_system.TestManagerPinSystem" name="test_get_workers_shows_manager_badge" time="0.577" /><testcase classname="tests.test_manager_pin_system.TestManagerPinSystem" name="test_update_manager_permissions" time="0.571" /><testcase classname="tests.test_manager_pin_system.TestManagerPinSystem" name="test_update_permissions_non_manager_fails" time="0.567" /><testcase classname="tests.test_manager_pin_system.TestManagerPinSystem" name="test_set_manager_pin" time="0.824" /><testcase classname="tests.test_manager_pin_system.TestManagerPinSystem" name="test_set_manager_pin_invalid" time="0.531" /><testcase classname="tests.test_manager_pin_system.TestManagerPinSystem" name="test_set_manager_pin_non_manager_fails" time="0.527" /><testcase classname="tests.test_manager_pin_system.TestManagerPinSystem" name="test_remove_manager" time="0.862" /><testcase classname="tests.test_manager_pin_system.TestManagerPinSystem" name="test_remove_manager_non_existent_worker" time="0.502" /></testsuite></testsuites>