<?xml version="1.0" encoding="utf-8"?><testsuites name="pytest tests"><testsuite name="pytest" errors="0" failures="0" skipped="2" tests="14" time="2.576" timestamp="2026-05-04T02:17:44.653251+00:00" hostname="agent-env-cf63a5d2-f5af-4c12-9a56-f2ffdb7a24b1"><testcase classname="tests.test_phase18_payout_and_code.TestBusinessCreateSchema" name="test_schema_defaults_payout_schedule_and_accepts_commission_terms" time="0.138" /><testcase classname="tests.test_phase18_payout_and_code.TestUsersMePublicCode" name="test_users_me_exposes_public_code" time="1.277"><skipped type="pytest.skip" message="Could not login user test@example.com">/app/backend/tests/test_phase18_payout_and_code.py:102: Could not login user test@example.com</skipped></testcase><testcase classname="tests.test_phase18_payout_and_code.TestMiniCRMPublicCode" name="test_clients_list_includes_public_code_field" time="0.377" /><testcase classname="tests.test_phase18_payout_and_code.TestMiniCRMPublicCode" name="test_clients_list_has_registered_with_code" time="0.056" /><testcase classname="tests.test_phase18_payout_and_code.TestMiniCRMPublicCode" name="test_clients_search_by_public_code" time="0.154" /><testcase classname="tests.test_phase18_payout_and_code.TestClientLookupEndpoint" name="test_lookup_ok_known_code" time="0.102" /><testcase classname="tests.test_phase18_payout_and_code.TestClientLookupEndpoint" name="test_lookup_known_code_no_history" time="0.051" /><testcase classname="tests.test_phase18_payout_and_code.TestClientLookupEndpoint" name="test_lookup_invalid_format_bv_prefix" time="0.048" /><testcase classname="tests.test_phase18_payout_and_code.TestClientLookupEndpoint" name="test_lookup_invalid_format_short" time="0.050" /><testcase classname="tests.test_phase18_payout_and_code.TestClientLookupEndpoint" name="test_lookup_invalid_format_bad_alphabet" time="0.047" /><testcase classname="tests.test_phase18_payout_and_code.TestClientLookupEndpoint" name="test_lookup_404_unknown" time="0.051" /><testcase classname="tests.test_phase18_payout_and_code.TestClientLookupEndpoint" name="test_lookup_401_unauth" time="0.048" /><testcase classname="tests.test_phase18_payout_and_code.TestClientLookupEndpoint" name="test_lookup_403_non_business" time="0.000"><skipped type="pytest.skip" message="Could not login user test@example.com">/app/backend/tests/test_phase18_payout_and_code.py:208: Could not login user test@example.com</skipped></testcase><testcase classname="tests.test_phase18_payout_and_code.TestBusinessPayoutScheduleMigrated" name="test_testspa_business_has_monthly_cutoff_20" time="0.109" /></testsuite></testsuites>