<?xml version="1.0" encoding="utf-8"?><testsuites name="pytest tests"><testsuite name="pytest" errors="0" failures="0" skipped="0" tests="8" time="3.508" timestamp="2026-04-08T03:06:10.328409+00:00" hostname="agent-env-cf63a5d2-f5af-4c12-9a56-f2ffdb7a24b1"><testcase classname="tests.test_p1_client_features.TestPaymentHistory" name="test_get_my_transactions_authenticated" time="0.441" /><testcase classname="tests.test_p1_client_features.TestPaymentHistory" name="test_get_my_transactions_unauthenticated" time="0.447" /><testcase classname="tests.test_p1_client_features.TestPaymentHistory" name="test_get_my_transactions_with_status_filter" time="0.376" /><testcase classname="tests.test_p1_client_features.TestRescheduleBooking" name="test_reschedule_endpoint_exists" time="0.412" /><testcase classname="tests.test_p1_client_features.TestRescheduleBooking" name="test_reschedule_requires_auth" time="0.447" /><testcase classname="tests.test_p1_client_features.TestRescheduleBooking" name="test_get_user_bookings_for_reschedule" time="0.428" /><testcase classname="tests.test_p1_client_features.TestBookingsAPI" name="test_bookings_have_hours_until_appointment" time="0.411" /><testcase classname="tests.test_p1_client_features.TestBookingsAPI" name="test_bookings_have_deposit_paid_field" time="0.470" /></testsuite></testsuites>