<?xml version="1.0" encoding="utf-8"?><testsuites name="pytest tests"><testsuite name="pytest" errors="0" failures="0" skipped="1" tests="11" time="2.843" timestamp="2026-04-05T03:24:25.170487+00:00" hostname="agent-env-cf63a5d2-f5af-4c12-9a56-f2ffdb7a24b1"><testcase classname="tests.test_manager_login_phase2.TestManagerLoginEndpoints" name="test_get_managers_with_valid_email" time="0.158" /><testcase classname="tests.test_manager_login_phase2.TestManagerLoginEndpoints" name="test_get_managers_with_nonexistent_email" time="0.138" /><testcase classname="tests.test_manager_login_phase2.TestManagerLoginEndpoints" name="test_get_managers_without_email_param" time="0.103" /><testcase classname="tests.test_manager_login_phase2.TestManagerLoginEndpoints" name="test_manager_login_success" time="0.352" /><testcase classname="tests.test_manager_login_phase2.TestManagerLoginEndpoints" name="test_manager_login_wrong_pin" time="0.365" /><testcase classname="tests.test_manager_login_phase2.TestManagerLoginEndpoints" name="test_manager_login_nonexistent_business" time="0.117" /><testcase classname="tests.test_manager_login_phase2.TestManagerLoginEndpoints" name="test_manager_login_nonexistent_worker" time="0.137" /><testcase classname="tests.test_manager_login_phase2.TestManagerLoginEndpoints" name="test_manager_login_non_manager_worker" time="0.408"><skipped type="pytest.skip" message="No non-manager workers available">/app/backend/tests/test_manager_login_phase2.py:187: No non-manager workers available</skipped></testcase><testcase classname="tests.test_manager_login_phase2.TestManagerLoginEndpoints" name="test_manager_login_returns_correct_permissions" time="0.332" /><testcase classname="tests.test_manager_login_phase2.TestBusinessOwnerLogin" name="test_owner_login_success" time="0.338" /><testcase classname="tests.test_manager_login_phase2.TestBusinessOwnerLogin" name="test_owner_login_wrong_password" time="0.330" /></testsuite></testsuites>