<?xml version="1.0" encoding="utf-8"?><testsuites name="pytest tests"><testsuite name="pytest" errors="0" failures="0" skipped="0" tests="13" time="3.333" timestamp="2026-04-13T03:57:45.806263+00:00" hostname="agent-env-cf63a5d2-f5af-4c12-9a56-f2ffdb7a24b1"><testcase classname="tests.test_new_dashboard_features.TestUserStats" name="test_user_stats_requires_auth" time="0.198" /><testcase classname="tests.test_new_dashboard_features.TestUserStats" name="test_user_stats_returns_expected_fields" time="0.444" /><testcase classname="tests.test_new_dashboard_features.TestBusinessDashboardSummary" name="test_dashboard_summary_requires_business_auth" time="0.102" /><testcase classname="tests.test_new_dashboard_features.TestBusinessDashboardSummary" name="test_dashboard_summary_returns_expected_structure" time="0.441" /><testcase classname="tests.test_new_dashboard_features.TestAdminCustomReports" name="test_custom_reports_requires_admin_auth" time="0.140" /><testcase classname="tests.test_new_dashboard_features.TestAdminCustomReports" name="test_custom_reports_default_params" time="1.132" /><testcase classname="tests.test_new_dashboard_features.TestAdminCustomReports" name="test_custom_reports_summary_fields" time="0.128" /><testcase classname="tests.test_new_dashboard_features.TestAdminCustomReports" name="test_custom_reports_with_date_filter" time="0.114" /><testcase classname="tests.test_new_dashboard_features.TestAdminCustomReports" name="test_custom_reports_with_city_filter" time="0.117" /><testcase classname="tests.test_new_dashboard_features.TestAdminCustomReports" name="test_custom_reports_with_category_filter" time="0.112" /><testcase classname="tests.test_new_dashboard_features.TestAdminCustomReports" name="test_custom_reports_daily_chart_structure" time="0.105" /><testcase classname="tests.test_new_dashboard_features.TestAdminCustomReports" name="test_custom_reports_top_businesses_structure" time="0.120" /><testcase classname="tests.test_new_dashboard_features.TestAdminCustomReports" name="test_custom_reports_top_cities_structure" time="0.105" /></testsuite></testsuites>