<?xml version="1.0" encoding="utf-8"?><testsuites name="pytest tests"><testsuite name="pytest" errors="0" failures="0" skipped="0" tests="13" time="3.860" timestamp="2026-02-23T04:32:38.148210+00:00" hostname="agent-env-77123593-6ae1-4d03-a6e8-1b0548bd07c4"><testcase classname="tests.test_sms_email_notifications.TestBackendHealth" name="test_categories_endpoint" time="0.206" /><testcase classname="tests.test_sms_email_notifications.TestBackendHealth" name="test_businesses_endpoint" time="0.163" /><testcase classname="tests.test_sms_email_notifications.TestBackendHealth" name="test_business_login" time="0.386" /><testcase classname="tests.test_sms_email_notifications.TestBackendHealth" name="test_workers_endpoint" time="0.455" /><testcase classname="tests.test_sms_email_notifications.TestSMSSendCode" name="test_send_code_success" time="0.109" /><testcase classname="tests.test_sms_email_notifications.TestSMSRateLimiting" name="test_rate_limit_after_3_attempts" time="0.457" /><testcase classname="tests.test_sms_email_notifications.TestPhoneVerification" name="test_verification_flow_correct_code" time="0.608" /><testcase classname="tests.test_sms_email_notifications.TestPhoneVerification" name="test_verification_flow_wrong_code" time="0.431" /><testcase classname="tests.test_sms_email_notifications.TestSMSCodeExpiration" name="test_code_structure_and_expiry_info" time="0.102" /><testcase classname="tests.test_sms_email_notifications.TestEmailMockStorage" name="test_admin_can_view_sent_emails" time="0.000" /><testcase classname="tests.test_sms_email_notifications.TestWorkerNotification" name="test_notification_service_import" time="0.452" /><testcase classname="tests.test_sms_email_notifications.TestAvailabilityEndpoint" name="test_availability_returns_slots" time="0.207" /><testcase classname="tests.test_sms_email_notifications.TestPublicWorkersEndpoint" name="test_get_workers_by_business_id" time="0.219" /></testsuite></testsuites>