<?xml version="1.0" encoding="utf-8"?><testsuites name="pytest tests"><testsuite name="pytest" errors="0" failures="1" skipped="0" tests="12" time="4.907" timestamp="2026-04-08T03:56:33.011825+00:00" hostname="agent-env-cf63a5d2-f5af-4c12-9a56-f2ffdb7a24b1"><testcase classname="tests.test_upload_and_registration.TestPublicUploadEndpoint" name="test_upload_public_accepts_valid_image" time="0.423" /><testcase classname="tests.test_upload_and_registration.TestPublicUploadEndpoint" name="test_upload_public_accepts_png" time="0.265" /><testcase classname="tests.test_upload_and_registration.TestPublicUploadEndpoint" name="test_upload_public_accepts_webp" time="0.418" /><testcase classname="tests.test_upload_and_registration.TestPublicUploadEndpoint" name="test_upload_public_rejects_large_file" time="0.372" /><testcase classname="tests.test_upload_and_registration.TestPublicUploadEndpoint" name="test_upload_public_rejects_invalid_extension" time="0.182" /><testcase classname="tests.test_upload_and_registration.TestPublicUploadEndpoint" name="test_upload_public_no_auth_required" time="0.267" /><testcase classname="tests.test_upload_and_registration.TestBusinessRegistrationWithImages" name="test_business_register_accepts_logo_url" time="1.208" /><testcase classname="tests.test_upload_and_registration.TestBusinessRegistrationWithImages" name="test_business_register_accepts_cover_photo" time="0.751" /><testcase classname="tests.test_upload_and_registration.TestBusinessResponseIncludesCoverPhoto" name="test_businesses_list_includes_cover_photo_field" time="0.163" /><testcase classname="tests.test_upload_and_registration.TestBusinessResponseIncludesCoverPhoto" name="test_business_by_slug_includes_cover_photo" time="0.234"><failure message="assert 404 == 200&#10; +  where 404 = &lt;Response [404]&gt;.status_code">backend/tests/test_upload_and_registration.py:208: in test_business_by_slug_includes_cover_photo
    assert detail_response.status_code == 200
E   assert 404 == 200
E    +  where 404 = &lt;Response [404]&gt;.status_code</failure></testcase><testcase classname="tests.test_upload_and_registration.TestPaymentHistoryEndpoint" name="test_my_transactions_requires_auth" time="0.107" /><testcase classname="tests.test_upload_and_registration.TestPaymentHistoryEndpoint" name="test_my_transactions_with_auth" time="0.424" /></testsuite></testsuites>