<?xml version="1.0" encoding="utf-8"?><testsuites name="pytest tests"><testsuite name="pytest" errors="0" failures="0" skipped="0" tests="9" time="1.948" timestamp="2026-03-18T17:52:20.013847+00:00" hostname="agent-env-8dc70759-5396-4744-a91b-6eb0a2f6e2cc"><testcase classname="tests.test_service_duration.TestServiceCRUD" name="test_create_service_with_duration_45min" time="0.666" /><testcase classname="tests.test_service_duration.TestServiceCRUD" name="test_get_business_services_includes_duration" time="0.073" /><testcase classname="tests.test_service_duration.TestServiceCRUD" name="test_update_service_duration" time="0.151" /><testcase classname="tests.test_service_duration.TestAvailability" name="test_availability_uses_service_duration" time="0.122" /><testcase classname="tests.test_service_duration.TestBookingCreation" name="test_create_booking_calculates_end_time" time="0.525" /><testcase classname="tests.test_service_duration.TestBookingCreation" name="test_overlapping_booking_returns_409" time="0.088" /><testcase classname="tests.test_service_duration.TestBookingCreation" name="test_adjacent_time_no_conflict" time="0.089" /><testcase classname="tests.test_service_duration.TestCleanup" name="test_cleanup_test_service" time="0.086" /><testcase classname="tests.test_service_duration.TestCleanup" name="test_cancel_test_booking" time="0.078" /></testsuite></testsuites>