<?xml version="1.0" encoding="utf-8"?><testsuites name="pytest tests"><testsuite name="pytest" errors="0" failures="0" skipped="1" tests="11" time="2.392" timestamp="2026-05-03T23:04:46.361199+00:00" hostname="agent-env-cf63a5d2-f5af-4c12-9a56-f2ffdb7a24b1"><testcase classname="tests.test_phase14_dashboard" name="test_profile_completion_requires_auth" time="0.255" /><testcase classname="tests.test_phase14_dashboard" name="test_profile_completion_requires_business_role" time="0.362"><skipped type="pytest.skip" message="no user token">/app/backend/tests/test_phase14_dashboard.py:36: no user token</skipped></testcase><testcase classname="tests.test_phase14_dashboard" name="test_profile_completion_shape" time="0.513" /><testcase classname="tests.test_phase14_dashboard" name="test_dashboard_summary_new_fields" time="0.110" /><testcase classname="tests.test_phase14_dashboard" name="test_profile_view_tracking_anon" time="0.284" /><testcase classname="tests.test_phase14_dashboard" name="test_business_stats_detail_today" time="0.152" /><testcase classname="tests.test_phase14_dashboard" name="test_business_stats_detail_all_types[today]" time="0.146" /><testcase classname="tests.test_phase14_dashboard" name="test_business_stats_detail_all_types[pending]" time="0.110" /><testcase classname="tests.test_phase14_dashboard" name="test_business_stats_detail_all_types[revenue]" time="0.148" /><testcase classname="tests.test_phase14_dashboard" name="test_business_stats_detail_all_types[total]" time="0.127" /><testcase classname="tests.test_phase14_dashboard" name="test_business_stats_detail_invalid" time="0.125" /></testsuite></testsuites>