<?xml version="1.0" encoding="utf-8"?><testsuites name="pytest tests"><testsuite name="pytest" errors="0" failures="0" skipped="1" tests="9" time="8.720" timestamp="2026-02-23T00:49:04.907137+00:00" hostname="agent-env-98b3318c-5202-4cbd-8d70-f296b7c3ffb6"><testcase classname="backend.tests.test_security_phase1.TestAdminSeed" name="test_seed_endpoint_exists" time="0.133" /><testcase classname="backend.tests.test_security_phase1.TestAdminSeed" name="test_admin_uses_env_email" time="0.143" /><testcase classname="backend.tests.test_security_phase1.TestAdminLogin2FA" name="test_admin_login_without_2fa_configured" time="2.159" /><testcase classname="backend.tests.test_security_phase1.Test2FASetupFlow" name="test_2fa_setup_generates_qr_code" time="2.136"><skipped type="pytest.skip" message="No temp token available for 2FA setup">/app/backend/tests/test_security_phase1.py:114: No temp token available for 2FA setup</skipped></testcase><testcase classname="backend.tests.test_security_phase1.TestAuditLogs" name="test_audit_logs_endpoint_exists" time="0.543" /><testcase classname="backend.tests.test_security_phase1.TestAuditLogs" name="test_audit_log_has_required_fields" time="0.518" /><testcase classname="backend.tests.test_security_phase1.TestBusinessApprovalAudit" name="test_approve_business_creates_audit_log" time="0.702" /><testcase classname="backend.tests.test_security_phase1.TestPendingBusinessRestrictions" name="test_pending_businesses_cannot_accept_bookings" time="0.194" /><testcase classname="backend.tests.test_security_phase1.TestAdminLoginAuditLog" name="test_admin_login_creates_audit_on_success" time="2.139" /></testsuite></testsuites>