<?xml version="1.0" encoding="utf-8"?><testsuites name="pytest tests"><testsuite name="pytest" errors="0" failures="0" skipped="7" tests="16" time="2.838" timestamp="2026-03-23T01:10:56.206836+00:00" hostname="agent-env-5ec87e0b-0390-43a9-9206-02dbfe1dbf02"><testcase classname="tests.test_payment_checkout_status.TestPaymentCheckoutStatus" name="test_health_check" time="0.281" /><testcase classname="tests.test_payment_checkout_status.TestPaymentCheckoutStatus" name="test_create_booking_hold_status" time="0.963"><skipped type="pytest.skip" message="Could not register business: {&quot;detail&quot;:&quot;Not Found&quot;}">/app/backend/tests/test_payment_checkout_status.py:217: Could not register business: {"detail":"Not Found"}</skipped></testcase><testcase classname="tests.test_payment_checkout_status.TestPaymentCheckoutStatus" name="test_create_deposit_checkout" time="0.000"><skipped type="pytest.skip" message="No test booking available">/app/backend/tests/test_payment_checkout_status.py:247: No test booking available</skipped></testcase><testcase classname="tests.test_payment_checkout_status.TestPaymentCheckoutStatus" name="test_checkout_status_endpoint_returns_data" time="0.000"><skipped type="pytest.skip" message="No stripe session available">/app/backend/tests/test_payment_checkout_status.py:271: No stripe session available</skipped></testcase><testcase classname="tests.test_payment_checkout_status.TestPaymentCheckoutStatus" name="test_checkout_status_invalid_session" time="0.421" /><testcase classname="tests.test_payment_checkout_status.TestPaymentCheckoutStatus" name="test_deposit_checkout_requires_auth" time="0.053" /><testcase classname="tests.test_payment_checkout_status.TestPaymentCheckoutStatus" name="test_deposit_checkout_invalid_booking" time="0.052" /><testcase classname="tests.test_payment_checkout_status.TestPaymentCheckoutStatus" name="test_deposit_checkout_requires_booking_id" time="0.045" /><testcase classname="tests.test_payment_checkout_status.TestPaymentCheckoutStatus" name="test_my_bookings_shows_hold_booking" time="0.000"><skipped type="pytest.skip" message="No test booking available">/app/backend/tests/test_payment_checkout_status.py:335: No test booking available</skipped></testcase><testcase classname="tests.test_payment_checkout_status.TestPaymentCheckoutStatus" name="test_business_skip_payment_booking" time="0.000"><skipped type="pytest.skip" message="Could not register business: {&quot;detail&quot;:&quot;Not Found&quot;}">/app/backend/tests/test_payment_checkout_status.py:353: Could not register business: {"detail":"Not Found"}</skipped></testcase><testcase classname="tests.test_payment_checkout_status.TestPaymentCheckoutStatus" name="test_business_stats_includes_confirmed" time="0.000"><skipped type="pytest.skip" message="No business booking available">/app/backend/tests/test_payment_checkout_status.py:384: No business booking available</skipped></testcase><testcase classname="tests.test_payment_checkout_status.TestPaymentCheckoutStatus" name="test_idempotent_checkout_creation" time="0.000"><skipped type="pytest.skip" message="No test booking available">/app/backend/tests/test_payment_checkout_status.py:403: No test booking available</skipped></testcase><testcase classname="tests.test_payment_checkout_status.TestWebhookEndpoint" name="test_webhook_endpoint_exists" time="0.146" /><testcase classname="tests.test_payment_checkout_status.TestWebhookEndpoint" name="test_webhook_handles_invalid_event" time="0.051" /><testcase classname="tests.test_payment_checkout_status.TestExistingBusinessPaymentFlow" name="test_existing_business_can_view_stats" time="0.400" /><testcase classname="tests.test_payment_checkout_status.TestExistingBusinessPaymentFlow" name="test_existing_user_can_view_bookings" time="0.346" /></testsuite></testsuites>