<?xml version="1.0" encoding="utf-8"?><testsuites name="pytest tests"><testsuite name="pytest" errors="0" failures="0" skipped="0" tests="22" time="6.521" timestamp="2026-02-23T03:47:11.350518+00:00" hostname="agent-env-77123593-6ae1-4d03-a6e8-1b0548bd07c4"><testcase classname="backend.tests.test_p2_workers_schedules.TestWorkersCRUD" name="test_create_worker" time="0.626" /><testcase classname="backend.tests.test_p2_workers_schedules.TestWorkersCRUD" name="test_list_workers" time="0.101" /><testcase classname="backend.tests.test_p2_workers_schedules.TestWorkersCRUD" name="test_get_worker_by_id" time="0.182" /><testcase classname="backend.tests.test_p2_workers_schedules.TestWorkersCRUD" name="test_update_worker" time="0.113" /><testcase classname="backend.tests.test_p2_workers_schedules.TestWorkersCRUD" name="test_soft_delete_worker" time="0.317" /><testcase classname="backend.tests.test_p2_workers_schedules.TestWorkersCRUD" name="test_reactivate_worker" time="0.251" /><testcase classname="backend.tests.test_p2_workers_schedules.TestScheduleManagement" name="test_update_schedule_multiple_blocks" time="0.267" /><testcase classname="backend.tests.test_p2_workers_schedules.TestScheduleManagement" name="test_schedule_validation_overlapping_blocks" time="0.276" /><testcase classname="backend.tests.test_p2_workers_schedules.TestScheduleManagement" name="test_schedule_validation_invalid_times" time="0.285" /><testcase classname="backend.tests.test_p2_workers_schedules.TestExceptions" name="test_add_full_day_exception" time="0.218" /><testcase classname="backend.tests.test_p2_workers_schedules.TestExceptions" name="test_add_date_range_exception" time="0.229" /><testcase classname="backend.tests.test_p2_workers_schedules.TestExceptions" name="test_add_partial_day_exception" time="0.221" /><testcase classname="backend.tests.test_p2_workers_schedules.TestExceptions" name="test_exception_validation_invalid_dates" time="0.269" /><testcase classname="backend.tests.test_p2_workers_schedules.TestExceptions" name="test_exception_validation_invalid_times" time="0.256" /><testcase classname="backend.tests.test_p2_workers_schedules.TestExceptions" name="test_remove_exception" time="0.354" /><testcase classname="backend.tests.test_p2_workers_schedules.TestAvailabilityEngine" name="test_availability_basic" time="0.158" /><testcase classname="backend.tests.test_p2_workers_schedules.TestAvailabilityEngine" name="test_availability_with_unavailable_slots" time="0.132" /><testcase classname="backend.tests.test_p2_workers_schedules.TestAvailabilityEngine" name="test_availability_specific_worker" time="0.205" /><testcase classname="backend.tests.test_p2_workers_schedules.TestAvailabilityEngine" name="test_availability_timezone" time="0.111" /><testcase classname="backend.tests.test_p2_workers_schedules.TestServiceWorkerAssociation" name="test_service_with_allowed_workers" time="0.418" /><testcase classname="backend.tests.test_p2_workers_schedules.TestPublicWorkerEndpoint" name="test_get_workers_by_business_id" time="0.124" /><testcase classname="backend.tests.test_p2_workers_schedules.TestCleanup" name="test_cleanup_test_workers" time="1.281" /></testsuite></testsuites>