<?xml version="1.0" encoding="utf-8"?><testsuites name="pytest tests"><testsuite name="pytest" errors="0" failures="0" skipped="0" tests="8" time="3.781" timestamp="2026-04-08T21:10:11.493600+00:00" hostname="agent-env-cf63a5d2-f5af-4c12-9a56-f2ffdb7a24b1"><testcase classname="tests.test_business_settings.TestBusinessSettingsAPI" name="test_health_endpoint" time="0.499" /><testcase classname="tests.test_business_settings.TestBusinessSettingsAPI" name="test_get_private_info" time="0.397" /><testcase classname="tests.test_business_settings.TestBusinessSettingsAPI" name="test_get_dashboard" time="0.465" /><testcase classname="tests.test_business_settings.TestBusinessSettingsAPI" name="test_get_blacklist" time="0.418" /><testcase classname="tests.test_business_settings.TestBusinessSettingsAPI" name="test_update_business_info" time="0.553" /><testcase classname="tests.test_business_settings.TestBusinessSettingsAPI" name="test_private_info_requires_owner" time="0.442" /><testcase classname="tests.test_business_settings.TestBlacklistAPI" name="test_add_and_remove_blacklist_entry" time="0.565" /><testcase classname="tests.test_business_settings.TestBlacklistAPI" name="test_blacklist_requires_identifier" time="0.382" /></testsuite></testsuites>