<?xml version="1.0" encoding="utf-8"?><testsuites name="pytest tests"><testsuite name="pytest" errors="0" failures="1" skipped="1" tests="14" time="7.081" timestamp="2026-02-23T01:51:08.130125+00:00" hostname="agent-env-98b3318c-5202-4cbd-8d70-f296b7c3ffb6"><testcase classname="backend.tests.test_fase2_financiero.TestSetup" name="test_api_health" time="0.290"><failure message="assert 404 == 200&#10; +  where 404 = &lt;Response [404]&gt;.status_code">backend/tests/test_fase2_financiero.py:35: in test_api_health
    assert response.status_code == 200
E   assert 404 == 200
E    +  where 404 = &lt;Response [404]&gt;.status_code</failure></testcase><testcase classname="backend.tests.test_fase2_financiero.TestSetup" name="test_test_user_login" time="0.369" /><testcase classname="backend.tests.test_fase2_financiero.TestSetup" name="test_business_exists" time="0.144" /><testcase classname="backend.tests.test_fase2_financiero.TestBookingCreation" name="test_create_booking_returns_hold_status" time="0.494" /><testcase classname="backend.tests.test_fase2_financiero.TestBookingCreation" name="test_booking_slot_conflict" time="0.639" /><testcase classname="backend.tests.test_fase2_financiero.TestDepositCheckout" name="test_create_deposit_checkout_session" time="1.265" /><testcase classname="backend.tests.test_fase2_financiero.TestDepositCheckout" name="test_checkout_creates_transaction_with_created_status" time="0.614"><skipped type="pytest.skip" message="Could not create booking for test: {&quot;detail&quot;:&quot;Slot already taken&quot;}">/app/backend/tests/test_fase2_financiero.py:230: Could not create booking for test: {"detail":"Slot already taken"}</skipped></testcase><testcase classname="backend.tests.test_fase2_financiero.TestUserTransactions" name="test_get_my_transactions" time="0.545" /><testcase classname="backend.tests.test_fase2_financiero.TestUserCancellation" name="test_cancel_hold_booking" time="0.627" /><testcase classname="backend.tests.test_fase2_financiero.TestUserCancellation" name="test_cancel_confirms_refund_policy_gt_24h" time="0.817" /><testcase classname="backend.tests.test_fase2_financiero.TestBusinessCancellation" name="test_business_cancel_endpoint_exists" time="0.114" /><testcase classname="backend.tests.test_fase2_financiero.TestNoShowEndpoint" name="test_noshow_endpoint_exists" time="0.123" /><testcase classname="backend.tests.test_fase2_financiero.TestTransactionStatusEnum" name="test_transaction_statuses_in_api" time="0.470" /><testcase classname="backend.tests.test_fase2_financiero.TestUserBookingsList" name="test_my_bookings_returns_required_fields" time="0.467" /></testsuite></testsuites>