<?xml version="1.0" encoding="utf-8"?><testsuites name="pytest tests"><testsuite name="pytest" errors="0" failures="0" skipped="0" tests="10" time="5.316" timestamp="2026-04-06T19:32:11.021503+00:00" hostname="agent-env-cf63a5d2-f5af-4c12-9a56-f2ffdb7a24b1"><testcase classname="tests.test_admin_permissions.TestOwnerLogin" name="test_owner_login_success" time="0.449" /><testcase classname="tests.test_admin_permissions.TestOwnerLogin" name="test_owner_dashboard_access" time="0.476" /><testcase classname="tests.test_admin_permissions.TestAdminLogin" name="test_get_managers_list" time="0.125" /><testcase classname="tests.test_admin_permissions.TestAdminLogin" name="test_admin_login_success" time="0.330" /><testcase classname="tests.test_admin_permissions.TestAdminLogin" name="test_admin_login_wrong_pin" time="0.388" /><testcase classname="tests.test_admin_permissions.TestPermissionsStructure" name="test_default_permissions_structure" time="0.520" /><testcase classname="tests.test_admin_permissions.TestUpdatePermissions" name="test_update_permissions_as_owner" time="0.797" /><testcase classname="tests.test_admin_permissions.TestUpdatePermissions" name="test_update_new_visibility_permissions" time="0.838" /><testcase classname="tests.test_admin_permissions.TestUpdatePermissions" name="test_update_new_profile_permissions" time="0.837" /><testcase classname="tests.test_admin_permissions.TestAdminDashboardAccess" name="test_admin_dashboard_access" time="0.489" /></testsuite></testsuites>