<?xml version="1.0" encoding="utf-8"?><testsuites name="pytest tests"><testsuite name="pytest" errors="0" failures="0" skipped="0" tests="28" time="5.191" timestamp="2026-04-13T02:55:47.640408+00:00" hostname="agent-env-cf63a5d2-f5af-4c12-9a56-f2ffdb7a24b1"><testcase classname="tests.test_admin_expanded_features.TestCategoriesCRUD" name="test_get_categories_returns_list_with_business_count" time="1.190" /><testcase classname="tests.test_admin_expanded_features.TestCategoriesCRUD" name="test_create_category_success" time="0.113" /><testcase classname="tests.test_admin_expanded_features.TestCategoriesCRUD" name="test_create_category_duplicate_slug_fails" time="0.112" /><testcase classname="tests.test_admin_expanded_features.TestCategoriesCRUD" name="test_update_category_success" time="0.107" /><testcase classname="tests.test_admin_expanded_features.TestCategoriesCRUD" name="test_update_category_not_found" time="0.107" /><testcase classname="tests.test_admin_expanded_features.TestCategoriesCRUD" name="test_delete_category_success" time="0.100" /><testcase classname="tests.test_admin_expanded_features.TestCategoriesCRUD" name="test_delete_category_with_businesses_fails" time="0.222" /><testcase classname="tests.test_admin_expanded_features.TestCategoriesCRUD" name="test_categories_requires_admin_auth" time="0.111" /><testcase classname="tests.test_admin_expanded_features.TestPlatformConfig" name="test_get_config_returns_defaults" time="0.113" /><testcase classname="tests.test_admin_expanded_features.TestPlatformConfig" name="test_update_config_success" time="0.353" /><testcase classname="tests.test_admin_expanded_features.TestPlatformConfig" name="test_update_config_validates_fee_range" time="0.228" /><testcase classname="tests.test_admin_expanded_features.TestPlatformConfig" name="test_update_config_validates_negative_values" time="0.203" /><testcase classname="tests.test_admin_expanded_features.TestPlatformConfig" name="test_config_requires_admin_auth" time="0.099" /><testcase classname="tests.test_admin_expanded_features.TestSupportTickets" name="test_get_tickets_returns_paginated_list" time="0.104" /><testcase classname="tests.test_admin_expanded_features.TestSupportTickets" name="test_get_tickets_with_status_filter" time="0.113" /><testcase classname="tests.test_admin_expanded_features.TestSupportTickets" name="test_get_tickets_with_search" time="0.104" /><testcase classname="tests.test_admin_expanded_features.TestSupportTickets" name="test_get_ticket_stats" time="0.104" /><testcase classname="tests.test_admin_expanded_features.TestSupportTickets" name="test_get_ticket_detail" time="0.234" /><testcase classname="tests.test_admin_expanded_features.TestSupportTickets" name="test_get_ticket_detail_not_found" time="0.106" /><testcase classname="tests.test_admin_expanded_features.TestSupportTickets" name="test_respond_to_ticket" time="0.230" /><testcase classname="tests.test_admin_expanded_features.TestSupportTickets" name="test_respond_to_ticket_not_found" time="0.108" /><testcase classname="tests.test_admin_expanded_features.TestSupportTickets" name="test_close_ticket" time="0.215" /><testcase classname="tests.test_admin_expanded_features.TestSupportTickets" name="test_close_ticket_not_found" time="0.108" /><testcase classname="tests.test_admin_expanded_features.TestSupportTickets" name="test_tickets_requires_admin_auth" time="0.107" /><testcase classname="tests.test_admin_expanded_features.TestAdminRegression" name="test_admin_stats_still_works" time="0.106" /><testcase classname="tests.test_admin_expanded_features.TestAdminRegression" name="test_admin_businesses_all_still_works" time="0.162" /><testcase classname="tests.test_admin_expanded_features.TestAdminRegression" name="test_admin_users_all_still_works" time="0.126" /><testcase classname="tests.test_admin_expanded_features.TestAdminRegression" name="test_admin_reviews_all_still_works" time="0.104" /></testsuite></testsuites>