<?xml version="1.0" encoding="utf-8"?><testsuites name="pytest tests"><testsuite name="pytest" errors="0" failures="0" skipped="0" tests="8" time="0.674" timestamp="2026-03-16T02:22:27.225218+00:00" hostname="agent-env-ffc03e32-1def-46cd-8696-4ef782f48949"><testcase classname="tests.test_closures.TestClosuresAuth" name="test_get_closures_returns_401_without_auth" time="0.133" /><testcase classname="tests.test_closures.TestClosuresAuth" name="test_post_closures_returns_401_without_auth" time="0.054" /><testcase classname="tests.test_closures.TestClosuresAuth" name="test_delete_closures_returns_401_without_auth" time="0.052" /><testcase classname="tests.test_closures.TestPublicPages" name="test_health_endpoint" time="0.051" /><testcase classname="tests.test_closures.TestPublicPages" name="test_categories_endpoint" time="0.113" /><testcase classname="tests.test_closures.TestPublicPages" name="test_search_businesses" time="0.056" /><testcase classname="tests.test_closures.TestPublicPages" name="test_business_profile_by_slug" time="0.050" /><testcase classname="tests.test_closures.TestAvailabilityWithClosures" name="test_availability_endpoint_works" time="0.106" /></testsuite></testsuites>