<?xml version="1.0" encoding="utf-8"?><testsuites name="pytest tests"><testsuite name="pytest" errors="0" failures="2" skipped="0" tests="8" time="2.643" timestamp="2026-04-26T03:37:50.273577+00:00" hostname="agent-env-cf63a5d2-f5af-4c12-9a56-f2ffdb7a24b1"><testcase classname="tests.test_notification_preferences.TestUserNotificationPrefs" name="test_get_me_returns_notify_defaults" time="0.612" /><testcase classname="tests.test_notification_preferences.TestUserNotificationPrefs" name="test_put_users_me_set_sms_false" time="0.222" /><testcase classname="tests.test_notification_preferences.TestUserNotificationPrefs" name="test_put_users_me_set_both_false" time="0.231" /><testcase classname="tests.test_notification_preferences.TestUserNotificationPrefs" name="test_put_users_me_restore_both_true" time="0.112" /><testcase classname="tests.test_notification_preferences.TestBusinessNotificationPrefs" name="test_private_info_returns_notify_fields" time="0.557" /><testcase classname="tests.test_notification_preferences.TestBusinessNotificationPrefs" name="test_put_businesses_me_set_sms_false" time="0.117"><failure message="AssertionError: Internal Server Error&#10;assert 500 == 200&#10; +  where 500 = &lt;Response [500]&gt;.status_code">backend/tests/test_notification_preferences.py:106: in test_put_businesses_me_set_sms_false
    assert r.status_code == 200, r.text
E   AssertionError: Internal Server Error
E   assert 500 == 200
E    +  where 500 = &lt;Response [500]&gt;.status_code</failure></testcase><testcase classname="tests.test_notification_preferences.TestBusinessNotificationPrefs" name="test_put_businesses_me_restore" time="0.105"><failure message="assert 500 == 200&#10; +  where 500 = &lt;Response [500]&gt;.status_code">backend/tests/test_notification_preferences.py:120: in test_put_businesses_me_restore
    assert r.status_code == 200
E   assert 500 == 200
E    +  where 500 = &lt;Response [500]&gt;.status_code</failure></testcase><testcase classname="tests.test_notification_preferences.TestSmsHelper" name="test_send_booking_confirmation_sms_callable" time="0.611" /></testsuite></testsuites>