<?xml version="1.0" encoding="utf-8"?><testsuites name="pytest tests"><testsuite name="pytest" errors="0" failures="0" skipped="0" tests="9" time="3.634" timestamp="2026-05-04T05:24:57.800136+00:00" hostname="agent-env-cf63a5d2-f5af-4c12-9a56-f2ffdb7a24b1"><testcase classname="tests.test_phase20_legal_file.TestOwnerLegalFile" name="test_owner_download_returns_valid_pdf" time="1.040" /><testcase classname="tests.test_phase20_legal_file.TestOwnerLegalFile" name="test_consumer_user_rejected" time="0.324" /><testcase classname="tests.test_phase20_legal_file.TestOwnerLegalFile" name="test_unauthenticated_rejected" time="0.042" /><testcase classname="tests.test_phase20_legal_file.TestPublicVerify" name="test_verify_valid_file_id" time="0.471" /><testcase classname="tests.test_phase20_legal_file.TestPublicVerify" name="test_verify_case_insensitive" time="0.403" /><testcase classname="tests.test_phase20_legal_file.TestPublicVerify" name="test_verify_bad_id" time="0.103" /><testcase classname="tests.test_phase20_legal_file.TestAdminLegalFile" name="test_admin_downloads_any_business_pdf" time="0.552" /><testcase classname="tests.test_phase20_legal_file.TestAdminLegalFile" name="test_business_owner_blocked_from_admin_route" time="0.043" /><testcase classname="tests.test_phase20_legal_file.TestNoDepositBusiness" name="test_no_deposit_owner_can_still_download" time="0.526" /></testsuite></testsuites>