<?xml version="1.0" encoding="utf-8"?><testsuites name="pytest tests"><testsuite name="pytest" errors="0" failures="0" skipped="0" tests="13" time="3.736" timestamp="2026-04-08T05:45:04.494158+00:00" hostname="agent-env-cf63a5d2-f5af-4c12-9a56-f2ffdb7a24b1"><testcase classname="tests.test_subscription_flow_v2.TestCreateSubscriptionEndpoint" name="test_create_subscription_missing_email" time="0.267" /><testcase classname="tests.test_subscription_flow_v2.TestCreateSubscriptionEndpoint" name="test_create_subscription_empty_email" time="0.103" /><testcase classname="tests.test_subscription_flow_v2.TestCreateSubscriptionEndpoint" name="test_create_subscription_nonexistent_business" time="0.103" /><testcase classname="tests.test_subscription_flow_v2.TestCreateSubscriptionEndpoint" name="test_create_subscription_valid_business_no_subscription" time="0.807" /><testcase classname="tests.test_subscription_flow_v2.TestCreateSubscriptionEndpoint" name="test_create_subscription_business_already_subscribed" time="0.100" /><testcase classname="tests.test_subscription_flow_v2.TestVerifySubscriptionEndpoint" name="test_verify_subscription_missing_session_id" time="0.115" /><testcase classname="tests.test_subscription_flow_v2.TestVerifySubscriptionEndpoint" name="test_verify_subscription_empty_session_id" time="0.416" /><testcase classname="tests.test_subscription_flow_v2.TestVerifySubscriptionEndpoint" name="test_verify_subscription_invalid_session_id" time="0.280" /><testcase classname="tests.test_subscription_flow_v2.TestBusinessLoginSubscriptionCheck" name="test_login_business_without_subscription" time="0.373" /><testcase classname="tests.test_subscription_flow_v2.TestBusinessLoginSubscriptionCheck" name="test_login_business_with_subscription" time="0.329" /><testcase classname="tests.test_subscription_flow_v2.TestBusinessLoginSubscriptionCheck" name="test_login_business_invalid_credentials" time="0.329" /><testcase classname="tests.test_subscription_flow_v2.TestNormalUserLogin" name="test_normal_user_login" time="0.335" /><testcase classname="tests.test_subscription_flow_v2.TestHealthCheck" name="test_health_endpoint" time="0.113" /></testsuite></testsuites>