<?xml version="1.0" encoding="utf-8"?><testsuites name="pytest tests"><testsuite name="pytest" errors="0" failures="0" skipped="0" tests="6" time="2.297" timestamp="2026-03-28T18:25:51.155750+00:00" hostname="agent-env-cf63a5d2-f5af-4c12-9a56-f2ffdb7a24b1"><testcase classname="tests.test_age_verification.TestUserRegistrationWithAgeAndCountry" name="test_register_user_with_birth_date_and_country" time="0.347" /><testcase classname="tests.test_age_verification.TestUserRegistrationWithAgeAndCountry" name="test_register_user_with_different_country" time="0.331" /><testcase classname="tests.test_age_verification.TestUserRegistrationWithAgeAndCountry" name="test_register_user_without_birth_date" time="0.347" /><testcase classname="tests.test_age_verification.TestBusinessRegistrationWithOwnerBirthDate" name="test_register_business_with_owner_birth_date" time="0.567" /><testcase classname="tests.test_age_verification.TestBusinessRegistrationWithOwnerBirthDate" name="test_register_business_with_different_country" time="0.547" /><testcase classname="tests.test_age_verification.TestHealthCheck" name="test_api_health" time="0.112" /></testsuite></testsuites>