<?xml version="1.0" encoding="utf-8"?><testsuites name="pytest tests"><testsuite name="pytest" errors="0" failures="0" skipped="0" tests="14" time="2.022" timestamp="2026-04-01T21:17:51.497715+00:00" hostname="agent-env-cf63a5d2-f5af-4c12-9a56-f2ffdb7a24b1"><testcase classname="tests.test_smart_dropdowns.TestCitiesWithBusinesses" name="test_cities_with_businesses_returns_only_cities_with_businesses" time="0.175" /><testcase classname="tests.test_smart_dropdowns.TestCitiesWithBusinesses" name="test_cities_with_businesses_sorted_by_count" time="0.197" /><testcase classname="tests.test_smart_dropdowns.TestCitiesWithBusinesses" name="test_cities_with_businesses_has_cdmx" time="0.157" /><testcase classname="tests.test_smart_dropdowns.TestCitiesWithBusinesses" name="test_cities_without_with_businesses_returns_all_seeded" time="0.110" /><testcase classname="tests.test_smart_dropdowns.TestCitiesWithBusinesses" name="test_cities_with_businesses_search_filter" time="0.108" /><testcase classname="tests.test_smart_dropdowns.TestCategoriesFiltering" name="test_categories_without_city_returns_all" time="0.140" /><testcase classname="tests.test_smart_dropdowns.TestCategoriesFiltering" name="test_categories_with_city_returns_only_matching" time="0.117" /><testcase classname="tests.test_smart_dropdowns.TestCategoriesFiltering" name="test_categories_cdmx_has_belleza" time="0.131" /><testcase classname="tests.test_smart_dropdowns.TestCategoriesFiltering" name="test_categories_nonexistent_city_returns_empty" time="0.142" /><testcase classname="tests.test_smart_dropdowns.TestCategoriesFiltering" name="test_categories_include_business_count" time="0.108" /><testcase classname="tests.test_smart_dropdowns.TestSearchNavigation" name="test_search_with_city_param" time="0.106" /><testcase classname="tests.test_smart_dropdowns.TestSearchNavigation" name="test_search_with_query_param" time="0.116" /><testcase classname="tests.test_smart_dropdowns.TestIntegration" name="test_full_flow_city_to_categories" time="0.227" /><testcase classname="tests.test_smart_dropdowns.TestIntegration" name="test_all_cities_option_returns_all_categories" time="0.120" /></testsuite></testsuites>