<?xml version="1.0" encoding="utf-8"?><testsuites name="pytest tests"><testsuite name="pytest" errors="0" failures="0" skipped="0" tests="7" time="2.455" timestamp="2026-04-07T06:57:12.636173+00:00" hostname="agent-env-cf63a5d2-f5af-4c12-9a56-f2ffdb7a24b1"><testcase classname="tests.test_client_history.TestClientHistoryEndpoint" name="test_client_history_requires_auth" time="0.117" /><testcase classname="tests.test_client_history.TestClientHistoryEndpoint" name="test_client_history_rejects_regular_user" time="0.367" /><testcase classname="tests.test_client_history.TestClientHistoryEndpoint" name="test_client_history_returns_correct_structure" time="0.379" /><testcase classname="tests.test_client_history.TestClientHistoryEndpoint" name="test_client_history_values_are_correct_types" time="0.369" /><testcase classname="tests.test_client_history.TestClientHistoryEndpoint" name="test_client_history_list_structure" time="0.386" /><testcase classname="tests.test_client_history.TestClientHistoryEndpoint" name="test_client_history_nonexistent_user" time="0.370" /><testcase classname="tests.test_client_history.TestClientHistoryEndpoint" name="test_client_history_first_last_visit_dates" time="0.387" /></testsuite></testsuites>