<?xml version="1.0" encoding="utf-8"?><testsuites name="pytest tests"><testsuite name="pytest" errors="0" failures="0" skipped="0" tests="20" time="4.225" timestamp="2026-03-17T03:34:41.792788+00:00" hostname="agent-env-8dc70759-5396-4744-a91b-6eb0a2f6e2cc"><testcase classname="tests.test_cloudinary_integration.TestHealthAndAuth" name="test_health_check" time="0.160" /><testcase classname="tests.test_cloudinary_integration.TestHealthAndAuth" name="test_login_success" time="0.378" /><testcase classname="tests.test_cloudinary_integration.TestGalleryPhotoUpload" name="test_upload_photo_requires_auth" time="0.153" /><testcase classname="tests.test_cloudinary_integration.TestGalleryPhotoUpload" name="test_upload_photo_success" time="0.561" /><testcase classname="tests.test_cloudinary_integration.TestGalleryPhotoUpload" name="test_upload_jfif_file" time="0.350" /><testcase classname="tests.test_cloudinary_integration.TestGalleryPhotoUpload" name="test_upload_rejects_invalid_format" time="0.115" /><testcase classname="tests.test_cloudinary_integration.TestGetPhotos" name="test_get_photos_requires_auth" time="0.107" /><testcase classname="tests.test_cloudinary_integration.TestGetPhotos" name="test_get_photos_returns_list" time="0.116" /><testcase classname="tests.test_cloudinary_integration.TestDeletePhoto" name="test_delete_photo_requires_auth" time="0.102" /><testcase classname="tests.test_cloudinary_integration.TestDeletePhoto" name="test_delete_nonexistent_photo" time="0.136" /><testcase classname="tests.test_cloudinary_integration.TestDeletePhoto" name="test_delete_uploaded_photo" time="0.263" /><testcase classname="tests.test_cloudinary_integration.TestLogoUpload" name="test_upload_logo_requires_auth" time="0.108" /><testcase classname="tests.test_cloudinary_integration.TestLogoUpload" name="test_upload_logo_success" time="0.313" /><testcase classname="tests.test_cloudinary_integration.TestLogoUpload" name="test_upload_logo_rejects_invalid_format" time="0.106" /><testcase classname="tests.test_cloudinary_integration.TestGenericUploadEndpoint" name="test_generic_upload_requires_auth" time="0.116" /><testcase classname="tests.test_cloudinary_integration.TestGenericUploadEndpoint" name="test_generic_upload_returns_503_without_cloudinary" time="0.105" /><testcase classname="tests.test_cloudinary_integration.TestFileValidation" name="test_file_size_validation" time="0.570" /><testcase classname="tests.test_cloudinary_integration.TestBusinessDashboardLogoDisplay" name="test_dashboard_includes_logo_url" time="0.125" /><testcase classname="tests.test_cloudinary_integration.TestBusinessDashboardLogoDisplay" name="test_dashboard_includes_photos_array" time="0.176" /><testcase classname="tests.test_cloudinary_integration.TestServeFiles" name="test_serve_nonexistent_file" time="0.099" /></testsuite></testsuites>