<?xml version="1.0" encoding="utf-8"?><testsuites name="pytest tests"><testsuite name="pytest" errors="0" failures="0" skipped="0" tests="10" time="2.838" timestamp="2026-04-05T03:36:44.137226+00:00" hostname="agent-env-cf63a5d2-f5af-4c12-9a56-f2ffdb7a24b1"><testcase classname="tests.test_activity_log_phase3.TestActivityLogEndpoint" name="test_activity_log_returns_logs_with_pagination" time="0.574" /><testcase classname="tests.test_activity_log_phase3.TestActivityLogEndpoint" name="test_activity_log_filter_by_admin" time="0.116" /><testcase classname="tests.test_activity_log_phase3.TestActivityLogEndpoint" name="test_activity_log_filter_by_owner" time="0.108" /><testcase classname="tests.test_activity_log_phase3.TestActivityLogEndpoint" name="test_activity_log_admin_access_denied" time="0.768" /><testcase classname="tests.test_activity_log_phase3.TestActivityLogEndpoint" name="test_activity_log_entry_structure" time="0.160" /><testcase classname="tests.test_activity_log_phase3.TestActivityLogEndpoint" name="test_activity_log_pagination" time="0.236" /><testcase classname="tests.test_activity_log_phase3.TestActivityLogEndpoint" name="test_activity_log_unauthenticated_access" time="0.121" /><testcase classname="tests.test_activity_log_phase3.TestActivityLogGeneration" name="test_activity_logs_exist_for_business" time="0.461" /><testcase classname="tests.test_activity_log_phase3.TestActivityLogGeneration" name="test_activity_log_actions_are_valid" time="0.123" /><testcase classname="tests.test_activity_log_phase3.TestActivityLogGeneration" name="test_activity_log_sorted_by_created_at_desc" time="0.104" /></testsuite></testsuites>