<?xml version="1.0" encoding="utf-8"?><testsuites name="pytest tests"><testsuite name="pytest" errors="0" failures="0" skipped="0" tests="17" time="4.160" timestamp="2026-04-13T04:16:49.348301+00:00" hostname="agent-env-cf63a5d2-f5af-4c12-9a56-f2ffdb7a24b1"><testcase classname="tests.test_staff_management.TestStaffCRUD" name="test_01_get_staff_list_requires_super_admin" time="1.222" /><testcase classname="tests.test_staff_management.TestStaffCRUD" name="test_02_create_staff_member" time="0.334" /><testcase classname="tests.test_staff_management.TestStaffCRUD" name="test_03_create_staff_duplicate_email_fails" time="0.151" /><testcase classname="tests.test_staff_management.TestStaffCRUD" name="test_04_create_staff_invalid_permission_fails" time="0.099" /><testcase classname="tests.test_staff_management.TestStaffCRUD" name="test_05_update_staff_member" time="0.116" /><testcase classname="tests.test_staff_management.TestStaffCRUD" name="test_06_get_staff_list_shows_created_staff" time="0.100" /><testcase classname="tests.test_staff_management.TestStaffLogin" name="test_01_staff_login_without_totp" time="0.327" /><testcase classname="tests.test_staff_management.TestStaffLogin" name="test_02_staff_login_wrong_password_fails" time="0.322" /><testcase classname="tests.test_staff_management.TestStaffPermissions" name="test_01_staff_my_permissions_endpoint" time="0.098" /><testcase classname="tests.test_staff_management.TestStaffPermissions" name="test_02_super_admin_my_permissions" time="0.107" /><testcase classname="tests.test_staff_management.TestStaffPermissions" name="test_03_staff_can_access_admin_stats" time="0.128" /><testcase classname="tests.test_staff_management.TestStaffPermissions" name="test_04_staff_can_access_businesses_all" time="0.166" /><testcase classname="tests.test_staff_management.TestStaffPermissions" name="test_05_staff_cannot_access_staff_crud" time="0.240" /><testcase classname="tests.test_staff_management.TestStaffPasswordReset" name="test_01_reset_staff_password" time="0.334" /><testcase classname="tests.test_staff_management.TestStaffDelete" name="test_01_delete_staff_member" time="0.136" /><testcase classname="tests.test_staff_management.TestStaffDelete" name="test_02_deleted_staff_cannot_login" time="0.098" /><testcase classname="tests.test_staff_management.TestAvailablePermissions" name="test_01_get_available_permissions" time="0.098" /></testsuite></testsuites>