<?xml version="1.0" encoding="utf-8"?><testsuites name="pytest tests"><testsuite name="pytest" errors="0" failures="4" skipped="0" tests="10" time="2.944" timestamp="2026-04-29T16:16:46.804896+00:00" hostname="agent-env-cf63a5d2-f5af-4c12-9a56-f2ffdb7a24b1"><testcase classname="tests.test_subscription_pricing.TestStripeConfig" name="test_subscription_price_mxn_in_db" time="0.005" /><testcase classname="tests.test_subscription_pricing.TestStripeConfig" name="test_subscription_price_usd_in_db" time="0.001" /><testcase classname="tests.test_subscription_pricing.TestEnumsConstants" name="test_constants" time="0.002" /><testcase classname="tests.test_subscription_pricing.TestSubscriptionStatus" name="test_status_returns_subscription_state" time="0.610" /><testcase classname="tests.test_subscription_pricing.TestSubscribeCheckout" name="test_subscribe_returns_checkout_url" time="0.452"><failure message="AssertionError: Subscribe failed: 500 {&quot;detail&quot;:&quot;Request req_Drmnp2F5SQ8DGI: No such price: 'price_1TRaVsC4OfX1G9SSBbba9d1R'&quot;}&#10;assert 500 == 200&#10; +  where 500 = &lt;Response [500]&gt;.status_code">E   AssertionError: Subscribe failed: 500 {"detail":"Request req_Drmnp2F5SQ8DGI: No such price: 'price_1TRaVsC4OfX1G9SSBbba9d1R'"}
    assert 500 == 200
     +  where 500 = &lt;Response [500]&gt;.status_code</failure></testcase><testcase classname="tests.test_subscription_pricing.TestPlatformConfig" name="test_platform_config" time="1.217"><failure message="AssertionError: {'min_deposit_amount': 50.0, 'platform_fee_percent': 0.08, 'subscription_price_mxn': 39.0, 'subscription_trial_days': 30, ...}&#10;assert 39.0 == 49.99&#10; +  where 39.0 = float(39.0)&#10; +    where 39.0 = &lt;built-in method get of dict object at 0xfdce55ca55c0&gt;('subscription_price_mxn', 0)&#10; +      where &lt;built-in method get of dict object at 0xfdce55ca55c0&gt; = {'min_deposit_amount': 50.0, 'platform_fee_percent': 0.08, 'subscription_price_mxn': 39.0, 'subscription_trial_days': 30, ...}.get">E   AssertionError: {'min_deposit_amount': 50.0, 'platform_fee_percent': 0.08, 'subscription_price_mxn': 39.0, 'subscription_trial_days': 30, ...}
    assert 39.0 == 49.99
     +  where 39.0 = float(39.0)
     +    where 39.0 = &lt;built-in method get of dict object at 0xfdce55ca55c0&gt;('subscription_price_mxn', 0)
     +      where &lt;built-in method get of dict object at 0xfdce55ca55c0&gt; = {'min_deposit_amount': 50.0, 'platform_fee_percent': 0.08, 'subscription_price_mxn': 39.0, 'subscription_trial_days': 30, ...}.get</failure></testcase><testcase classname="tests.test_subscription_pricing.TestVisibleBusinessFilter" name="test_featured_excludes_canceled" time="0.150" /><testcase classname="tests.test_subscription_pricing.TestVisibleBusinessFilter" name="test_featured_excludes_none" time="0.115"><failure message="AssertionError: Biz with subscription_status='none' (TEST_none_ead13741) appeared in /featured. Per VISIBLE_BUSINESS_FILTER spec, only active/trialing should be visible.&#10;assert 'TEST_none_ead13741' not in ['TEST_none_ead13741', 'fbb3d0e3-37f2-417b-8cfa-b7fbf24f1ee0', '5ecc65fc-3a57-4476-94ca-c2e2c026a9d0', '8d4d30f9-667f-49b6-9924-8a6732eb3029', '1bfd49d3-472f-49d6-bc18-78de5c56645b', '829d2b88-5609-4fe3-9325-812b41e282b5']">E   AssertionError: Biz with subscription_status='none' (TEST_none_ead13741) appeared in /featured. Per VISIBLE_BUSINESS_FILTER spec, only active/trialing should be visible.
    assert 'TEST_none_ead13741' not in ['TEST_none_ead13741', 'fbb3d0e3-37f2-417b-8cfa-b7fbf24f1ee0', '5ecc65fc-3a57-4476-94ca-c2e2c026a9d0', '8d4d30f9-667f-49b6-9924-8a6732eb3029', '1bfd49d3-472f-49d6-bc18-78de5c56645b', '829d2b88-5609-4fe3-9325-812b41e282b5']</failure></testcase><testcase classname="tests.test_subscription_pricing.TestVisibleBusinessFilter" name="test_search_excludes_canceled" time="0.134" /><testcase classname="tests.test_subscription_pricing.TestVisibleBusinessFilter" name="test_search_excludes_none" time="0.119"><failure message="AssertionError: Biz with status='none' (TEST_none_ead13741) appeared in search. Should be hidden per VISIBLE_BUSINESS_FILTER.&#10;assert 'TEST_none_ead13741' not in ['TEST_none_ead13741', 'fbb3d0e3-37f2-417b-8cfa-b7fbf24f1ee0', '5ecc65fc-3a57-4476-94ca-c2e2c026a9d0', '8d4d30f9-667f-49b6-9924-8a6732eb3029', '1bfd49d3-472f-49d6-bc18-78de5c56645b', '829d2b88-5609-4fe3-9325-812b41e282b5']">E   AssertionError: Biz with status='none' (TEST_none_ead13741) appeared in search. Should be hidden per VISIBLE_BUSINESS_FILTER.
    assert 'TEST_none_ead13741' not in ['TEST_none_ead13741', 'fbb3d0e3-37f2-417b-8cfa-b7fbf24f1ee0', '5ecc65fc-3a57-4476-94ca-c2e2c026a9d0', '8d4d30f9-667f-49b6-9924-8a6732eb3029', '1bfd49d3-472f-49d6-bc18-78de5c56645b', '829d2b88-5609-4fe3-9325-812b41e282b5']</failure></testcase></testsuite></testsuites>