<?xml version="1.0" encoding="utf-8"?><testsuites name="pytest tests"><testsuite name="pytest" errors="0" failures="0" skipped="0" tests="15" time="4.292" timestamp="2026-05-02T01:40:29.124814+00:00" hostname="agent-env-cf63a5d2-f5af-4c12-9a56-f2ffdb7a24b1"><testcase classname="tests.test_fase2_wallet.TestWalletEndpoint" name="test_new_user_wallet_zero" time="0.553" /><testcase classname="tests.test_fase2_wallet.TestWalletEndpoint" name="test_wallet_after_credit" time="0.327" /><testcase classname="tests.test_fase2_wallet.TestWalletEndpoint" name="test_wallet_transactions_pagination" time="0.122" /><testcase classname="tests.test_fase2_wallet.TestWalletService" name="test_credit_wallet_creates_tx" time="0.004" /><testcase classname="tests.test_fase2_wallet.TestWalletService" name="test_debit_wallet_insufficient_balance_raises" time="0.002" /><testcase classname="tests.test_fase2_wallet.TestWalletService" name="test_debit_wallet_invalid_type" time="0.003" /><testcase classname="tests.test_fase2_wallet.TestWalletService" name="test_credit_invalid_type" time="0.002" /><testcase classname="tests.test_fase2_wallet.TestWalletService" name="test_debit_wallet_success" time="0.004" /><testcase classname="tests.test_fase2_wallet.TestWalletService" name="test_expire_stale_balances" time="0.005" /><testcase classname="tests.test_fase2_wallet.TestCancelRefundToWallet" name="test_cancel_gt24h_refund_to_wallet_credits_wallet" time="0.651" /><testcase classname="tests.test_fase2_wallet.TestCancelRefundToWallet" name="test_cancel_gt24h_refund_to_card_no_wallet" time="0.264" /><testcase classname="tests.test_fase2_wallet.TestCancelRefundToWallet" name="test_cancel_lt24h_no_refund_no_wallet" time="0.254" /><testcase classname="tests.test_fase2_wallet.TestDepositCheckoutWithWallet" name="test_use_wallet_zero_balance_normal_stripe" time="0.960" /><testcase classname="tests.test_fase2_wallet.TestDepositCheckoutWithWallet" name="test_use_wallet_full_coverage_no_stripe" time="0.319" /><testcase classname="tests.test_fase2_wallet.TestDepositCheckoutWithWallet" name="test_use_wallet_partial_creates_stripe_for_remainder" time="0.672" /></testsuite></testsuites>