<?xml version="1.0" encoding="utf-8"?><testsuites name="pytest tests"><testsuite name="pytest" errors="0" failures="0" skipped="0" tests="6" time="2.101" timestamp="2026-03-26T19:58:56.514734+00:00" hostname="agent-env-cf63a5d2-f5af-4c12-9a56-f2ffdb7a24b1"><testcase classname="tests.test_country_registration.TestCountryRegistration" name="test_health_check" time="0.186" /><testcase classname="tests.test_country_registration.TestCountryRegistration" name="test_register_with_country_mexico" time="0.422" /><testcase classname="tests.test_country_registration.TestCountryRegistration" name="test_register_with_country_colombia" time="0.386" /><testcase classname="tests.test_country_registration.TestCountryRegistration" name="test_register_with_country_usa" time="0.325" /><testcase classname="tests.test_country_registration.TestCountryRegistration" name="test_register_without_country" time="0.336" /><testcase classname="tests.test_country_registration.TestCountryRegistration" name="test_phone_format_with_country_code" time="0.384" /></testsuite></testsuites>