<?xml version="1.0" encoding="utf-8"?><testsuites name="pytest tests"><testsuite name="pytest" errors="0" failures="0" skipped="0" tests="10" time="2.304" timestamp="2026-03-18T18:40:09.106959+00:00" hostname="agent-env-8dc70759-5396-4744-a91b-6eb0a2f6e2cc"><testcase classname="tests.test_worker_photo.TestWorkerPhotoUpload" name="test_01_business_login_success" time="0.435" /><testcase classname="tests.test_worker_photo.TestWorkerPhotoUpload" name="test_02_get_workers_returns_photo_url" time="0.503" /><testcase classname="tests.test_worker_photo.TestWorkerPhotoUpload" name="test_03_existing_worker_has_photo" time="0.160" /><testcase classname="tests.test_worker_photo.TestWorkerPhotoUpload" name="test_04_create_worker_for_photo_test" time="0.156" /><testcase classname="tests.test_worker_photo.TestWorkerPhotoUpload" name="test_05_upload_photo_to_worker" time="0.306" /><testcase classname="tests.test_worker_photo.TestWorkerPhotoUpload" name="test_06_verify_photo_url_persisted" time="0.190" /><testcase classname="tests.test_worker_photo.TestWorkerPhotoUpload" name="test_07_upload_invalid_file_fails" time="0.120" /><testcase classname="tests.test_worker_photo.TestWorkerPhotoUpload" name="test_08_upload_without_auth_fails" time="0.130" /><testcase classname="tests.test_worker_photo.TestWorkerPhotoUpload" name="test_09_upload_to_nonexistent_worker_fails" time="0.124" /><testcase classname="tests.test_worker_photo.TestWorkerPhotoUpload" name="test_10_cleanup_test_worker" time="0.123" /></testsuite></testsuites>