<?xml version="1.0" encoding="utf-8"?><testsuites name="pytest tests"><testsuite name="pytest" errors="0" failures="0" skipped="0" tests="7" time="1.622" timestamp="2026-04-08T05:19:24.638419+00:00" hostname="agent-env-cf63a5d2-f5af-4c12-9a56-f2ffdb7a24b1"><testcase classname="tests.test_google_auth.TestGoogleAuthEndpoint" name="test_google_session_invalid_session_id_returns_401" time="0.463" /><testcase classname="tests.test_google_auth.TestGoogleAuthEndpoint" name="test_google_session_missing_session_id_returns_400" time="0.114" /><testcase classname="tests.test_google_auth.TestGoogleAuthEndpoint" name="test_google_session_empty_session_id_returns_400" time="0.109" /><testcase classname="tests.test_google_auth.TestNormalAuthRegression" name="test_user_login_still_works" time="0.333" /><testcase classname="tests.test_google_auth.TestNormalAuthRegression" name="test_business_login_still_works" time="0.324" /><testcase classname="tests.test_google_auth.TestNormalAuthRegression" name="test_invalid_user_credentials_returns_401" time="0.107" /><testcase classname="tests.test_google_auth.TestHealthCheck" name="test_health_endpoint" time="0.114" /></testsuite></testsuites>