<?xml version="1.0" encoding="utf-8"?><testsuites name="pytest tests"><testsuite name="pytest" errors="0" failures="0" skipped="0" tests="8" time="2.503" timestamp="2026-04-06T20:33:18.713967+00:00" hostname="agent-env-cf63a5d2-f5af-4c12-9a56-f2ffdb7a24b1"><testcase classname="tests.test_user_notifications.TestUserNotificationAPIs" name="test_notifications_require_auth" time="0.401" /><testcase classname="tests.test_user_notifications.TestUserNotificationAPIs" name="test_get_unread_count_regular_user" time="0.498" /><testcase classname="tests.test_user_notifications.TestUserNotificationAPIs" name="test_get_notifications_regular_user" time="0.123" /><testcase classname="tests.test_user_notifications.TestUserNotificationAPIs" name="test_get_notifications_unread_only" time="0.108" /><testcase classname="tests.test_user_notifications.TestUserNotificationAPIs" name="test_mark_all_read_regular_user" time="0.294" /><testcase classname="tests.test_user_notifications.TestUserNotificationAPIs" name="test_get_unread_count_business_user" time="0.447" /><testcase classname="tests.test_user_notifications.TestUserNotificationAPIs" name="test_get_notifications_business_user" time="0.118" /><testcase classname="tests.test_user_notifications.TestNotificationCreation" name="test_business_has_notifications" time="0.461" /></testsuite></testsuites>