<?xml version="1.0" encoding="utf-8"?><testsuites name="pytest tests"><testsuite name="pytest" errors="0" failures="0" skipped="0" tests="11" time="4.896" timestamp="2026-04-05T06:47:19.056244+00:00" hostname="agent-env-cf63a5d2-f5af-4c12-9a56-f2ffdb7a24b1"><testcase classname="tests.test_email_verification.TestEmailVerification" name="test_health_check" time="0.159" /><testcase classname="tests.test_email_verification.TestEmailVerification" name="test_register_returns_message_not_token" time="0.679" /><testcase classname="tests.test_email_verification.TestEmailVerification" name="test_login_unverified_user_returns_403" time="0.837" /><testcase classname="tests.test_email_verification.TestEmailVerification" name="test_login_verified_user_works" time="0.363" /><testcase classname="tests.test_email_verification.TestEmailVerification" name="test_verify_email_invalid_token_returns_400" time="0.128" /><testcase classname="tests.test_email_verification.TestEmailVerification" name="test_verify_email_missing_token_returns_error" time="0.106" /><testcase classname="tests.test_email_verification.TestEmailVerification" name="test_resend_verification_endpoint_exists" time="0.114" /><testcase classname="tests.test_email_verification.TestEmailVerification" name="test_resend_verification_for_registered_user" time="0.812" /><testcase classname="tests.test_email_verification.TestEmailVerification" name="test_business_login_not_affected" time="0.322" /><testcase classname="tests.test_email_verification.TestEmailVerificationFlow" name="test_full_registration_verification_flow" time="0.947" /><testcase classname="tests.test_email_verification.TestBackwardsCompatibility" name="test_existing_user_without_email_verified_field" time="0.364" /></testsuite></testsuites>