<?xml version="1.0" encoding="utf-8"?><testsuites name="pytest tests"><testsuite name="pytest" errors="0" failures="0" skipped="0" tests="8" time="2.574" timestamp="2026-04-26T03:43:02.289091+00:00" hostname="agent-env-cf63a5d2-f5af-4c12-9a56-f2ffdb7a24b1"><testcase classname="tests.test_notification_preferences.TestUserNotificationPrefs" name="test_get_me_returns_notify_defaults" time="0.688" /><testcase classname="tests.test_notification_preferences.TestUserNotificationPrefs" name="test_put_users_me_set_sms_false" time="0.225" /><testcase classname="tests.test_notification_preferences.TestUserNotificationPrefs" name="test_put_users_me_set_both_false" time="0.235" /><testcase classname="tests.test_notification_preferences.TestUserNotificationPrefs" name="test_put_users_me_restore_both_true" time="0.104" /><testcase classname="tests.test_notification_preferences.TestBusinessNotificationPrefs" name="test_private_info_returns_notify_fields" time="0.600" /><testcase classname="tests.test_notification_preferences.TestBusinessNotificationPrefs" name="test_put_businesses_me_set_sms_false" time="0.236" /><testcase classname="tests.test_notification_preferences.TestBusinessNotificationPrefs" name="test_put_businesses_me_restore" time="0.114" /><testcase classname="tests.test_notification_preferences.TestSmsHelper" name="test_send_booking_confirmation_sms_callable" time="0.321" /></testsuite></testsuites>