<?xml version="1.0" encoding="utf-8"?><testsuites name="pytest tests"><testsuite name="pytest" errors="0" failures="0" skipped="0" tests="15" time="2.142" timestamp="2026-03-19T16:50:57.697945+00:00" hostname="agent-env-8dc70759-5396-4744-a91b-6eb0a2f6e2cc"><testcase classname="tests.test_worker_service_assignment" name="test_01_get_workers_without_service_filter" time="0.460" /><testcase classname="tests.test_worker_service_assignment" name="test_02_get_workers_with_service_filter" time="0.127" /><testcase classname="tests.test_worker_service_assignment" name="test_03_workers_with_empty_service_ids_returned" time="0.158" /><testcase classname="tests.test_worker_service_assignment" name="test_04_update_worker_services_endpoint_exists" time="0.234" /><testcase classname="tests.test_worker_service_assignment" name="test_05_update_worker_with_multiple_services" time="0.064" /><testcase classname="tests.test_worker_service_assignment" name="test_06_clear_worker_services" time="0.071" /><testcase classname="tests.test_worker_service_assignment" name="test_07_update_worker_services_unauthorized" time="0.060" /><testcase classname="tests.test_worker_service_assignment" name="test_08_update_nonexistent_worker_services" time="0.065" /><testcase classname="tests.test_worker_service_assignment" name="test_09_availability_without_worker_filter" time="0.196" /><testcase classname="tests.test_worker_service_assignment" name="test_10_availability_with_worker_filter" time="0.065" /><testcase classname="tests.test_worker_service_assignment" name="test_11_availability_filters_workers_by_service_assignment" time="0.187" /><testcase classname="tests.test_worker_service_assignment" name="test_12_existing_worker_has_service_assigned" time="0.062" /><testcase classname="tests.test_worker_service_assignment" name="test_13_filter_by_nonexistent_service" time="0.070" /><testcase classname="tests.test_worker_service_assignment" name="test_14_worker_card_service_badges_data_structure" time="0.181" /><testcase classname="tests.test_worker_service_assignment" name="test_15_cleanup_reset_workers" time="0.072" /></testsuite></testsuites>