<?xml version="1.0" encoding="utf-8"?><testsuites name="pytest tests"><testsuite name="pytest" errors="0" failures="0" skipped="0" tests="6" time="0.886" timestamp="2026-04-08T00:55:52.953156+00:00" hostname="agent-env-cf63a5d2-f5af-4c12-9a56-f2ffdb7a24b1"><testcase classname="tests.test_p1_features.TestNextAvailableText" name="test_search_businesses_returns_next_available_text" time="0.190" /><testcase classname="tests.test_p1_features.TestNextAvailableText" name="test_featured_businesses_returns_next_available_text" time="0.147" /><testcase classname="tests.test_p1_features.TestNextAvailableText" name="test_next_available_text_format" time="0.120" /><testcase classname="tests.test_p1_features.TestDistanceKm" name="test_search_with_user_location_returns_distance" time="0.149" /><testcase classname="tests.test_p1_features.TestDistanceKm" name="test_search_without_location_no_distance" time="0.115" /><testcase classname="tests.test_p1_features.TestHealthCheck" name="test_health_endpoint" time="0.108" /></testsuite></testsuites>