<?xml version="1.0" encoding="utf-8"?><testsuites name="pytest tests"><testsuite name="pytest" errors="0" failures="0" skipped="0" tests="21" time="4.477" timestamp="2026-04-13T03:29:21.115877+00:00" hostname="agent-env-cf63a5d2-f5af-4c12-9a56-f2ffdb7a24b1"><testcase classname="tests.test_admin_new_features.TestRankings" name="test_rankings_returns_all_categories" time="1.235" /><testcase classname="tests.test_admin_new_features.TestRankings" name="test_rankings_business_structure" time="0.137" /><testcase classname="tests.test_admin_new_features.TestRankings" name="test_rankings_city_structure" time="0.120" /><testcase classname="tests.test_admin_new_features.TestRankings" name="test_rankings_category_structure" time="0.103" /><testcase classname="tests.test_admin_new_features.TestRankings" name="test_rankings_requires_admin_auth" time="0.129" /><testcase classname="tests.test_admin_new_features.TestAlerts" name="test_alerts_returns_array" time="0.112" /><testcase classname="tests.test_admin_new_features.TestAlerts" name="test_alerts_structure" time="0.101" /><testcase classname="tests.test_admin_new_features.TestAlerts" name="test_alerts_types" time="0.104" /><testcase classname="tests.test_admin_new_features.TestAlerts" name="test_alerts_requires_admin_auth" time="0.099" /><testcase classname="tests.test_admin_new_features.TestCities" name="test_cities_list_returns_paginated" time="0.127" /><testcase classname="tests.test_admin_new_features.TestCities" name="test_cities_structure" time="0.133" /><testcase classname="tests.test_admin_new_features.TestCities" name="test_cities_search" time="0.239" /><testcase classname="tests.test_admin_new_features.TestCities" name="test_cities_active_filter" time="0.154" /><testcase classname="tests.test_admin_new_features.TestCities" name="test_cities_inactive_filter" time="0.105" /><testcase classname="tests.test_admin_new_features.TestCities" name="test_cities_toggle_deactivate" time="0.392" /><testcase classname="tests.test_admin_new_features.TestCities" name="test_cities_toggle_activate" time="0.346" /><testcase classname="tests.test_admin_new_features.TestCities" name="test_cities_toggle_nonexistent" time="0.113" /><testcase classname="tests.test_admin_new_features.TestCities" name="test_cities_requires_admin_auth" time="0.217" /><testcase classname="tests.test_admin_new_features.TestRegression" name="test_admin_stats" time="0.161" /><testcase classname="tests.test_admin_new_features.TestRegression" name="test_admin_businesses_all" time="0.163" /><testcase classname="tests.test_admin_new_features.TestRegression" name="test_admin_tickets" time="0.104" /></testsuite></testsuites>