<?xml version="1.0" encoding="utf-8"?><testsuites name="pytest tests"><testsuite name="pytest" errors="0" failures="0" skipped="0" tests="12" time="53.774" timestamp="2026-03-16T03:30:29.784009+00:00" hostname="agent-env-8dc70759-5396-4744-a91b-6eb0a2f6e2cc"><testcase classname="tests.test_subscription_v2.TestBusinessRegistration" name="test_register_business_creates_pending_status" time="0.759" /><testcase classname="tests.test_subscription_v2.TestSubscriptionEndpoints" name="test_subscribe_creates_stripe_session" time="38.046" /><testcase classname="tests.test_subscription_v2.TestSubscriptionEndpoints" name="test_subscribe_requires_auth" time="0.216" /><testcase classname="tests.test_subscription_v2.TestSubscriptionEndpoints" name="test_subscription_status_returns_none_for_new_business" time="0.250" /><testcase classname="tests.test_subscription_v2.TestSubscriptionEndpoints" name="test_subscription_status_requires_auth" time="0.152" /><testcase classname="tests.test_subscription_v2.TestSubscriptionEndpoints" name="test_cancel_subscription_returns_400_without_subscription" time="0.156" /><testcase classname="tests.test_subscription_v2.TestSubscriptionEndpoints" name="test_cancel_subscription_requires_auth" time="0.127" /><testcase classname="tests.test_subscription_v2.TestDashboardSubscription" name="test_dashboard_includes_subscription_field" time="2.400" /><testcase classname="tests.test_subscription_v2.TestBusinessVisibility" name="test_search_businesses_filters_by_status_and_subscription" time="10.232" /><testcase classname="tests.test_subscription_v2.TestBusinessVisibility" name="test_featured_businesses_filters_by_status_and_subscription" time="0.169" /><testcase classname="tests.test_subscription_v2.TestBusinessVisibility" name="test_new_business_not_visible_in_search" time="0.757" /><testcase classname="tests.test_subscription_v2.TestHealthCheck" name="test_health_endpoint" time="0.168" /></testsuite></testsuites>