<?xml version="1.0" encoding="utf-8"?><testsuites name="pytest tests"><testsuite name="pytest" errors="0" failures="0" skipped="3" tests="21" time="10.072" timestamp="2026-02-23T02:38:56.188405+00:00" hostname="agent-env-98b3318c-5202-4cbd-8d70-f296b7c3ffb6"><testcase classname="backend.tests.test_fase3_finance_settlements.TestSetup" name="test_business_login" time="0.429" /><testcase classname="backend.tests.test_fase3_finance_settlements.TestSetup" name="test_admin_login_with_2fa" time="0.368" /><testcase classname="backend.tests.test_fase3_finance_settlements.TestBusinessFinanceSummary" name="test_get_finance_summary" time="0.478" /><testcase classname="backend.tests.test_fase3_finance_settlements.TestBusinessFinanceSummary" name="test_summary_includes_next_settlement_date" time="0.503" /><testcase classname="backend.tests.test_fase3_finance_settlements.TestBusinessTransactions" name="test_get_transactions_list" time="0.462" /><testcase classname="backend.tests.test_fase3_finance_settlements.TestBusinessTransactions" name="test_transactions_with_status_filter" time="0.492" /><testcase classname="backend.tests.test_fase3_finance_settlements.TestBusinessTransactions" name="test_transactions_with_date_filter" time="0.525" /><testcase classname="backend.tests.test_fase3_finance_settlements.TestBusinessSettlements" name="test_get_settlements_list" time="0.471" /><testcase classname="backend.tests.test_fase3_finance_settlements.TestBusinessSettlements" name="test_settlements_with_status_filter" time="0.452" /><testcase classname="backend.tests.test_fase3_finance_settlements.TestAdminSettlementGeneration" name="test_generate_settlements" time="0.548" /><testcase classname="backend.tests.test_fase3_finance_settlements.TestAdminSettlementGeneration" name="test_settlement_idempotency" time="0.632" /><testcase classname="backend.tests.test_fase3_finance_settlements.TestAdminSettlementMarkPaid" name="test_get_admin_settlements" time="0.468" /><testcase classname="backend.tests.test_fase3_finance_settlements.TestAdminSettlementMarkPaid" name="test_mark_settlement_paid" time="0.657" /><testcase classname="backend.tests.test_fase3_finance_settlements.TestAdminPayoutHold" name="test_set_payout_hold" time="0.524"><skipped type="pytest.skip" message="Cannot get businesses">/app/backend/tests/test_fase3_finance_settlements.py:474: Cannot get businesses</skipped></testcase><testcase classname="backend.tests.test_fase3_finance_settlements.TestAdminPayoutHold" name="test_release_payout_hold" time="0.492"><skipped type="pytest.skip" message="Cannot get businesses">/app/backend/tests/test_fase3_finance_settlements.py:485: Cannot get businesses</skipped></testcase><testcase classname="backend.tests.test_fase3_finance_settlements.TestAdminPayoutHold" name="test_payout_hold_creates_audit_log" time="0.538"><skipped type="pytest.skip" message="Cannot get businesses">/app/backend/tests/test_fase3_finance_settlements.py:496: Cannot get businesses</skipped></testcase><testcase classname="backend.tests.test_fase3_finance_settlements.TestAdminExportCSV" name="test_export_transactions_csv" time="0.465" /><testcase classname="backend.tests.test_fase3_finance_settlements.TestAdminExportCSV" name="test_export_settlements_csv" time="0.448" /><testcase classname="backend.tests.test_fase3_finance_settlements.TestLedgerEntries" name="test_get_ledger_entries" time="0.559" /><testcase classname="backend.tests.test_fase3_finance_settlements.TestLedgerEntries" name="test_ledger_has_credit_debit_pairs" time="0.465" /><testcase classname="backend.tests.test_fase3_finance_settlements.TestLedgerAccounts" name="test_ledger_account_enum_values" time="0.000" /></testsuite></testsuites>