<?xml version="1.0" encoding="utf-8"?><testsuites name="pytest tests"><testsuite name="pytest" errors="0" failures="0" skipped="0" tests="24" time="6.445" timestamp="2026-04-08T19:06:27.473282+00:00" hostname="agent-env-cf63a5d2-f5af-4c12-9a56-f2ffdb7a24b1"><testcase classname="tests.test_refactoring_regression.TestHealthAndSystem" name="test_health_endpoint" time="0.202" /><testcase classname="tests.test_refactoring_regression.TestHealthAndSystem" name="test_categories_endpoint" time="0.135" /><testcase classname="tests.test_refactoring_regression.TestUserAuth" name="test_user_login_success" time="0.346" /><testcase classname="tests.test_refactoring_regression.TestUserAuth" name="test_user_login_invalid_credentials" time="0.104" /><testcase classname="tests.test_refactoring_regression.TestUserAuth" name="test_get_current_user_profile" time="0.446" /><testcase classname="tests.test_refactoring_regression.TestUserAuth" name="test_get_my_bookings" time="0.464" /><testcase classname="tests.test_refactoring_regression.TestBusinessAuth" name="test_business_login_success" time="0.370" /><testcase classname="tests.test_refactoring_regression.TestBusinessAuth" name="test_business_login_invalid_credentials" time="0.116" /><testcase classname="tests.test_refactoring_regression.TestBusinessAuth" name="test_business_login_no_subscription" time="0.348" /><testcase classname="tests.test_refactoring_regression.TestBusinessAuth" name="test_get_business_bookings" time="0.488" /><testcase classname="tests.test_refactoring_regression.TestGoogleAuth" name="test_google_session_rejects_invalid" time="0.199" /><testcase classname="tests.test_refactoring_regression.TestGoogleAuth" name="test_google_session_missing_session_id" time="0.126" /><testcase classname="tests.test_refactoring_regression.TestSubscriptionFlow" name="test_create_subscription_for_nosub_business" time="0.716" /><testcase classname="tests.test_refactoring_regression.TestSubscriptionFlow" name="test_create_subscription_missing_email" time="0.128" /><testcase classname="tests.test_refactoring_regression.TestSubscriptionFlow" name="test_create_subscription_nonexistent_business" time="0.103" /><testcase classname="tests.test_refactoring_regression.TestBusinessSearch" name="test_search_businesses" time="0.168" /><testcase classname="tests.test_refactoring_regression.TestBusinessSearch" name="test_search_businesses_with_query" time="0.127" /><testcase classname="tests.test_refactoring_regression.TestBusinessSearch" name="test_featured_businesses" time="0.141" /><testcase classname="tests.test_refactoring_regression.TestBusinessDashboard" name="test_business_dashboard" time="0.522" /><testcase classname="tests.test_refactoring_regression.TestRouterIntegration" name="test_auth_router_prefix" time="0.352" /><testcase classname="tests.test_refactoring_regression.TestRouterIntegration" name="test_businesses_router_prefix" time="0.111" /><testcase classname="tests.test_refactoring_regression.TestRouterIntegration" name="test_bookings_router_prefix" time="0.452" /><testcase classname="tests.test_refactoring_regression.TestRouterIntegration" name="test_categories_router_prefix" time="0.108" /><testcase classname="tests.test_refactoring_regression.TestRouterIntegration" name="test_system_router_health" time="0.113" /></testsuite></testsuites>