<?xml version="1.0" encoding="utf-8"?><testsuites name="pytest tests"><testsuite name="pytest" errors="0" failures="0" skipped="0" tests="22" time="2.260" timestamp="2026-05-04T03:24:40.754084+00:00" hostname="agent-env-cf63a5d2-f5af-4c12-9a56-f2ffdb7a24b1"><testcase classname="tests.test_phase19_commission_terms_audit.TestBusinessCreateSchemaPhase19" name="test_schema_accepts_new_fields" time="0.105" /><testcase classname="tests.test_phase19_commission_terms_audit.TestAcceptCommissionTerms" name="test_happy_path_returns_ok_and_persists" time="0.624" /><testcase classname="tests.test_phase19_commission_terms_audit.TestAcceptCommissionTerms" name="test_history_array_appended" time="0.147" /><testcase classname="tests.test_phase19_commission_terms_audit.TestAcceptCommissionTerms" name="test_rejects_invalid_hash_not_64_hex" time="0.045" /><testcase classname="tests.test_phase19_commission_terms_audit.TestAcceptCommissionTerms" name="test_rejects_non_hex_hash" time="0.044" /><testcase classname="tests.test_phase19_commission_terms_audit.TestAcceptCommissionTerms" name="test_rejects_missing_version" time="0.049" /><testcase classname="tests.test_phase19_commission_terms_audit.TestAcceptCommissionTerms" name="test_rejects_missing_hash" time="0.045" /><testcase classname="tests.test_phase19_commission_terms_audit.TestAcceptCommissionTerms" name="test_rejects_missing_snapshot" time="0.050" /><testcase classname="tests.test_phase19_commission_terms_audit.TestAcceptCommissionTerms" name="test_unauth_returns_401_or_403" time="0.047" /><testcase classname="tests.test_phase19_commission_terms_audit.TestTaxRegime" name="test_happy_path_all_valid_regimes[PF_RESICO]" time="0.049" /><testcase classname="tests.test_phase19_commission_terms_audit.TestTaxRegime" name="test_happy_path_all_valid_regimes[PF_ACT_EMPRESARIAL]" time="0.049" /><testcase classname="tests.test_phase19_commission_terms_audit.TestTaxRegime" name="test_happy_path_all_valid_regimes[PF_HONORARIOS]" time="0.047" /><testcase classname="tests.test_phase19_commission_terms_audit.TestTaxRegime" name="test_happy_path_all_valid_regimes[PF_PLATAFORMAS]" time="0.050" /><testcase classname="tests.test_phase19_commission_terms_audit.TestTaxRegime" name="test_happy_path_all_valid_regimes[PM_GENERAL]" time="0.065" /><testcase classname="tests.test_phase19_commission_terms_audit.TestTaxRegime" name="test_happy_path_all_valid_regimes[PM_NO_LUCRATIVA]" time="0.046" /><testcase classname="tests.test_phase19_commission_terms_audit.TestTaxRegime" name="test_happy_path_all_valid_regimes[RIF]" time="0.053" /><testcase classname="tests.test_phase19_commission_terms_audit.TestTaxRegime" name="test_happy_path_all_valid_regimes[OTRO]" time="0.052" /><testcase classname="tests.test_phase19_commission_terms_audit.TestTaxRegime" name="test_persists_in_private_info" time="0.101" /><testcase classname="tests.test_phase19_commission_terms_audit.TestTaxRegime" name="test_400_on_invalid_regime" time="0.047" /><testcase classname="tests.test_phase19_commission_terms_audit.TestTaxRegime" name="test_unauth_returns_401_or_403" time="0.046" /><testcase classname="tests.test_phase19_commission_terms_audit.TestPrivateInfoExposure" name="test_response_has_expected_keys" time="0.048" /><testcase classname="tests.test_phase19_commission_terms_audit.TestPrivateInfoExposure" name="test_no_deposit_business_commission_terms_can_be_null" time="0.376" /></testsuite></testsuites>