<?xml version="1.0" encoding="utf-8"?><testsuites name="pytest tests"><testsuite name="pytest" errors="0" failures="0" skipped="0" tests="10" time="2.032" timestamp="2026-03-25T16:45:17.643030+00:00" hostname="agent-env-5ec87e0b-0390-43a9-9206-02dbfe1dbf02"><testcase classname="tests.test_reviews.TestReviewFeature" name="test_health_check" time="0.162" /><testcase classname="tests.test_reviews.TestReviewFeature" name="test_user_login" time="0.328" /><testcase classname="tests.test_reviews.TestReviewFeature" name="test_get_past_bookings_has_review_field" time="0.490" /><testcase classname="tests.test_reviews.TestReviewFeature" name="test_get_business_reviews" time="0.107" /><testcase classname="tests.test_reviews.TestReviewFeature" name="test_create_review_requires_auth" time="0.136" /><testcase classname="tests.test_reviews.TestReviewFeature" name="test_create_review_invalid_booking" time="0.134" /><testcase classname="tests.test_reviews.TestReviewFeature" name="test_create_review_for_past_booking" time="0.210" /><testcase classname="tests.test_reviews.TestReviewFeature" name="test_duplicate_review_prevention" time="0.163" /><testcase classname="tests.test_reviews.TestReviewFeature" name="test_booking_has_review_after_creation" time="0.126" /><testcase classname="tests.test_reviews.TestReviewFeature" name="test_review_appears_in_business_reviews" time="0.123" /></testsuite></testsuites>