<?xml version="1.0" encoding="utf-8"?><testsuites name="pytest tests"><testsuite name="pytest" errors="0" failures="0" skipped="0" tests="8" time="1.284" timestamp="2026-03-11T10:38:39.745466+00:00" hostname="agent-env-ffc03e32-1def-46cd-8696-4ef782f48949"><testcase classname="tests.test_admin_login_fix.TestAdminLoginAPI" name="test_health_check" time="0.156" /><testcase classname="tests.test_admin_login_fix.TestAdminLoginAPI" name="test_admin_login_invalid_credentials_returns_401" time="0.153" /><testcase classname="tests.test_admin_login_fix.TestAdminLoginAPI" name="test_admin_login_wrong_password_returns_401" time="0.330" /><testcase classname="tests.test_admin_login_fix.TestAdminLoginAPI" name="test_admin_login_missing_totp_code_handled_gracefully" time="0.119" /><testcase classname="tests.test_admin_login_fix.TestUserResponseModel" name="test_get_me_requires_auth" time="0.116" /><testcase classname="tests.test_admin_login_fix.TestPublicEndpoints" name="test_categories_endpoint" time="0.107" /><testcase classname="tests.test_admin_login_fix.TestPublicEndpoints" name="test_featured_businesses_endpoint" time="0.107" /><testcase classname="tests.test_admin_login_fix.TestPublicEndpoints" name="test_search_businesses_endpoint" time="0.099" /></testsuite></testsuites>