<?xml version="1.0" encoding="utf-8"?><testsuites name="pytest tests"><testsuite name="pytest" errors="0" failures="0" skipped="0" tests="10" time="1.583" timestamp="2026-03-31T23:46:17.770062+00:00" hostname="agent-env-cf63a5d2-f5af-4c12-9a56-f2ffdb7a24b1"><testcase classname="tests.test_homepage_dynamic.TestCitiesEndpoint" name="test_cities_mx_returns_mexican_cities" time="0.191" /><testcase classname="tests.test_homepage_dynamic.TestCitiesEndpoint" name="test_cities_us_returns_empty" time="0.100" /><testcase classname="tests.test_homepage_dynamic.TestCitiesEndpoint" name="test_cities_default_is_mx" time="0.124" /><testcase classname="tests.test_homepage_dynamic.TestCitiesEndpoint" name="test_cities_case_insensitive" time="0.254" /><testcase classname="tests.test_homepage_dynamic.TestFeaturedBusinessesEndpoint" name="test_featured_mx_returns_mexican_businesses" time="0.108" /><testcase classname="tests.test_homepage_dynamic.TestFeaturedBusinessesEndpoint" name="test_featured_us_returns_empty" time="0.177" /><testcase classname="tests.test_homepage_dynamic.TestFeaturedBusinessesEndpoint" name="test_featured_limit_parameter" time="0.104" /><testcase classname="tests.test_homepage_dynamic.TestFeaturedBusinessesEndpoint" name="test_featured_case_insensitive" time="0.212" /><testcase classname="tests.test_homepage_dynamic.TestBusinessSearchEndpoint" name="test_search_mx_returns_mexican_businesses" time="0.106" /><testcase classname="tests.test_homepage_dynamic.TestBusinessSearchEndpoint" name="test_search_us_returns_empty" time="0.141" /></testsuite></testsuites>