<?xml version="1.0" encoding="utf-8"?><testsuites name="pytest tests"><testsuite name="pytest" errors="0" failures="0" skipped="0" tests="4" time="0.729" timestamp="2026-04-26T06:56:59.702758+00:00" hostname="agent-env-cf63a5d2-f5af-4c12-9a56-f2ffdb7a24b1"><testcase classname="tests.test_search_chips_redesign" name="test_search_mx_returns_top_services_and_min_price" time="0.245" /><testcase classname="tests.test_search_chips_redesign" name="test_search_mx_test_real_stripe_has_3_services_starting_at_150" time="0.157" /><testcase classname="tests.test_search_chips_redesign" name="test_search_mx_regression_legacy_fields_present" time="0.160" /><testcase classname="tests.test_search_chips_redesign" name="test_search_us_empty_array_no_error" time="0.107" /></testsuite></testsuites>