<?xml version="1.0" encoding="utf-8"?><testsuites name="pytest tests"><testsuite name="pytest" errors="0" failures="0" skipped="0" tests="10" time="1.380" timestamp="2026-04-01T21:32:02.881144+00:00" hostname="agent-env-cf63a5d2-f5af-4c12-9a56-f2ffdb7a24b1"><testcase classname="tests.test_city_selector_search_page.TestCitiesWithBusinessesAPI" name="test_cities_with_businesses_returns_only_cities_with_businesses" time="0.155" /><testcase classname="tests.test_city_selector_search_page.TestCitiesWithBusinessesAPI" name="test_cities_with_businesses_sorted_by_demand" time="0.111" /><testcase classname="tests.test_city_selector_search_page.TestCitiesWithBusinessesAPI" name="test_cities_with_businesses_includes_cdmx" time="0.109" /><testcase classname="tests.test_city_selector_search_page.TestCitiesWithBusinessesAPI" name="test_regular_cities_endpoint_returns_all_cities" time="0.128" /><testcase classname="tests.test_city_selector_search_page.TestCitiesWithBusinessesAPI" name="test_cities_include_state_for_autofill" time="0.170" /><testcase classname="tests.test_city_selector_search_page.TestSearchPageEmptyState" name="test_search_with_city_and_query_no_results" time="0.132" /><testcase classname="tests.test_city_selector_search_page.TestSearchPageEmptyState" name="test_search_with_only_city_no_results" time="0.130" /><testcase classname="tests.test_city_selector_search_page.TestSearchPageEmptyState" name="test_search_with_only_query_no_results" time="0.114" /><testcase classname="tests.test_city_selector_search_page.TestSearchPageEmptyState" name="test_search_with_city_that_has_businesses" time="0.127" /><testcase classname="tests.test_city_selector_search_page.TestSearchPageEmptyState" name="test_search_without_filters_returns_all" time="0.153" /></testsuite></testsuites>