<?xml version="1.0" encoding="utf-8"?><testsuites name="pytest tests"><testsuite name="pytest" errors="0" failures="1" skipped="0" tests="13" time="3.528" timestamp="2026-05-04T05:39:42.093098+00:00" hostname="agent-env-cf63a5d2-f5af-4c12-9a56-f2ffdb7a24b1"><testcase classname="tests.test_phase21_payout_statement.TestListMySettlements" name="test_owner_lists_their_settlements" time="0.526" /><testcase classname="tests.test_phase21_payout_statement.TestListMySettlements" name="test_unauthenticated_rejected" time="0.048" /><testcase classname="tests.test_phase21_payout_statement.TestListMySettlements" name="test_other_business_no_overlap" time="0.372" /><testcase classname="tests.test_phase21_payout_statement.TestOwnerDownload" name="test_owner_download_known_settlement" time="0.625" /><testcase classname="tests.test_phase21_payout_statement.TestOwnerDownload" name="test_owner_download_deterministic_hash" time="0.473" /><testcase classname="tests.test_phase21_payout_statement.TestOwnerDownload" name="test_owner_blocked_on_other_business_settlement" time="0.049" /><testcase classname="tests.test_phase21_payout_statement.TestOwnerDownload" name="test_owner_404_on_bogus_id" time="0.046" /><testcase classname="tests.test_phase21_payout_statement.TestOwnerDownload" name="test_unauthenticated_rejected" time="0.049" /><testcase classname="tests.test_phase21_payout_statement.TestAdminDownload" name="test_admin_can_download_any_business_statement" time="0.482" /><testcase classname="tests.test_phase21_payout_statement.TestAdminDownload" name="test_admin_404_on_bogus_id" time="0.049" /><testcase classname="tests.test_phase21_payout_statement.TestAdminDownload" name="test_business_owner_blocked_from_admin_route" time="0.045" /><testcase classname="tests.test_phase21_payout_statement.TestPdfContent" name="test_pdf_has_period_label_and_deposit_date" time="0.290"><failure message="AssertionError: deposit month not in PDF (period_key parsing likely broken). Snippet: 'Bookvia · Estado de cuenta del corte\n\nEmitido: 04/05/2026 05:39\n\nVersión: v1-2026-02\n\nFolio: e77e2cdc-8358-47d8-93fc-c68acabe58a2\n\n$92.00\nMXN\n\n$0.00\n\n$0.00\n\n$0.00\n\n-$0.00\n\n$92.00 MXN\n\nbookvia✦\n\nEstado de cuenta · Corte mensual\n\nTest Spa\n\nEstado de cuenta del periodo del 1 al 20 de 2026 de MX · Depósito programado el —\n\nNETO A DEPOSITAR EN TU CLABE\n\nSe programa para el —\n\n1. DATOS DEL BENEFICIARIO\n\nNEGOCIO\n\nRFC\n\nRAZÓN SOCIAL\n\nCLABE DESTINO\n\nFOLIO DEL CORTE\n\nESTATUS DEL PAGO\n\nTest Spa\n\nTEST123456A'&#10;assert 'marzo' in 'bookvia · estado de cuenta del corte\n\nemitido: 04/05/2026 05:39\n\nversión: v1-2026-02\n\nfolio: e77e2cdc-8358-47d8-93fc-c68acabe58a2\n\n$92.00\nmxn\n\n$0.00\n\n$0.00\n\n$0.00\n\n-$0.00\n\n$92.00 mxn\n\nbookvia✦\n\nestado de cuenta · corte mensual\n\ntest spa\n\nestado de cuenta del periodo del 1 al 20 de 2026 de mx · depósito programado el —\n\nneto a depositar en tu clabe\n\nse programa para el —\n\n1. datos del beneficiario\n\nnegocio\n\nrfc\n\nrazón social\n\nclabe destino\n\nfolio del corte\n\nestatus del pago\n\ntest spa\n\ntest123456abc\n\ntest spa sa de cv\n\n1234••••••••••5678\n\ne77e2cdc-8358-47d8-93fc-c68acabe58a2\n\ndepositado\n\n2. resumen financiero del corte\n\ntotal cobrado a clientes (bruto)\n\n— fee fijo bookvia (pagado directamente por el cliente, no sale de ti)\n\nanticipos netos recibidos por bookvia\n\n— procesamiento stripe estimado (8.5% sobre anticipo)\n\nneto a depositar en tu clabe\n\n3. transacciones incluidas (0)\n\nsin transacciones asociadas.\n\n4. información adicional\n\ncitas incluidas\n\n0\n\nperiodo de transacciones\n\ndel 1 al 20 de 2026 de mx\n\ngenerado el\n\n23/02/2026 02:33\n\nsi hubo reembolsos o disputas\n\nse reflejan reduciendo el n...a tabla de transacciones.\n\npágina 1 de 2\n\n\x0cbookvia · estado de cuenta del corte\n\n5. política y política de reembolsos\n\nel monto neto se calcula únicamente con transacciones que alcanzaron el estado cleared (liberadas del periodo de gracia de 24 horas sin disputas) al\ncierre del corte del día 20. transacciones que aún están en held o pending se incluirán en el siguiente corte. las disputas/chargebacks en stripe pueden\nretener tu dinero de 10 a 30 días; si aplica, se descontará del siguiente corte y se notificará por separado. \n\nla transferencia spei llega en 1 a 3 días hábiles posteriores al 1° del mes. si no recibes el depósito al día 3° del mes, contáctanos a \nsoporte@bookvia.app con el folio de este corte. \n\nhash sha-256 del estado de cuenta\n\n7ef9206766928daf353cdfef063f0e1ca69d2d2279d4f4e6d31385956c290fb9\n\neste hash identifica de forma única este documento. guárdalo si necesitas demostrar autenticidad. si editas el pdf, el hash ya no coincidirá. \n\ndocumento informativo. no sustituye cfdi ni constancia fiscal. bookvia no declara impuestos a tu nombre. consulta el desglose de comisiones vigente en tu\npanel o en ajustes → cobros. \n\npágina 2 de 2\n\n\x0c'&#10; +  where 'bookvia · estado de cuenta del corte\n\nemitido: 04/05/2026 05:39\n\nversión: v1-2026-02\n\nfolio: e77e2cdc-8358-47d8-93fc-c68acabe58a2\n\n$92.00\nmxn\n\n$0.00\n\n$0.00\n\n$0.00\n\n-$0.00\n\n$92.00 mxn\n\nbookvia✦\n\nestado de cuenta · corte mensual\n\ntest spa\n\nestado de cuenta del periodo del 1 al 20 de 2026 de mx · depósito programado el —\n\nneto a depositar en tu clabe\n\nse programa para el —\n\n1. datos del beneficiario\n\nnegocio\n\nrfc\n\nrazón social\n\nclabe destino\n\nfolio del corte\n\nestatus del pago\n\ntest spa\n\ntest123456abc\n\ntest spa sa de cv\n\n1234••••••••••5678\n\ne77e2cdc-8358-47d8-93fc-c68acabe58a2\n\ndepositado\n\n2. resumen financiero del corte\n\ntotal cobrado a clientes (bruto)\n\n— fee fijo bookvia (pagado directamente por el cliente, no sale de ti)\n\nanticipos netos recibidos por bookvia\n\n— procesamiento stripe estimado (8.5% sobre anticipo)\n\nneto a depositar en tu clabe\n\n3. transacciones incluidas (0)\n\nsin transacciones asociadas.\n\n4. información adicional\n\ncitas incluidas\n\n0\n\nperiodo de transacciones\n\ndel 1 al 20 de 2026 de mx\n\ngenerado el\n\n23/02/2026 02:33\n\nsi hubo reembolsos o disputas\n\nse reflejan reduciendo el n...a tabla de transacciones.\n\npágina 1 de 2\n\n\x0cbookvia · estado de cuenta del corte\n\n5. política y política de reembolsos\n\nel monto neto se calcula únicamente con transacciones que alcanzaron el estado cleared (liberadas del periodo de gracia de 24 horas sin disputas) al\ncierre del corte del día 20. transacciones que aún están en held o pending se incluirán en el siguiente corte. las disputas/chargebacks en stripe pueden\nretener tu dinero de 10 a 30 días; si aplica, se descontará del siguiente corte y se notificará por separado. \n\nla transferencia spei llega en 1 a 3 días hábiles posteriores al 1° del mes. si no recibes el depósito al día 3° del mes, contáctanos a \nsoporte@bookvia.app con el folio de este corte. \n\nhash sha-256 del estado de cuenta\n\n7ef9206766928daf353cdfef063f0e1ca69d2d2279d4f4e6d31385956c290fb9\n\neste hash identifica de forma única este documento. guárdalo si necesitas demostrar autenticidad. si editas el pdf, el hash ya no coincidirá. \n\ndocumento informativo. no sustituye cfdi ni constancia fiscal. bookvia no declara impuestos a tu nombre. consulta el desglose de comisiones vigente en tu\npanel o en ajustes → cobros. \n\npágina 2 de 2\n\n\x0c' = &lt;built-in method lower of str object at 0xaf7b65eb47b0&gt;()&#10; +    where &lt;built-in method lower of str object at 0xaf7b65eb47b0&gt; = 'Bookvia · Estado de cuenta del corte\n\nEmitido: 04/05/2026 05:39\n\nVersión: v1-2026-02\n\nFolio: e77e2cdc-8358-47d8-93fc-c68acabe58a2\n\n$92.00\nMXN\n\n$0.00\n\n$0.00\n\n$0.00\n\n-$0.00\n\n$92.00 MXN\n\nbookvia✦\n\nEstado de cuenta · Corte mensual\n\nTest Spa\n\nEstado de cuenta del periodo del 1 al 20 de 2026 de MX · Depósito programado el —\n\nNETO A DEPOSITAR EN TU CLABE\n\nSe programa para el —\n\n1. DATOS DEL BENEFICIARIO\n\nNEGOCIO\n\nRFC\n\nRAZÓN SOCIAL\n\nCLABE DESTINO\n\nFOLIO DEL CORTE\n\nESTATUS DEL PAGO\n\nTest Spa\n\nTEST123456ABC\n\nTest Spa SA de CV\n\n1234••••••••••5678\n\ne77e2cdc-8358-47d8-93fc-c68acabe58a2\n\nDepositado\n\n2. RESUMEN FINANCIERO DEL CORTE\n\nTotal cobrado a clientes (bruto)\n\n— Fee fijo Bookvia (pagado directamente por el cliente, no sale de ti)\n\nAnticipos netos recibidos por Bookvia\n\n— Procesamiento Stripe estimado (8.5% sobre anticipo)\n\nNeto a depositar en tu CLABE\n\n3. TRANSACCIONES INCLUIDAS (0)\n\nSin transacciones asociadas.\n\n4. INFORMACIÓN ADICIONAL\n\nCITAS INCLUIDAS\n\n0\n\nPERIODO DE TRANSACCIONES\n\ndel 1 al 20 de 2026 de MX\n\nGENERADO EL\n\n23/02/2026 02:33\n\nSI HUBO REEMBOLSOS O DISPUTAS\n\nSe reflejan reduciendo el n...a tabla de transacciones.\n\nPágina 1 de 2\n\n\x0cBookvia · Estado de cuenta del corte\n\n5. POLÍTICA Y POLÍTICA DE REEMBOLSOS\n\nEl monto neto se calcula únicamente con transacciones que alcanzaron el estado CLEARED (liberadas del periodo de gracia de 24 horas sin disputas) al\ncierre del corte del día 20. Transacciones que aún están en HELD o PENDING se incluirán en el siguiente corte. Las disputas/chargebacks en Stripe pueden\nretener tu dinero de 10 a 30 días; si aplica, se descontará del siguiente corte y se notificará por separado. \n\nLa transferencia SPEI llega en 1 a 3 días hábiles posteriores al 1° del mes. Si no recibes el depósito al día 3° del mes, contáctanos a \nsoporte@bookvia.app con el folio de este corte. \n\nHASH SHA-256 DEL ESTADO DE CUENTA\n\n7ef9206766928daf353cdfef063f0e1ca69d2d2279d4f4e6d31385956c290fb9\n\nEste hash identifica de forma única este documento. Guárdalo si necesitas demostrar autenticidad. Si editas el PDF, el hash ya no coincidirá. \n\nDocumento informativo. No sustituye CFDI ni constancia fiscal. Bookvia no declara impuestos a tu nombre. Consulta el desglose de comisiones vigente en tu\npanel o en Ajustes → Cobros. \n\nPágina 2 de 2\n\n\x0c'.lower">tests/test_phase21_payout_statement.py:253: in test_pdf_has_period_label_and_deposit_date
    assert "marzo" in text.lower(), \
E   AssertionError: deposit month not in PDF (period_key parsing likely broken). Snippet: 'Bookvia · Estado de cuenta del corte\n\nEmitido: 04/05/2026 05:39\n\nVersión: v1-2026-02\n\nFolio: e77e2cdc-8358-47d8-93fc-c68acabe58a2\n\n$92.00\nMXN\n\n$0.00\n\n$0.00\n\n$0.00\n\n-$0.00\n\n$92.00 MXN\n\nbookvia✦\n\nEstado de cuenta · Corte mensual\n\nTest Spa\n\nEstado de cuenta del periodo del 1 al 20 de 2026 de MX · Depósito programado el —\n\nNETO A DEPOSITAR EN TU CLABE\n\nSe programa para el —\n\n1. DATOS DEL BENEFICIARIO\n\nNEGOCIO\n\nRFC\n\nRAZÓN SOCIAL\n\nCLABE DESTINO\n\nFOLIO DEL CORTE\n\nESTATUS DEL PAGO\n\nTest Spa\n\nTEST123456A'
E   assert 'marzo' in 'bookvia · estado de cuenta del corte\n\nemitido: 04/05/2026 05:39\n\nversión: v1-2026-02\n\nfolio: e77e2cdc-8358-47d8-93fc-c68acabe58a2\n\n$92.00\nmxn\n\n$0.00\n\n$0.00\n\n$0.00\n\n-$0.00\n\n$92.00 mxn\n\nbookvia✦\n\nestado de cuenta · corte mensual\n\ntest spa\n\nestado de cuenta del periodo del 1 al 20 de 2026 de mx · depósito programado el —\n\nneto a depositar en tu clabe\n\nse programa para el —\n\n1. datos del beneficiario\n\nnegocio\n\nrfc\n\nrazón social\n\nclabe destino\n\nfolio del corte\n\nestatus del pago\n\ntest spa\n\ntest123456abc\n\ntest spa sa de cv\n\n1234••••••••••5678\n\ne77e2cdc-8358-47d8-93fc-c68acabe58a2\n\ndepositado\n\n2. resumen financiero del corte\n\ntotal cobrado a clientes (bruto)\n\n— fee fijo bookvia (pagado directamente por el cliente, no sale de ti)\n\nanticipos netos recibidos por bookvia\n\n— procesamiento stripe estimado (8.5% sobre anticipo)\n\nneto a depositar en tu clabe\n\n3. transacciones incluidas (0)\n\nsin transacciones asociadas.\n\n4. información adicional\n\ncitas incluidas\n\n0\n\nperiodo de transacciones\n\ndel 1 al 20 de 2026 de mx\n\ngenerado el\n\n23/02/2026 02:33\n\nsi hubo reembolsos o disputas\n\nse reflejan reduciendo el n...a tabla de transacciones.\n\npágina 1 de 2\n\n\x0cbookvia · estado de cuenta del corte\n\n5. política y política de reembolsos\n\nel monto neto se calcula únicamente con transacciones que alcanzaron el estado cleared (liberadas del periodo de gracia de 24 horas sin disputas) al\ncierre del corte del día 20. transacciones que aún están en held o pending se incluirán en el siguiente corte. las disputas/chargebacks en stripe pueden\nretener tu dinero de 10 a 30 días; si aplica, se descontará del siguiente corte y se notificará por separado. \n\nla transferencia spei llega en 1 a 3 días hábiles posteriores al 1° del mes. si no recibes el depósito al día 3° del mes, contáctanos a \nsoporte@bookvia.app con el folio de este corte. \n\nhash sha-256 del estado de cuenta\n\n7ef9206766928daf353cdfef063f0e1ca69d2d2279d4f4e6d31385956c290fb9\n\neste hash identifica de forma única este documento. guárdalo si necesitas demostrar autenticidad. si editas el pdf, el hash ya no coincidirá. \n\ndocumento informativo. no sustituye cfdi ni constancia fiscal. bookvia no declara impuestos a tu nombre. consulta el desglose de comisiones vigente en tu\npanel o en ajustes → cobros. \n\npágina 2 de 2\n\n\x0c'
E    +  where 'bookvia · estado de cuenta del corte\n\nemitido: 04/05/2026 05:39\n\nversión: v1-2026-02\n\nfolio: e77e2cdc-8358-47d8-93fc-c68acabe58a2\n\n$92.00\nmxn\n\n$0.00\n\n$0.00\n\n$0.00\n\n-$0.00\n\n$92.00 mxn\n\nbookvia✦\n\nestado de cuenta · corte mensual\n\ntest spa\n\nestado de cuenta del periodo del 1 al 20 de 2026 de mx · depósito programado el —\n\nneto a depositar en tu clabe\n\nse programa para el —\n\n1. datos del beneficiario\n\nnegocio\n\nrfc\n\nrazón social\n\nclabe destino\n\nfolio del corte\n\nestatus del pago\n\ntest spa\n\ntest123456abc\n\ntest spa sa de cv\n\n1234••••••••••5678\n\ne77e2cdc-8358-47d8-93fc-c68acabe58a2\n\ndepositado\n\n2. resumen financiero del corte\n\ntotal cobrado a clientes (bruto)\n\n— fee fijo bookvia (pagado directamente por el cliente, no sale de ti)\n\nanticipos netos recibidos por bookvia\n\n— procesamiento stripe estimado (8.5% sobre anticipo)\n\nneto a depositar en tu clabe\n\n3. transacciones incluidas (0)\n\nsin transacciones asociadas.\n\n4. información adicional\n\ncitas incluidas\n\n0\n\nperiodo de transacciones\n\ndel 1 al 20 de 2026 de mx\n\ngenerado el\n\n23/02/2026 02:33\n\nsi hubo reembolsos o disputas\n\nse reflejan reduciendo el n...a tabla de transacciones.\n\npágina 1 de 2\n\n\x0cbookvia · estado de cuenta del corte\n\n5. política y política de reembolsos\n\nel monto neto se calcula únicamente con transacciones que alcanzaron el estado cleared (liberadas del periodo de gracia de 24 horas sin disputas) al\ncierre del corte del día 20. transacciones que aún están en held o pending se incluirán en el siguiente corte. las disputas/chargebacks en stripe pueden\nretener tu dinero de 10 a 30 días; si aplica, se descontará del siguiente corte y se notificará por separado. \n\nla transferencia spei llega en 1 a 3 días hábiles posteriores al 1° del mes. si no recibes el depósito al día 3° del mes, contáctanos a \nsoporte@bookvia.app con el folio de este corte. \n\nhash sha-256 del estado de cuenta\n\n7ef9206766928daf353cdfef063f0e1ca69d2d2279d4f4e6d31385956c290fb9\n\neste hash identifica de forma única este documento. guárdalo si necesitas demostrar autenticidad. si editas el pdf, el hash ya no coincidirá. \n\ndocumento informativo. no sustituye cfdi ni constancia fiscal. bookvia no declara impuestos a tu nombre. consulta el desglose de comisiones vigente en tu\npanel o en ajustes → cobros. \n\npágina 2 de 2\n\n\x0c' = &lt;built-in method lower of str object at 0xaf7b65eb47b0&gt;()
E    +    where &lt;built-in method lower of str object at 0xaf7b65eb47b0&gt; = 'Bookvia · Estado de cuenta del corte\n\nEmitido: 04/05/2026 05:39\n\nVersión: v1-2026-02\n\nFolio: e77e2cdc-8358-47d8-93fc-c68acabe58a2\n\n$92.00\nMXN\n\n$0.00\n\n$0.00\n\n$0.00\n\n-$0.00\n\n$92.00 MXN\n\nbookvia✦\n\nEstado de cuenta · Corte mensual\n\nTest Spa\n\nEstado de cuenta del periodo del 1 al 20 de 2026 de MX · Depósito programado el —\n\nNETO A DEPOSITAR EN TU CLABE\n\nSe programa para el —\n\n1. DATOS DEL BENEFICIARIO\n\nNEGOCIO\n\nRFC\n\nRAZÓN SOCIAL\n\nCLABE DESTINO\n\nFOLIO DEL CORTE\n\nESTATUS DEL PAGO\n\nTest Spa\n\nTEST123456ABC\n\nTest Spa SA de CV\n\n1234••••••••••5678\n\ne77e2cdc-8358-47d8-93fc-c68acabe58a2\n\nDepositado\n\n2. RESUMEN FINANCIERO DEL CORTE\n\nTotal cobrado a clientes (bruto)\n\n— Fee fijo Bookvia (pagado directamente por el cliente, no sale de ti)\n\nAnticipos netos recibidos por Bookvia\n\n— Procesamiento Stripe estimado (8.5% sobre anticipo)\n\nNeto a depositar en tu CLABE\n\n3. TRANSACCIONES INCLUIDAS (0)\n\nSin transacciones asociadas.\n\n4. INFORMACIÓN ADICIONAL\n\nCITAS INCLUIDAS\n\n0\n\nPERIODO DE TRANSACCIONES\n\ndel 1 al 20 de 2026 de MX\n\nGENERADO EL\n\n23/02/2026 02:33\n\nSI HUBO REEMBOLSOS O DISPUTAS\n\nSe reflejan reduciendo el n...a tabla de transacciones.\n\nPágina 1 de 2\n\n\x0cBookvia · Estado de cuenta del corte\n\n5. POLÍTICA Y POLÍTICA DE REEMBOLSOS\n\nEl monto neto se calcula únicamente con transacciones que alcanzaron el estado CLEARED (liberadas del periodo de gracia de 24 horas sin disputas) al\ncierre del corte del día 20. Transacciones que aún están en HELD o PENDING se incluirán en el siguiente corte. Las disputas/chargebacks en Stripe pueden\nretener tu dinero de 10 a 30 días; si aplica, se descontará del siguiente corte y se notificará por separado. \n\nLa transferencia SPEI llega en 1 a 3 días hábiles posteriores al 1° del mes. Si no recibes el depósito al día 3° del mes, contáctanos a \nsoporte@bookvia.app con el folio de este corte. \n\nHASH SHA-256 DEL ESTADO DE CUENTA\n\n7ef9206766928daf353cdfef063f0e1ca69d2d2279d4f4e6d31385956c290fb9\n\nEste hash identifica de forma única este documento. Guárdalo si necesitas demostrar autenticidad. Si editas el PDF, el hash ya no coincidirá. \n\nDocumento informativo. No sustituye CFDI ni constancia fiscal. Bookvia no declara impuestos a tu nombre. Consulta el desglose de comisiones vigente en tu\npanel o en Ajustes → Cobros. \n\nPágina 2 de 2\n\n\x0c'.lower</failure></testcase><testcase classname="tests.test_phase21_payout_statement.TestBackwardCompat" name="test_legal_file_phase20_still_works" time="0.315" /></testsuite></testsuites>