<?xml version="1.0" encoding="utf-8"?><testsuites name="pytest tests"><testsuite name="pytest" errors="0" failures="0" skipped="0" tests="10" time="3.596" timestamp="2026-04-06T20:15:47.615230+00:00" hostname="agent-env-cf63a5d2-f5af-4c12-9a56-f2ffdb7a24b1"><testcase classname="tests.test_notifications_emails.TestNotificationAPIs" name="test_01_get_unread_count" time="0.465" /><testcase classname="tests.test_notifications_emails.TestNotificationAPIs" name="test_02_get_notifications_list" time="0.431" /><testcase classname="tests.test_notifications_emails.TestNotificationAPIs" name="test_03_get_unread_only_notifications" time="0.461" /><testcase classname="tests.test_notifications_emails.TestNotificationAPIs" name="test_04_mark_single_notification_read" time="0.521" /><testcase classname="tests.test_notifications_emails.TestNotificationAPIs" name="test_05_mark_all_notifications_read" time="0.464" /><testcase classname="tests.test_notifications_emails.TestEmailStorageInDevelopment" name="test_06_check_sent_emails_collection" time="0.419" /><testcase classname="tests.test_notifications_emails.TestNotificationCreationFlow" name="test_07_notification_types_exist" time="0.411" /><testcase classname="tests.test_notifications_emails.TestAPIAuthentication" name="test_08_unread_count_requires_auth" time="0.120" /><testcase classname="tests.test_notifications_emails.TestAPIAuthentication" name="test_09_notifications_list_requires_auth" time="0.117" /><testcase classname="tests.test_notifications_emails.TestAPIAuthentication" name="test_10_mark_read_requires_auth" time="0.124" /></testsuite></testsuites>