<?xml version="1.0" encoding="utf-8"?><testsuites name="pytest tests"><testsuite name="pytest" errors="0" failures="0" skipped="0" tests="30" time="4.866" timestamp="2026-03-19T18:02:55.817925+00:00" hostname="agent-env-78b41276-1ff2-4bdd-8782-04f779407c30"><testcase classname="tests.test_blacklist_stats_detail.TestBlacklistCRUD" name="test_01_get_blacklist_empty_or_existing" time="0.492" /><testcase classname="tests.test_blacklist_stats_detail.TestBlacklistCRUD" name="test_02_add_to_blacklist_by_email" time="0.143" /><testcase classname="tests.test_blacklist_stats_detail.TestBlacklistCRUD" name="test_03_add_duplicate_blacklist_entry" time="0.123" /><testcase classname="tests.test_blacklist_stats_detail.TestBlacklistCRUD" name="test_04_add_blacklist_requires_identifier" time="0.116" /><testcase classname="tests.test_blacklist_stats_detail.TestBlacklistCRUD" name="test_05_add_blacklist_by_user_id" time="0.117" /><testcase classname="tests.test_blacklist_stats_detail.TestBlacklistCRUD" name="test_06_get_blacklist_after_additions" time="0.109" /><testcase classname="tests.test_blacklist_stats_detail.TestBlacklistCRUD" name="test_07_remove_from_blacklist" time="0.131" /><testcase classname="tests.test_blacklist_stats_detail.TestBlacklistCRUD" name="test_08_remove_nonexistent_entry" time="0.122" /><testcase classname="tests.test_blacklist_stats_detail.TestBlacklistCRUD" name="test_99_cleanup_blacklist" time="0.138" /><testcase classname="tests.test_blacklist_stats_detail.TestBlacklistEnforcement" name="test_01_setup_blacklist_for_user" time="0.222" /><testcase classname="tests.test_blacklist_stats_detail.TestBlacklistEnforcement" name="test_02_blacklisted_user_cannot_see_business_in_search" time="0.442" /><testcase classname="tests.test_blacklist_stats_detail.TestBlacklistEnforcement" name="test_03_blacklisted_user_cannot_see_featured" time="0.119" /><testcase classname="tests.test_blacklist_stats_detail.TestBlacklistEnforcement" name="test_04_blacklisted_user_gets_404_on_business_profile" time="0.221" /><testcase classname="tests.test_blacklist_stats_detail.TestBlacklistEnforcement" name="test_05_blacklisted_user_gets_404_on_business_by_id" time="0.120" /><testcase classname="tests.test_blacklist_stats_detail.TestBlacklistEnforcement" name="test_06_blacklisted_user_cannot_create_booking" time="0.276" /><testcase classname="tests.test_blacklist_stats_detail.TestBlacklistEnforcement" name="test_99_cleanup_remove_from_blacklist" time="0.109" /><testcase classname="tests.test_blacklist_stats_detail.TestStatsDetail" name="test_01_stats_detail_today" time="0.118" /><testcase classname="tests.test_blacklist_stats_detail.TestStatsDetail" name="test_02_stats_detail_pending" time="0.123" /><testcase classname="tests.test_blacklist_stats_detail.TestStatsDetail" name="test_03_stats_detail_revenue" time="0.115" /><testcase classname="tests.test_blacklist_stats_detail.TestStatsDetail" name="test_04_stats_detail_total" time="0.109" /><testcase classname="tests.test_blacklist_stats_detail.TestStatsDetail" name="test_05_stats_detail_with_date_range" time="0.125" /><testcase classname="tests.test_blacklist_stats_detail.TestStatsDetail" name="test_06_stats_detail_revenue_with_dates" time="0.114" /><testcase classname="tests.test_blacklist_stats_detail.TestStatsDetail" name="test_07_stats_detail_invalid_type" time="0.126" /><testcase classname="tests.test_blacklist_stats_detail.TestStatsDetail" name="test_08_stats_detail_requires_business_auth" time="0.120" /><testcase classname="tests.test_blacklist_stats_detail.TestDashboardTotalAppointments" name="test_dashboard_has_total_appointments" time="0.156" /><testcase classname="tests.test_blacklist_stats_detail.TestStripeDepositCheckout" name="test_01_deposit_checkout_without_booking_fails" time="0.116" /><testcase classname="tests.test_blacklist_stats_detail.TestStripeDepositCheckout" name="test_02_deposit_checkout_invalid_booking" time="0.118" /><testcase classname="tests.test_blacklist_stats_detail.TestStripeDepositCheckout" name="test_03_deposit_checkout_requires_auth" time="0.142" /><testcase classname="tests.test_blacklist_stats_detail.TestBusinessSettingsAccess" name="test_blacklist_endpoint_accessible" time="0.200" /><testcase classname="tests.test_blacklist_stats_detail.TestBusinessSettingsAccess" name="test_blacklist_requires_business_auth" time="0.107" /></testsuite></testsuites>