<?xml version="1.0" encoding="utf-8"?><testsuites name="pytest tests"><testsuite name="pytest" errors="0" failures="0" skipped="0" tests="12" time="1.353" timestamp="2026-05-04T01:50:34.446011+00:00" hostname="agent-env-cf63a5d2-f5af-4c12-9a56-f2ffdb7a24b1"><testcase classname="tests.test_phase17_review_moderation.TestReportReview" name="test_anonymous_rejected" time="0.999" /><testcase classname="tests.test_phase17_review_moderation.TestReportReview" name="test_invalid_reason" time="0.230" /><testcase classname="tests.test_phase17_review_moderation.TestReportReview" name="test_missing_review_returns_404" time="0.003" /><testcase classname="tests.test_phase17_review_moderation.TestReportReview" name="test_create_report_then_dedup_increments_once" time="0.007" /><testcase classname="tests.test_phase17_review_moderation.TestAdminQueue" name="test_non_admin_rejected" time="0.003" /><testcase classname="tests.test_phase17_review_moderation.TestAdminQueue" name="test_anonymous_rejected" time="0.002" /><testcase classname="tests.test_phase17_review_moderation.TestAdminQueue" name="test_admin_lists_pending" time="0.008" /><testcase classname="tests.test_phase17_review_moderation.TestAdminResolve" name="test_invalid_action" time="0.002" /><testcase classname="tests.test_phase17_review_moderation.TestAdminResolve" name="test_non_admin_rejected" time="0.002" /><testcase classname="tests.test_phase17_review_moderation.TestAdminResolve" name="test_missing_review" time="0.003" /><testcase classname="tests.test_phase17_review_moderation.TestAdminResolve" name="test_dismiss_keeps_review_visible" time="0.010" /><testcase classname="tests.test_phase17_review_moderation.TestAdminResolve" name="test_remove_hides_review_and_recomputes" time="0.018" /></testsuite></testsuites>