<?xml version="1.0" encoding="utf-8"?><testsuites name="pytest tests"><testsuite name="pytest" errors="0" failures="0" skipped="0" tests="32" time="4.534" timestamp="2026-03-31T23:58:56.975877+00:00" hostname="agent-env-cf63a5d2-f5af-4c12-9a56-f2ffdb7a24b1"><testcase classname="tests.test_city_selector.TestCitiesAPI" name="test_cities_mx_returns_20_cities" time="0.165" /><testcase classname="tests.test_city_selector.TestCitiesAPI" name="test_cities_co_returns_10_cities" time="0.141" /><testcase classname="tests.test_city_selector.TestCitiesAPI" name="test_cities_es_returns_8_cities" time="0.120" /><testcase classname="tests.test_city_selector.TestCitiesAPI" name="test_cities_us_returns_10_cities" time="0.110" /><testcase classname="tests.test_city_selector.TestCitiesAPI" name="test_cities_case_insensitive" time="0.221" /><testcase classname="tests.test_city_selector.TestCitiesAPI" name="test_cities_structure" time="0.103" /><testcase classname="tests.test_city_selector.TestCitiesAPI" name="test_cities_default_country_mx" time="0.114" /><testcase classname="tests.test_city_selector.TestUserRegistrationWithCity" name="test_register_accepts_city_field" time="0.322" /><testcase classname="tests.test_city_selector.TestUserRegistrationWithCity" name="test_register_accepts_custom_city" time="0.337" /><testcase classname="tests.test_city_selector.TestSeedIdempotency" name="test_seed_idempotent" time="0.317" /><testcase classname="tests.test_city_selector.TestAllCountryCities" name="test_country_cities_count[MX-20]" time="0.134" /><testcase classname="tests.test_city_selector.TestAllCountryCities" name="test_country_cities_count[US-10]" time="0.127" /><testcase classname="tests.test_city_selector.TestAllCountryCities" name="test_country_cities_count[CO-10]" time="0.100" /><testcase classname="tests.test_city_selector.TestAllCountryCities" name="test_country_cities_count[AR-8]" time="0.127" /><testcase classname="tests.test_city_selector.TestAllCountryCities" name="test_country_cities_count[CL-6]" time="0.111" /><testcase classname="tests.test_city_selector.TestAllCountryCities" name="test_country_cities_count[PE-6]" time="0.108" /><testcase classname="tests.test_city_selector.TestAllCountryCities" name="test_country_cities_count[EC-5]" time="0.104" /><testcase classname="tests.test_city_selector.TestAllCountryCities" name="test_country_cities_count[ES-8]" time="0.099" /><testcase classname="tests.test_city_selector.TestAllCountryCities" name="test_country_cities_count[GT-4]" time="0.100" /><testcase classname="tests.test_city_selector.TestAllCountryCities" name="test_country_cities_count[SV-3]" time="0.104" /><testcase classname="tests.test_city_selector.TestAllCountryCities" name="test_country_cities_count[HN-3]" time="0.119" /><testcase classname="tests.test_city_selector.TestAllCountryCities" name="test_country_cities_count[CR-4]" time="0.113" /><testcase classname="tests.test_city_selector.TestAllCountryCities" name="test_country_cities_count[PA-3]" time="0.123" /><testcase classname="tests.test_city_selector.TestAllCountryCities" name="test_country_cities_count[VE-5]" time="0.103" /><testcase classname="tests.test_city_selector.TestAllCountryCities" name="test_country_cities_count[BR-8]" time="0.144" /><testcase classname="tests.test_city_selector.TestAllCountryCities" name="test_country_cities_count[DO-3]" time="0.120" /><testcase classname="tests.test_city_selector.TestAllCountryCities" name="test_country_cities_count[CU-2]" time="0.095" /><testcase classname="tests.test_city_selector.TestAllCountryCities" name="test_country_cities_count[PY-2]" time="0.111" /><testcase classname="tests.test_city_selector.TestAllCountryCities" name="test_country_cities_count[UY-2]" time="0.100" /><testcase classname="tests.test_city_selector.TestAllCountryCities" name="test_country_cities_count[BO-3]" time="0.119" /><testcase classname="tests.test_city_selector.TestAllCountryCities" name="test_country_cities_count[NI-2]" time="0.126" /><testcase classname="tests.test_city_selector.TestAllCountryCities" name="test_country_cities_count[CA-5]" time="0.128" /></testsuite></testsuites>