<?xml version="1.0" encoding="utf-8"?><testsuites name="pytest tests"><testsuite name="pytest" errors="0" failures="0" skipped="1" tests="11" time="1.456" timestamp="2026-04-26T23:24:40.453625+00:00" hostname="agent-env-cf63a5d2-f5af-4c12-9a56-f2ffdb7a24b1"><testcase classname="tests.test_public_code.TestBackfill" name="test_every_business_has_public_code" time="0.139" /><testcase classname="tests.test_public_code.TestBackfill" name="test_codes_are_unique" time="0.000" /><testcase classname="tests.test_public_code.TestByCodeLookup" name="test_lookup_known_code" time="0.049" /><testcase classname="tests.test_public_code.TestByCodeLookup" name="test_lookup_case_insensitive" time="0.060" /><testcase classname="tests.test_public_code.TestByCodeLookup" name="test_lookup_invalid_format_400" time="0.048" /><testcase classname="tests.test_public_code.TestByCodeLookup" name="test_lookup_invalid_prefix_400" time="0.045" /><testcase classname="tests.test_public_code.TestByCodeLookup" name="test_lookup_valid_format_not_found_404" time="0.050" /><testcase classname="tests.test_public_code.TestPrivateInfo" name="test_private_info_includes_public_code" time="0.332" /><testcase classname="tests.test_public_code.TestPrivateInfo" name="test_private_code_matches_public_listing" time="0.095" /><testcase classname="tests.test_public_code.TestNewRegistration" name="test_new_business_has_public_code" time="0.575" /><testcase classname="tests.test_public_code.TestAdminSearch" name="test_admin_search_by_code" time="0.000"><skipped type="pytest.skip" message="Admin requires TOTP; covered separately if creds available">/app/backend/tests/test_public_code.py:167: Admin requires TOTP; covered separately if creds available</skipped></testcase></testsuite></testsuites>