<?xml version="1.0" encoding="utf-8"?><testsuites name="pytest tests"><testsuite name="pytest" errors="0" failures="0" skipped="0" tests="12" time="2.137" timestamp="2026-03-12T21:19:10.340419+00:00" hostname="agent-env-ffc03e32-1def-46cd-8696-4ef782f48949"><testcase classname="tests.test_photo_endpoints.TestPhotoEndpoints" name="test_upload_photo_requires_auth" time="0.201" /><testcase classname="tests.test_photo_endpoints.TestPhotoEndpoints" name="test_list_photos_requires_auth" time="0.134" /><testcase classname="tests.test_photo_endpoints.TestPhotoEndpoints" name="test_delete_photo_requires_auth" time="0.174" /><testcase classname="tests.test_photo_endpoints.TestPhotoEndpoints" name="test_serve_file_returns_404_for_nonexistent" time="0.110" /><testcase classname="tests.test_photo_endpoints.TestBusinessDashboardEndpoint" name="test_business_dashboard_requires_auth" time="0.199" /><testcase classname="tests.test_photo_endpoints.TestUserEndpoints" name="test_user_me_requires_auth" time="0.110" /><testcase classname="tests.test_photo_endpoints.TestUserEndpoints" name="test_user_favorites_requires_auth" time="0.179" /><testcase classname="tests.test_photo_endpoints.TestUserEndpoints" name="test_user_bookings_requires_auth" time="0.198" /><testcase classname="tests.test_photo_endpoints.TestPublicEndpoints" name="test_health_check" time="0.162" /><testcase classname="tests.test_photo_endpoints.TestPublicEndpoints" name="test_business_by_slug" time="0.121" /><testcase classname="tests.test_photo_endpoints.TestPublicEndpoints" name="test_categories" time="0.364" /><testcase classname="tests.test_photo_endpoints.TestPublicEndpoints" name="test_featured_businesses" time="0.123" /></testsuite></testsuites>