<?xml version="1.0" encoding="utf-8"?><testsuites name="pytest tests"><testsuite name="pytest" errors="0" failures="0" skipped="0" tests="6" time="5.105" timestamp="2026-03-16T03:11:42.781223+00:00" hostname="agent-env-8dc70759-5396-4744-a91b-6eb0a2f6e2cc"><testcase classname="tests.test_subscription_flow.TestHealthAndConfig" name="test_health_check" time="0.175" /><testcase classname="tests.test_subscription_flow.TestHealthAndConfig" name="test_stripe_config_is_test_mode" time="0.127" /><testcase classname="tests.test_subscription_flow.TestBusinessRegistrationAndSubscription" name="test_full_subscription_flow" time="2.186" /><testcase classname="tests.test_subscription_flow.TestBusinessRegistrationAndSubscription" name="test_subscribe_returns_401_without_auth" time="0.143" /><testcase classname="tests.test_subscription_flow.TestBusinessRegistrationAndSubscription" name="test_subscription_status_returns_401_without_auth" time="0.162" /><testcase classname="tests.test_subscription_flow.TestDuplicateSubscription" name="test_cannot_create_duplicate_checkout_sessions" time="2.259" /></testsuite></testsuites>