<?xml version="1.0" encoding="utf-8"?><testsuites name="pytest tests"><testsuite name="pytest" errors="0" failures="0" skipped="0" tests="5" time="2.319" timestamp="2026-04-08T21:22:02.585681+00:00" hostname="agent-env-cf63a5d2-f5af-4c12-9a56-f2ffdb7a24b1"><testcase classname="tests.test_location_search.TestBusinessRegistrationWithLocation" name="test_business_register_with_lat_lng" time="0.686" /><testcase classname="tests.test_location_search.TestBusinessRegistrationWithLocation" name="test_business_register_without_lat_lng" time="0.668" /><testcase classname="tests.test_location_search.TestBusinessRegistrationWithLocation" name="test_business_register_with_null_lat_lng" time="0.626" /><testcase classname="tests.test_location_search.TestNominatimAPI" name="test_nominatim_search_available" time="0.084" /><testcase classname="tests.test_location_search.TestBusinessSchemaValidation" name="test_invalid_latitude_type" time="0.201" /></testsuite></testsuites>