<?xml version="1.0" encoding="utf-8"?><testsuites name="pytest tests"><testsuite name="pytest" errors="0" failures="0" skipped="0" tests="6" time="2.825" timestamp="2026-02-23T00:55:19.180348+00:00" hostname="agent-env-98b3318c-5202-4cbd-8d70-f296b7c3ffb6"><testcase classname="tests.test_business_registration.TestBusinessRegistrationEndpoint" name="test_business_register_success" time="0.835" /><testcase classname="tests.test_business_registration.TestBusinessRegistrationEndpoint" name="test_business_register_duplicate_email" time="0.604" /><testcase classname="tests.test_business_registration.TestBusinessRegistrationEndpoint" name="test_business_register_missing_required_fields" time="0.074" /><testcase classname="tests.test_business_registration.TestBusinessRegistrationEndpoint" name="test_business_register_with_deposit" time="0.516" /><testcase classname="tests.test_business_registration.TestBusinessRegistrationValidations" name="test_business_register_invalid_email" time="0.070" /><testcase classname="tests.test_business_registration.TestBusinessAfterRegistration" name="test_pending_business_visible_in_search" time="0.657" /></testsuite></testsuites>