<?xml version="1.0" encoding="utf-8"?><testsuites name="pytest tests"><testsuite name="pytest" errors="0" failures="0" skipped="0" tests="11" time="2.032" timestamp="2026-04-07T05:06:19.294754+00:00" hostname="agent-env-cf63a5d2-f5af-4c12-9a56-f2ffdb7a24b1"><testcase classname="tests.test_reports.TestReportsEndpoint" name="test_reports_requires_authentication" time="0.180" /><testcase classname="tests.test_reports.TestReportsEndpoint" name="test_reports_requires_business_auth" time="0.464" /><testcase classname="tests.test_reports.TestReportsEndpoint" name="test_reports_default_period_month" time="0.423" /><testcase classname="tests.test_reports.TestReportsEndpoint" name="test_reports_period_week" time="0.114" /><testcase classname="tests.test_reports.TestReportsEndpoint" name="test_reports_period_quarter" time="0.100" /><testcase classname="tests.test_reports.TestReportsEndpoint" name="test_reports_period_year" time="0.123" /><testcase classname="tests.test_reports.TestReportsEndpoint" name="test_reports_top_services_structure" time="0.105" /><testcase classname="tests.test_reports.TestReportsEndpoint" name="test_reports_top_clients_structure" time="0.101" /><testcase classname="tests.test_reports.TestReportsEndpoint" name="test_reports_peak_hours_structure" time="0.128" /><testcase classname="tests.test_reports.TestReportsEndpoint" name="test_reports_peak_days_structure" time="0.115" /><testcase classname="tests.test_reports.TestReportsEndpoint" name="test_reports_summary_numeric_values" time="0.105" /></testsuite></testsuites>